This file contains any messages produced by compilers while
running configure, to aid debugging if configure makes a mistake.

It was created by ethercat configure 1.5.2, which was
generated by GNU Autoconf 2.68.  Invocation command line was

  $ ./configure --with-linux-dir=/home/morris/SUDA_V3S/kernel/linux-zero-4.13.y/ --prefix=/home/morris/SUDA_V3S/rootfs/multistrap/rootfs/opt/ethercat --enable-8139too=no --host=arm-linux-gnueabihf CC=arm-linux-gnueabihf-gcc AR=arm-linux-gnueabihf-ar LD=arm-linux-gnueabihf-ld RANLIB=arm-linux-gnueabihf-ranlib AS=arm-linux-gnueabihf-as NM=arm-linux-gnueabihf-nm

## --------- ##
## Platform. ##
## --------- ##

hostname = morris
uname -m = x86_64
uname -r = 4.13.0-32-generic
uname -s = Linux
uname -v = #35~16.04.1-Ubuntu SMP Thu Jan 25 10:13:43 UTC 2018

/usr/bin/uname -p = unknown
/bin/uname -X     = unknown

/bin/arch              = unknown
/usr/bin/arch -k       = unknown
/usr/convex/getsysinfo = unknown
/usr/bin/hostinfo      = unknown
/bin/machine           = unknown
/usr/bin/oslevel       = unknown
/bin/universe          = unknown

PATH: /home/morris/bin
PATH: /home/morris/.local/bin
PATH: /usr/local/sbin
PATH: /usr/local/bin
PATH: /usr/sbin
PATH: /usr/bin
PATH: /sbin
PATH: /bin
PATH: /usr/games
PATH: /usr/local/games
PATH: /snap/bin
PATH: /home/morris/SUDA_V3S/toolchains/gcc-linaro-6.4.1-2017.11-x86_64_arm-linux-gnueabihf/bin


## ----------- ##
## Core tests. ##
## ----------- ##

configure:2390: checking for a BSD-compatible install
configure:2458: result: /usr/bin/install -c
configure:2469: checking whether build environment is sane
configure:2519: result: yes
configure:2568: checking for arm-linux-gnueabihf-strip
configure:2584: found /home/morris/SUDA_V3S/toolchains/gcc-linaro-6.4.1-2017.11-x86_64_arm-linux-gnueabihf/bin/arm-linux-gnueabihf-strip
configure:2595: result: arm-linux-gnueabihf-strip
configure:2660: checking for a thread-safe mkdir -p
configure:2699: result: /bin/mkdir -p
configure:2712: checking for gawk
configure:2728: found /usr/bin/gawk
configure:2739: result: gawk
configure:2750: checking whether make sets $(MAKE)
configure:2772: result: yes
configure:2874: checking for style of include used by make
configure:2902: result: GNU
configure:2932: checking for arm-linux-gnueabihf-gcc
configure:2959: result: arm-linux-gnueabihf-gcc
configure:3228: checking for C compiler version
configure:3237: arm-linux-gnueabihf-gcc --version >&5
arm-linux-gnueabihf-gcc (Linaro GCC 6.4-2017.11) 6.4.1 20171012
Copyright (C) 2017 Free Software Foundation, Inc.
This is free software; see the source for copying conditions.  There is NO
warranty; not even for MERCHANTABILITY or FITNESS FOR A PARTICULAR PURPOSE.

configure:3248: $? = 0
configure:3237: arm-linux-gnueabihf-gcc -v >&5
Using built-in specs.
COLLECT_GCC=arm-linux-gnueabihf-gcc
COLLECT_LTO_WRAPPER=/home/morris/SUDA_V3S/toolchains/gcc-linaro-6.4.1-2017.11-x86_64_arm-linux-gnueabihf/bin/../libexec/gcc/arm-linux-gnueabihf/6.4.1/lto-wrapper
Target: arm-linux-gnueabihf
Configured with: '/home/tcwg-buildslave/workspace/tcwg-make-release/builder_arch/amd64/label/tcwg-x86_64-build/target/arm-linux-gnueabihf/snapshots/gcc.git~linaro-6.4-2017.11/configure' SHELL=/bin/bash --with-mpc=/home/tcwg-buildslave/workspace/tcwg-make-release/builder_arch/amd64/label/tcwg-x86_64-build/target/arm-linux-gnueabihf/_build/builds/destdir/x86_64-unknown-linux-gnu --with-mpfr=/home/tcwg-buildslave/workspace/tcwg-make-release/builder_arch/amd64/label/tcwg-x86_64-build/target/arm-linux-gnueabihf/_build/builds/destdir/x86_64-unknown-linux-gnu --with-gmp=/home/tcwg-buildslave/workspace/tcwg-make-release/builder_arch/amd64/label/tcwg-x86_64-build/target/arm-linux-gnueabihf/_build/builds/destdir/x86_64-unknown-linux-gnu --with-gnu-as --with-gnu-ld --disable-libmudflap --enable-lto --enable-shared --without-included-gettext --enable-nls --disable-sjlj-exceptions --enable-gnu-unique-object --enable-linker-build-id --disable-libstdcxx-pch --enable-c99 --enable-clocale=gnu --enable-libstdcxx-debug --enable-long-long --with-cloog=no --with-ppl=no --with-isl=no --disable-multilib --with-float=hard --with-fpu=vfpv3-d16 --with-mode=thumb --with-tune=cortex-a9 --with-arch=armv7-a --enable-threads=posix --enable-multiarch --enable-libstdcxx-time=yes --enable-gnu-indirect-function --with-build-sysroot=/home/tcwg-buildslave/workspace/tcwg-make-release/builder_arch/amd64/label/tcwg-x86_64-build/target/arm-linux-gnueabihf/_build/sysroots/arm-linux-gnueabihf --with-sysroot=/home/tcwg-buildslave/workspace/tcwg-make-release/builder_arch/amd64/label/tcwg-x86_64-build/target/arm-linux-gnueabihf/_build/builds/destdir/x86_64-unknown-linux-gnu/arm-linux-gnueabihf/libc --enable-checking=release --disable-bootstrap --enable-languages=c,c++,fortran,lto --build=x86_64-unknown-linux-gnu --host=x86_64-unknown-linux-gnu --target=arm-linux-gnueabihf --prefix=/home/tcwg-buildslave/workspace/tcwg-make-release/builder_arch/amd64/label/tcwg-x86_64-build/target/arm-linux-gnueabihf/_build/builds/destdir/x86_64-unknown-linux-gnu
Thread model: posix
gcc version 6.4.1 20171012 (Linaro GCC 6.4-2017.11) 
configure:3248: $? = 0
configure:3237: arm-linux-gnueabihf-gcc -V >&5
arm-linux-gnueabihf-gcc: error: unrecognized command line option '-V'
arm-linux-gnueabihf-gcc: fatal error: no input files
compilation terminated.
configure:3248: $? = 1
configure:3237: arm-linux-gnueabihf-gcc -qversion >&5
arm-linux-gnueabihf-gcc: error: unrecognized command line option '-qversion'; did you mean '--version'?
arm-linux-gnueabihf-gcc: fatal error: no input files
compilation terminated.
configure:3248: $? = 1
configure:3268: checking whether the C compiler works
configure:3290: arm-linux-gnueabihf-gcc    conftest.c  >&5
configure:3294: $? = 0
configure:3342: result: yes
configure:3345: checking for C compiler default output file name
configure:3347: result: a.out
configure:3353: checking for suffix of executables
configure:3360: arm-linux-gnueabihf-gcc -o conftest    conftest.c  >&5
configure:3364: $? = 0
configure:3386: result: 
configure:3408: checking whether we are cross compiling
configure:3416: arm-linux-gnueabihf-gcc -o conftest    conftest.c  >&5
configure:3420: $? = 0
configure:3427: ./conftest
/lib/ld-linux-armhf.so.3: No such file or directory
configure:3431: $? = 255
configure:3446: result: yes
configure:3451: checking for suffix of object files
configure:3473: arm-linux-gnueabihf-gcc -c   conftest.c >&5
configure:3477: $? = 0
configure:3498: result: o
configure:3502: checking whether we are using the GNU C compiler
configure:3521: arm-linux-gnueabihf-gcc -c   conftest.c >&5
configure:3521: $? = 0
configure:3530: result: yes
configure:3539: checking whether arm-linux-gnueabihf-gcc accepts -g
configure:3559: arm-linux-gnueabihf-gcc -c -g  conftest.c >&5
configure:3559: $? = 0
configure:3600: result: yes
configure:3617: checking for arm-linux-gnueabihf-gcc option to accept ISO C89
configure:3681: arm-linux-gnueabihf-gcc  -c -g -O2  conftest.c >&5
configure:3681: $? = 0
configure:3694: result: none needed
configure:3716: checking dependency style of arm-linux-gnueabihf-gcc
configure:3826: result: gcc3
configure:3842: checking whether arm-linux-gnueabihf-gcc and cc understand -c and -o together
configure:3873: arm-linux-gnueabihf-gcc -c conftest.c -o conftest2.o >&5
configure:3877: $? = 0
configure:3883: arm-linux-gnueabihf-gcc -c conftest.c -o conftest2.o >&5
configure:3887: $? = 0
configure:3898: cc -c conftest.c >&5
configure:3902: $? = 0
configure:3910: cc -c conftest.c -o conftest2.o >&5
configure:3914: $? = 0
configure:3920: cc -c conftest.c -o conftest2.o >&5
configure:3924: $? = 0
configure:3942: result: yes
configure:3982: checking for arm-linux-gnueabihf-g++
configure:3998: found /home/morris/SUDA_V3S/toolchains/gcc-linaro-6.4.1-2017.11-x86_64_arm-linux-gnueabihf/bin/arm-linux-gnueabihf-g++
configure:4009: result: arm-linux-gnueabihf-g++
configure:4080: checking for C++ compiler version
configure:4089: arm-linux-gnueabihf-g++ --version >&5
arm-linux-gnueabihf-g++ (Linaro GCC 6.4-2017.11) 6.4.1 20171012
Copyright (C) 2017 Free Software Foundation, Inc.
This is free software; see the source for copying conditions.  There is NO
warranty; not even for MERCHANTABILITY or FITNESS FOR A PARTICULAR PURPOSE.

configure:4100: $? = 0
configure:4089: arm-linux-gnueabihf-g++ -v >&5
Using built-in specs.
COLLECT_GCC=arm-linux-gnueabihf-g++
COLLECT_LTO_WRAPPER=/home/morris/SUDA_V3S/toolchains/gcc-linaro-6.4.1-2017.11-x86_64_arm-linux-gnueabihf/bin/../libexec/gcc/arm-linux-gnueabihf/6.4.1/lto-wrapper
Target: arm-linux-gnueabihf
Configured with: '/home/tcwg-buildslave/workspace/tcwg-make-release/builder_arch/amd64/label/tcwg-x86_64-build/target/arm-linux-gnueabihf/snapshots/gcc.git~linaro-6.4-2017.11/configure' SHELL=/bin/bash --with-mpc=/home/tcwg-buildslave/workspace/tcwg-make-release/builder_arch/amd64/label/tcwg-x86_64-build/target/arm-linux-gnueabihf/_build/builds/destdir/x86_64-unknown-linux-gnu --with-mpfr=/home/tcwg-buildslave/workspace/tcwg-make-release/builder_arch/amd64/label/tcwg-x86_64-build/target/arm-linux-gnueabihf/_build/builds/destdir/x86_64-unknown-linux-gnu --with-gmp=/home/tcwg-buildslave/workspace/tcwg-make-release/builder_arch/amd64/label/tcwg-x86_64-build/target/arm-linux-gnueabihf/_build/builds/destdir/x86_64-unknown-linux-gnu --with-gnu-as --with-gnu-ld --disable-libmudflap --enable-lto --enable-shared --without-included-gettext --enable-nls --disable-sjlj-exceptions --enable-gnu-unique-object --enable-linker-build-id --disable-libstdcxx-pch --enable-c99 --enable-clocale=gnu --enable-libstdcxx-debug --enable-long-long --with-cloog=no --with-ppl=no --with-isl=no --disable-multilib --with-float=hard --with-fpu=vfpv3-d16 --with-mode=thumb --with-tune=cortex-a9 --with-arch=armv7-a --enable-threads=posix --enable-multiarch --enable-libstdcxx-time=yes --enable-gnu-indirect-function --with-build-sysroot=/home/tcwg-buildslave/workspace/tcwg-make-release/builder_arch/amd64/label/tcwg-x86_64-build/target/arm-linux-gnueabihf/_build/sysroots/arm-linux-gnueabihf --with-sysroot=/home/tcwg-buildslave/workspace/tcwg-make-release/builder_arch/amd64/label/tcwg-x86_64-build/target/arm-linux-gnueabihf/_build/builds/destdir/x86_64-unknown-linux-gnu/arm-linux-gnueabihf/libc --enable-checking=release --disable-bootstrap --enable-languages=c,c++,fortran,lto --build=x86_64-unknown-linux-gnu --host=x86_64-unknown-linux-gnu --target=arm-linux-gnueabihf --prefix=/home/tcwg-buildslave/workspace/tcwg-make-release/builder_arch/amd64/label/tcwg-x86_64-build/target/arm-linux-gnueabihf/_build/builds/destdir/x86_64-unknown-linux-gnu
Thread model: posix
gcc version 6.4.1 20171012 (Linaro GCC 6.4-2017.11) 
configure:4100: $? = 0
configure:4089: arm-linux-gnueabihf-g++ -V >&5
arm-linux-gnueabihf-g++: error: unrecognized command line option '-V'
arm-linux-gnueabihf-g++: fatal error: no input files
compilation terminated.
configure:4100: $? = 1
configure:4089: arm-linux-gnueabihf-g++ -qversion >&5
arm-linux-gnueabihf-g++: error: unrecognized command line option '-qversion'; did you mean '--version'?
arm-linux-gnueabihf-g++: fatal error: no input files
compilation terminated.
configure:4100: $? = 1
configure:4104: checking whether we are using the GNU C++ compiler
configure:4123: arm-linux-gnueabihf-g++ -c   conftest.cpp >&5
configure:4123: $? = 0
configure:4132: result: yes
configure:4141: checking whether arm-linux-gnueabihf-g++ accepts -g
configure:4161: arm-linux-gnueabihf-g++ -c -g  conftest.cpp >&5
configure:4161: $? = 0
configure:4202: result: yes
configure:4227: checking dependency style of arm-linux-gnueabihf-g++
configure:4337: result: gcc3
configure:4381: checking build system type
configure:4395: result: x86_64-unknown-linux-gnu
configure:4415: checking host system type
configure:4428: result: arm-unknown-linux-gnueabihf
configure:4469: checking how to print strings
configure:4496: result: printf
configure:4517: checking for a sed that does not truncate output
configure:4581: result: /bin/sed
configure:4599: checking for grep that handles long lines and -e
configure:4657: result: /bin/grep
configure:4662: checking for egrep
configure:4724: result: /bin/grep -E
configure:4729: checking for fgrep
configure:4791: result: /bin/grep -F
configure:4826: checking for ld used by arm-linux-gnueabihf-gcc
configure:4893: result: arm-linux-gnueabihf-ld
configure:4900: checking if the linker (arm-linux-gnueabihf-ld) is GNU ld
configure:4915: result: yes
configure:4927: checking for BSD- or MS-compatible name lister (nm)
configure:4976: result: arm-linux-gnueabihf-nm
configure:5106: checking the name lister (arm-linux-gnueabihf-nm) interface
configure:5113: arm-linux-gnueabihf-gcc -c -g -O2  conftest.c >&5
configure:5116: arm-linux-gnueabihf-nm "conftest.o"
configure:5119: output
00000000 B some_variable
configure:5126: result: BSD nm
configure:5129: checking whether ln -s works
configure:5133: result: yes
configure:5141: checking the maximum length of command line arguments
configure:5266: result: 1572864
configure:5283: checking whether the shell understands some XSI constructs
configure:5293: result: yes
configure:5297: checking whether the shell understands "+="
configure:5303: result: yes
configure:5338: checking how to convert x86_64-unknown-linux-gnu file names to arm-unknown-linux-gnueabihf format
configure:5378: result: func_convert_file_noop
configure:5385: checking how to convert x86_64-unknown-linux-gnu file names to toolchain format
configure:5405: result: func_convert_file_noop
configure:5412: checking for arm-linux-gnueabihf-ld option to reload object files
configure:5419: result: -r
configure:5453: checking for arm-linux-gnueabihf-objdump
configure:5469: found /home/morris/SUDA_V3S/toolchains/gcc-linaro-6.4.1-2017.11-x86_64_arm-linux-gnueabihf/bin/arm-linux-gnueabihf-objdump
configure:5480: result: arm-linux-gnueabihf-objdump
configure:5552: checking how to recognize dependent libraries
configure:5754: result: pass_all
configure:5799: checking for arm-linux-gnueabihf-dlltool
configure:5829: result: no
configure:5839: checking for dlltool
configure:5869: result: no
configure:5899: checking how to associate runtime and link libraries
configure:5926: result: printf %s\n
configure:5943: checking for arm-linux-gnueabihf-ar
configure:5970: result: arm-linux-gnueabihf-ar
configure:6051: checking for archiver @FILE support
configure:6068: arm-linux-gnueabihf-gcc -c -g -O2  conftest.c >&5
configure:6068: $? = 0
configure:6071: arm-linux-gnueabihf-ar cru libconftest.a @conftest.lst >&5
configure:6074: $? = 0
configure:6079: arm-linux-gnueabihf-ar cru libconftest.a @conftest.lst >&5
arm-linux-gnueabihf-ar: conftest.o: No such file or directory
configure:6082: $? = 1
configure:6094: result: @
configure:6112: checking for arm-linux-gnueabihf-strip
configure:6139: result: arm-linux-gnueabihf-strip
configure:6211: checking for arm-linux-gnueabihf-ranlib
configure:6238: result: arm-linux-gnueabihf-ranlib
configure:6380: checking command to parse arm-linux-gnueabihf-nm output from arm-linux-gnueabihf-gcc object
configure:6499: arm-linux-gnueabihf-gcc -c -g -O2  conftest.c >&5
configure:6502: $? = 0
configure:6506: arm-linux-gnueabihf-nm conftest.o \| sed -n -e 's/^.*[ ]\([ABCDGIRSTW][ABCDGIRSTW]*\)[ ][ ]*\([_A-Za-z][_A-Za-z0-9]*\)$/\1 \2 \2/p' | sed '/ __gnu_lto/d' \> conftest.nm
configure:6509: $? = 0
configure:6575: arm-linux-gnueabihf-gcc -o conftest -g -O2   conftest.c conftstm.o >&5
configure:6578: $? = 0
configure:6616: result: ok
configure:6653: checking for sysroot
configure:6683: result: no
configure:6886: checking for arm-linux-gnueabihf-mt
configure:6916: result: no
configure:6926: checking for mt
configure:6942: found /bin/mt
configure:6953: result: mt
configure:6965: WARNING: using cross tools not prefixed with host triplet
configure:6976: checking if mt is a manifest tool
configure:6982: mt '-?'
configure:6990: result: no
configure:7622: checking how to run the C preprocessor
configure:7653: arm-linux-gnueabihf-gcc -E  conftest.c
configure:7653: $? = 0
configure:7667: arm-linux-gnueabihf-gcc -E  conftest.c
conftest.c:11:28: fatal error: ac_nonexistent.h: No such file or directory
 #include <ac_nonexistent.h>
                            ^
compilation terminated.
configure:7667: $? = 1
configure: failed program was:
| /* confdefs.h */
| #define PACKAGE_NAME "ethercat"
| #define PACKAGE_TARNAME "ethercat"
| #define PACKAGE_VERSION "1.5.2"
| #define PACKAGE_STRING "ethercat 1.5.2"
| #define PACKAGE_BUGREPORT "fp@igh-essen.com"
| #define PACKAGE_URL ""
| #define PACKAGE "ethercat"
| #define VERSION "1.5.2"
| /* end confdefs.h.  */
| #include <ac_nonexistent.h>
configure:7692: result: arm-linux-gnueabihf-gcc -E
configure:7712: arm-linux-gnueabihf-gcc -E  conftest.c
configure:7712: $? = 0
configure:7726: arm-linux-gnueabihf-gcc -E  conftest.c
conftest.c:11:28: fatal error: ac_nonexistent.h: No such file or directory
 #include <ac_nonexistent.h>
                            ^
compilation terminated.
configure:7726: $? = 1
configure: failed program was:
| /* confdefs.h */
| #define PACKAGE_NAME "ethercat"
| #define PACKAGE_TARNAME "ethercat"
| #define PACKAGE_VERSION "1.5.2"
| #define PACKAGE_STRING "ethercat 1.5.2"
| #define PACKAGE_BUGREPORT "fp@igh-essen.com"
| #define PACKAGE_URL ""
| #define PACKAGE "ethercat"
| #define VERSION "1.5.2"
| /* end confdefs.h.  */
| #include <ac_nonexistent.h>
configure:7755: checking for ANSI C header files
configure:7775: arm-linux-gnueabihf-gcc -c -g -O2  conftest.c >&5
configure:7775: $? = 0
configure:7859: result: yes
configure:7872: checking for sys/types.h
configure:7872: arm-linux-gnueabihf-gcc -c -g -O2  conftest.c >&5
configure:7872: $? = 0
configure:7872: result: yes
configure:7872: checking for sys/stat.h
configure:7872: arm-linux-gnueabihf-gcc -c -g -O2  conftest.c >&5
configure:7872: $? = 0
configure:7872: result: yes
configure:7872: checking for stdlib.h
configure:7872: arm-linux-gnueabihf-gcc -c -g -O2  conftest.c >&5
configure:7872: $? = 0
configure:7872: result: yes
configure:7872: checking for string.h
configure:7872: arm-linux-gnueabihf-gcc -c -g -O2  conftest.c >&5
configure:7872: $? = 0
configure:7872: result: yes
configure:7872: checking for memory.h
configure:7872: arm-linux-gnueabihf-gcc -c -g -O2  conftest.c >&5
configure:7872: $? = 0
configure:7872: result: yes
configure:7872: checking for strings.h
configure:7872: arm-linux-gnueabihf-gcc -c -g -O2  conftest.c >&5
configure:7872: $? = 0
configure:7872: result: yes
configure:7872: checking for inttypes.h
configure:7872: arm-linux-gnueabihf-gcc -c -g -O2  conftest.c >&5
configure:7872: $? = 0
configure:7872: result: yes
configure:7872: checking for stdint.h
configure:7872: arm-linux-gnueabihf-gcc -c -g -O2  conftest.c >&5
configure:7872: $? = 0
configure:7872: result: yes
configure:7872: checking for unistd.h
configure:7872: arm-linux-gnueabihf-gcc -c -g -O2  conftest.c >&5
configure:7872: $? = 0
configure:7872: result: yes
configure:7886: checking for dlfcn.h
configure:7886: arm-linux-gnueabihf-gcc -c -g -O2  conftest.c >&5
configure:7886: $? = 0
configure:7886: result: yes
configure:8084: checking for objdir
configure:8099: result: .libs
configure:8370: checking if arm-linux-gnueabihf-gcc supports -fno-rtti -fno-exceptions
configure:8388: arm-linux-gnueabihf-gcc -c -g -O2  -fno-rtti -fno-exceptions conftest.c >&5
cc1: warning: command line option '-fno-rtti' is valid for C++/ObjC++ but not for C
configure:8392: $? = 0
configure:8405: result: no
configure:8715: checking for arm-linux-gnueabihf-gcc option to produce PIC
configure:8722: result: -fPIC -DPIC
configure:8730: checking if arm-linux-gnueabihf-gcc PIC flag -fPIC -DPIC works
configure:8748: arm-linux-gnueabihf-gcc -c -g -O2  -fPIC -DPIC -DPIC conftest.c >&5
configure:8752: $? = 0
configure:8765: result: yes
configure:8794: checking if arm-linux-gnueabihf-gcc static flag -static works
configure:8822: result: yes
configure:8837: checking if arm-linux-gnueabihf-gcc supports -c -o file.o
configure:8858: arm-linux-gnueabihf-gcc -c -g -O2  -o out/conftest2.o conftest.c >&5
configure:8862: $? = 0
configure:8884: result: yes
configure:8892: checking if arm-linux-gnueabihf-gcc supports -c -o file.o
configure:8939: result: yes
configure:8972: checking whether the arm-linux-gnueabihf-gcc linker (arm-linux-gnueabihf-ld) supports shared libraries
configure:10130: result: yes
configure:10167: checking whether -lc should be explicitly linked in
configure:10175: arm-linux-gnueabihf-gcc -c -g -O2  conftest.c >&5
configure:10178: $? = 0
configure:10193: arm-linux-gnueabihf-gcc -shared  -fPIC -DPIC conftest.o  -v -Wl,-soname -Wl,conftest -o conftest 2\>\&1 \| /bin/grep  -lc  \>/dev/null 2\>\&1
configure:10196: $? = 0
configure:10210: result: no
configure:10375: checking dynamic linker characteristics
configure:10889: arm-linux-gnueabihf-gcc -o conftest -g -O2   -Wl,-rpath -Wl,/foo conftest.c  >&5
configure:10889: $? = 0
configure:11111: result: GNU/Linux ld.so
configure:11218: checking how to hardcode library paths into programs
configure:11243: result: immediate
configure:11783: checking whether stripping libraries is possible
configure:11788: result: yes
configure:11823: checking if libtool supports shared libraries
configure:11825: result: yes
configure:11828: checking whether to build shared libraries
configure:11849: result: yes
configure:11852: checking whether to build static libraries
configure:11856: result: yes
configure:11879: checking how to run the C++ preprocessor
configure:11906: arm-linux-gnueabihf-g++ -E  conftest.cpp
configure:11906: $? = 0
configure:11920: arm-linux-gnueabihf-g++ -E  conftest.cpp
conftest.cpp:23:28: fatal error: ac_nonexistent.h: No such file or directory
 #include <ac_nonexistent.h>
                            ^
compilation terminated.
configure:11920: $? = 1
configure: failed program was:
| /* confdefs.h */
| #define PACKAGE_NAME "ethercat"
| #define PACKAGE_TARNAME "ethercat"
| #define PACKAGE_VERSION "1.5.2"
| #define PACKAGE_STRING "ethercat 1.5.2"
| #define PACKAGE_BUGREPORT "fp@igh-essen.com"
| #define PACKAGE_URL ""
| #define PACKAGE "ethercat"
| #define VERSION "1.5.2"
| #define STDC_HEADERS 1
| #define HAVE_SYS_TYPES_H 1
| #define HAVE_SYS_STAT_H 1
| #define HAVE_STDLIB_H 1
| #define HAVE_STRING_H 1
| #define HAVE_MEMORY_H 1
| #define HAVE_STRINGS_H 1
| #define HAVE_INTTYPES_H 1
| #define HAVE_STDINT_H 1
| #define HAVE_UNISTD_H 1
| #define HAVE_DLFCN_H 1
| #define LT_OBJDIR ".libs/"
| /* end confdefs.h.  */
| #include <ac_nonexistent.h>
configure:11945: result: arm-linux-gnueabihf-g++ -E
configure:11965: arm-linux-gnueabihf-g++ -E  conftest.cpp
configure:11965: $? = 0
configure:11979: arm-linux-gnueabihf-g++ -E  conftest.cpp
conftest.cpp:23:28: fatal error: ac_nonexistent.h: No such file or directory
 #include <ac_nonexistent.h>
                            ^
compilation terminated.
configure:11979: $? = 1
configure: failed program was:
| /* confdefs.h */
| #define PACKAGE_NAME "ethercat"
| #define PACKAGE_TARNAME "ethercat"
| #define PACKAGE_VERSION "1.5.2"
| #define PACKAGE_STRING "ethercat 1.5.2"
| #define PACKAGE_BUGREPORT "fp@igh-essen.com"
| #define PACKAGE_URL ""
| #define PACKAGE "ethercat"
| #define VERSION "1.5.2"
| #define STDC_HEADERS 1
| #define HAVE_SYS_TYPES_H 1
| #define HAVE_SYS_STAT_H 1
| #define HAVE_STDLIB_H 1
| #define HAVE_STRING_H 1
| #define HAVE_MEMORY_H 1
| #define HAVE_STRINGS_H 1
| #define HAVE_INTTYPES_H 1
| #define HAVE_STDINT_H 1
| #define HAVE_UNISTD_H 1
| #define HAVE_DLFCN_H 1
| #define LT_OBJDIR ".libs/"
| /* end confdefs.h.  */
| #include <ac_nonexistent.h>
configure:12149: checking for ld used by arm-linux-gnueabihf-g++
configure:12216: result: arm-linux-gnueabihf-ld
configure:12223: checking if the linker (arm-linux-gnueabihf-ld) is GNU ld
configure:12238: result: yes
configure:12293: checking whether the arm-linux-gnueabihf-g++ linker (arm-linux-gnueabihf-ld) supports shared libraries
configure:13297: result: yes
configure:13332: arm-linux-gnueabihf-g++ -c -g -O2  conftest.cpp >&5
configure:13335: $? = 0
configure:13855: checking for arm-linux-gnueabihf-g++ option to produce PIC
configure:13862: result: -fPIC -DPIC
configure:13870: checking if arm-linux-gnueabihf-g++ PIC flag -fPIC -DPIC works
configure:13888: arm-linux-gnueabihf-g++ -c -g -O2  -fPIC -DPIC -DPIC conftest.cpp >&5
configure:13892: $? = 0
configure:13905: result: yes
configure:13928: checking if arm-linux-gnueabihf-g++ static flag -static works
configure:13956: result: yes
configure:13968: checking if arm-linux-gnueabihf-g++ supports -c -o file.o
configure:13989: arm-linux-gnueabihf-g++ -c -g -O2  -o out/conftest2.o conftest.cpp >&5
configure:13993: $? = 0
configure:14015: result: yes
configure:14020: checking if arm-linux-gnueabihf-g++ supports -c -o file.o
configure:14067: result: yes
configure:14097: checking whether the arm-linux-gnueabihf-g++ linker (arm-linux-gnueabihf-ld) supports shared libraries
configure:14131: result: yes
configure:14274: checking dynamic linker characteristics
configure:14944: result: GNU/Linux ld.so
configure:14997: checking how to hardcode library paths into programs
configure:15022: result: immediate
configure:15106: checking for Linux kernel sources
configure:15143: result: /home/morris/SUDA_V3S/kernel/linux-zero-4.13.y/ (Kernel 4.13)
configure:15162: checking for Linux modules installation directory
configure:15164: result: ethercat
configure:15585: checking for RTAI path
configure:15589: result: not specified.
configure:15640: checking for Xenomai path
configure:15644: result: not specified.
configure:15709: checking whether to build RTDM interface
configure:15719: result: no
configure:15738: checking whether to build the debug interface
configure:15766: result: no
configure:15785: checking whether to build the debug ring
configure:15813: result: no
configure:15821: checking whether to build with EoE support
configure:15846: result: yes
configure:15868: checking whether to use the CPU timestamp counter
configure:15896: result: no
configure:15904: checking whether to use high-resolution timers for scheduling
configure:15932: result: no
configure:15940: checking whether to read alias addresses from registers
configure:15968: result: no
configure:15976: checking whether to build the command-line tool
configure:15998: result: yes
configure:16018: checking whether to build the userspace library
configure:16040: result: yes
configure:16060: checking whether to build the tty driver
configure:16085: result: no
configure:16104: checking whether to allow identification wildcards
configure:16132: result: no
configure:16154: checking for number of Ethernet devices
configure:16164: result: 1 (Redundancy disabled)
configure:16179: checking whether to assign the SII to PDI
configure:16207: result: no
configure:16405: creating ./config.status

## ---------------------- ##
## Running config.status. ##
## ---------------------- ##

This file was extended by ethercat config.status 1.5.2, which was
generated by GNU Autoconf 2.68.  Invocation command line was

  CONFIG_FILES    = 
  CONFIG_HEADERS  = 
  CONFIG_LINKS    = 
  CONFIG_COMMANDS = 
  $ ./config.status 

on morris

config.status:1250: creating Doxyfile
config.status:1250: creating Kbuild
config.status:1250: creating Makefile
config.status:1250: creating devices/Kbuild
config.status:1250: creating devices/Makefile
config.status:1250: creating devices/e1000/Kbuild
config.status:1250: creating devices/e1000/Makefile
config.status:1250: creating devices/e1000e/Kbuild
config.status:1250: creating devices/e1000e/Makefile
config.status:1250: creating ethercat.spec
config.status:1250: creating examples/Kbuild
config.status:1250: creating examples/Makefile
config.status:1250: creating examples/dc_rtai/Kbuild
config.status:1250: creating examples/dc_rtai/Makefile
config.status:1250: creating examples/dc_user/Makefile
config.status:1250: creating examples/mini/Kbuild
config.status:1250: creating examples/mini/Makefile
config.status:1250: creating examples/rtai/Kbuild
config.status:1250: creating examples/rtai/Makefile
config.status:1250: creating examples/rtai_rtdm/Makefile
config.status:1250: creating examples/rtai_rtdm_dc/Makefile
config.status:1250: creating examples/tty/Kbuild
config.status:1250: creating examples/tty/Makefile
config.status:1250: creating examples/user/Makefile
config.status:1250: creating examples/xenomai/Makefile
config.status:1250: creating examples/xenomai_posix/Makefile
config.status:1250: creating include/Makefile
config.status:1250: creating lib/Makefile
config.status:1250: creating m4/Makefile
config.status:1250: creating master/Kbuild
config.status:1250: creating master/Makefile
config.status:1250: creating script/Makefile
config.status:1250: creating script/ethercat.service
config.status:1250: creating script/ethercatctl
config.status:1250: creating script/init.d/Makefile
config.status:1250: creating script/init.d/ethercat
config.status:1250: creating script/sysconfig/Makefile
config.status:1250: creating tool/Makefile
config.status:1250: creating tty/Kbuild
config.status:1250: creating tty/Makefile
config.status:1250: creating config.h
config.status:1479: executing depfiles commands
config.status:1479: executing libtool commands

## ---------------- ##
## Cache variables. ##
## ---------------- ##

ac_cv_build=x86_64-unknown-linux-gnu
ac_cv_c_compiler_gnu=yes
ac_cv_cxx_compiler_gnu=yes
ac_cv_env_CCC_set=
ac_cv_env_CCC_value=
ac_cv_env_CC_set=set
ac_cv_env_CC_value=arm-linux-gnueabihf-gcc
ac_cv_env_CFLAGS_set=
ac_cv_env_CFLAGS_value=
ac_cv_env_CPPFLAGS_set=
ac_cv_env_CPPFLAGS_value=
ac_cv_env_CPP_set=
ac_cv_env_CPP_value=
ac_cv_env_CXXCPP_set=
ac_cv_env_CXXCPP_value=
ac_cv_env_CXXFLAGS_set=
ac_cv_env_CXXFLAGS_value=
ac_cv_env_CXX_set=
ac_cv_env_CXX_value=
ac_cv_env_LDFLAGS_set=
ac_cv_env_LDFLAGS_value=
ac_cv_env_LIBS_set=
ac_cv_env_LIBS_value=
ac_cv_env_build_alias_set=
ac_cv_env_build_alias_value=
ac_cv_env_host_alias_set=set
ac_cv_env_host_alias_value=arm-linux-gnueabihf
ac_cv_env_target_alias_set=
ac_cv_env_target_alias_value=
ac_cv_header_dlfcn_h=yes
ac_cv_header_inttypes_h=yes
ac_cv_header_memory_h=yes
ac_cv_header_stdc=yes
ac_cv_header_stdint_h=yes
ac_cv_header_stdlib_h=yes
ac_cv_header_string_h=yes
ac_cv_header_strings_h=yes
ac_cv_header_sys_stat_h=yes
ac_cv_header_sys_types_h=yes
ac_cv_header_unistd_h=yes
ac_cv_host=arm-unknown-linux-gnueabihf
ac_cv_objext=o
ac_cv_path_EGREP='/bin/grep -E'
ac_cv_path_FGREP='/bin/grep -F'
ac_cv_path_GREP=/bin/grep
ac_cv_path_SED=/bin/sed
ac_cv_path_install='/usr/bin/install -c'
ac_cv_path_mkdir=/bin/mkdir
ac_cv_prog_AR=arm-linux-gnueabihf-ar
ac_cv_prog_AWK=gawk
ac_cv_prog_CC=arm-linux-gnueabihf-gcc
ac_cv_prog_CPP='arm-linux-gnueabihf-gcc -E'
ac_cv_prog_CXX=arm-linux-gnueabihf-g++
ac_cv_prog_CXXCPP='arm-linux-gnueabihf-g++ -E'
ac_cv_prog_OBJDUMP=arm-linux-gnueabihf-objdump
ac_cv_prog_RANLIB=arm-linux-gnueabihf-ranlib
ac_cv_prog_STRIP=arm-linux-gnueabihf-strip
ac_cv_prog_ac_ct_MANIFEST_TOOL=mt
ac_cv_prog_cc_arm_linux_gnueabihf_gcc_c_o=yes
ac_cv_prog_cc_c89=
ac_cv_prog_cc_g=yes
ac_cv_prog_cxx_g=yes
ac_cv_prog_make_make_set=yes
am_cv_CC_dependencies_compiler_type=gcc3
am_cv_CXX_dependencies_compiler_type=gcc3
lt_cv_ar_at_file=@
lt_cv_archive_cmds_need_lc=no
lt_cv_deplibs_check_method=pass_all
lt_cv_file_magic_cmd='$MAGIC_CMD'
lt_cv_file_magic_test_file=
lt_cv_ld_reload_flag=-r
lt_cv_nm_interface='BSD nm'
lt_cv_objdir=.libs
lt_cv_path_LD=arm-linux-gnueabihf-ld
lt_cv_path_LDCXX=arm-linux-gnueabihf-ld
lt_cv_path_NM=arm-linux-gnueabihf-nm
lt_cv_path_mainfest_tool=no
lt_cv_prog_compiler_c_o=yes
lt_cv_prog_compiler_c_o_CXX=yes
lt_cv_prog_compiler_pic='-fPIC -DPIC'
lt_cv_prog_compiler_pic_CXX='-fPIC -DPIC'
lt_cv_prog_compiler_pic_works=yes
lt_cv_prog_compiler_pic_works_CXX=yes
lt_cv_prog_compiler_rtti_exceptions=no
lt_cv_prog_compiler_static_works=yes
lt_cv_prog_compiler_static_works_CXX=yes
lt_cv_prog_gnu_ld=yes
lt_cv_prog_gnu_ldcxx=yes
lt_cv_sharedlib_from_linklib_cmd='printf %s\n'
lt_cv_shlibpath_overrides_runpath=no
lt_cv_sys_global_symbol_pipe='sed -n -e '\''s/^.*[	 ]\([ABCDGIRSTW][ABCDGIRSTW]*\)[	 ][	 ]*\([_A-Za-z][_A-Za-z0-9]*\)$/\1 \2 \2/p'\'' | sed '\''/ __gnu_lto/d'\'''
lt_cv_sys_global_symbol_to_c_name_address='sed -n -e '\''s/^: \([^ ]*\)[ ]*$/  {\"\1\", (void *) 0},/p'\'' -e '\''s/^[ABCDGIRSTW]* \([^ ]*\) \([^ ]*\)$/  {"\2", (void *) \&\2},/p'\'''
lt_cv_sys_global_symbol_to_c_name_address_lib_prefix='sed -n -e '\''s/^: \([^ ]*\)[ ]*$/  {\"\1\", (void *) 0},/p'\'' -e '\''s/^[ABCDGIRSTW]* \([^ ]*\) \(lib[^ ]*\)$/  {"\2", (void *) \&\2},/p'\'' -e '\''s/^[ABCDGIRSTW]* \([^ ]*\) \([^ ]*\)$/  {"lib\2", (void *) \&\2},/p'\'''
lt_cv_sys_global_symbol_to_cdecl='sed -n -e '\''s/^T .* \(.*\)$/extern int \1();/p'\'' -e '\''s/^[ABCDGIRSTW]* .* \(.*\)$/extern char \1;/p'\'''
lt_cv_sys_max_cmd_len=1572864
lt_cv_to_host_file_cmd=func_convert_file_noop
lt_cv_to_tool_file_cmd=func_convert_file_noop

## ----------------- ##
## Output variables. ##
## ----------------- ##

ACLOCAL='${SHELL} /home/morris/SUDA_V3S/3rdpart/ethercat-1.5.2/autoconf/missing --run aclocal-1.11'
AMDEPBACKSLASH='\'
AMDEP_FALSE='#'
AMDEP_TRUE=''
AMTAR='${SHELL} /home/morris/SUDA_V3S/3rdpart/ethercat-1.5.2/autoconf/missing --run tar'
AR='arm-linux-gnueabihf-ar'
AUTOCONF='${SHELL} /home/morris/SUDA_V3S/3rdpart/ethercat-1.5.2/autoconf/missing --run autoconf'
AUTOHEADER='${SHELL} /home/morris/SUDA_V3S/3rdpart/ethercat-1.5.2/autoconf/missing --run autoheader'
AUTOMAKE='${SHELL} /home/morris/SUDA_V3S/3rdpart/ethercat-1.5.2/autoconf/missing --run automake-1.11'
AWK='gawk'
BUILD_TOOL_FALSE='#'
BUILD_TOOL_TRUE=''
CC='arm-linux-gnueabihf-gcc'
CCDEPMODE='depmode=gcc3'
CFLAGS='-g -O2'
CPP='arm-linux-gnueabihf-gcc -E'
CPPFLAGS=''
CXX='arm-linux-gnueabihf-g++'
CXXCPP='arm-linux-gnueabihf-g++ -E'
CXXDEPMODE='depmode=gcc3'
CXXFLAGS='-g -O2'
CYGPATH_W='echo'
DEFS='-DHAVE_CONFIG_H'
DEPDIR='.deps'
DLLTOOL='false'
DSYMUTIL=''
DUMPBIN=''
E1000E_LAYOUT_3_4='0'
ECHO_C=''
ECHO_N='-n'
ECHO_T=''
EGREP='/bin/grep -E'
ENABLE_8139TOO='0'
ENABLE_8139TOO_FALSE=''
ENABLE_8139TOO_TRUE='#'
ENABLE_DEBUG_IF='0'
ENABLE_DEBUG_IF_FALSE=''
ENABLE_DEBUG_IF_TRUE='#'
ENABLE_E1000='0'
ENABLE_E1000E='0'
ENABLE_E1000E_FALSE=''
ENABLE_E1000E_TRUE='#'
ENABLE_E1000_FALSE=''
ENABLE_E1000_TRUE='#'
ENABLE_E100='0'
ENABLE_E100_FALSE=''
ENABLE_E100_TRUE='#'
ENABLE_EOE='1'
ENABLE_EOE_FALSE='#'
ENABLE_EOE_TRUE=''
ENABLE_GENERIC='1'
ENABLE_GENERIC_FALSE='#'
ENABLE_GENERIC_TRUE=''
ENABLE_R8169='0'
ENABLE_R8169_FALSE=''
ENABLE_R8169_TRUE='#'
ENABLE_RTAI='0'
ENABLE_RTAI_FALSE=''
ENABLE_RTAI_TRUE='#'
ENABLE_RTDM='0'
ENABLE_RTDM_FALSE=''
ENABLE_RTDM_TRUE='#'
ENABLE_TTY='0'
ENABLE_TTY_FALSE=''
ENABLE_TTY_TRUE='#'
ENABLE_USERLIB_FALSE='#'
ENABLE_USERLIB_TRUE=''
ENABLE_XENOMAI='0'
ENABLE_XENOMAI_FALSE=''
ENABLE_XENOMAI_TRUE='#'
EXEEXT=''
FGREP='/bin/grep -F'
GREP='/bin/grep'
INSTALL_DATA='${INSTALL} -m 644'
INSTALL_MOD_DIR='ethercat'
INSTALL_PROGRAM='${INSTALL}'
INSTALL_SCRIPT='${INSTALL}'
INSTALL_STRIP_PROGRAM='$(install_sh) -c -s'
KERNEL_8139TOO='4.13'
KERNEL_E1000='4.13'
KERNEL_E1000E='4.13'
KERNEL_E100='4.13'
KERNEL_R8169='4.13'
LD='arm-linux-gnueabihf-ld'
LDFLAGS=''
LIBOBJS=''
LIBS=''
LIBTOOL='$(SHELL) $(top_builddir)/libtool'
LINUX_SOURCE_DIR='/home/morris/SUDA_V3S/kernel/linux-zero-4.13.y/'
LIPO=''
LN_S='ln -s'
LTLIBOBJS=''
MAKEINFO='${SHELL} /home/morris/SUDA_V3S/3rdpart/ethercat-1.5.2/autoconf/missing --run makeinfo'
MANIFEST_TOOL=':'
MKDIR_P='/bin/mkdir -p'
NM='arm-linux-gnueabihf-nm'
NMEDIT=''
OBJDUMP='arm-linux-gnueabihf-objdump'
OBJEXT='o'
OTOOL64=''
OTOOL=''
PACKAGE='ethercat'
PACKAGE_BUGREPORT='fp@igh-essen.com'
PACKAGE_NAME='ethercat'
PACKAGE_STRING='ethercat 1.5.2'
PACKAGE_TARNAME='ethercat'
PACKAGE_URL=''
PACKAGE_VERSION='1.5.2'
PATH_SEPARATOR=':'
RANLIB='arm-linux-gnueabihf-ranlib'
RTAI_DIR=''
RTAI_LXRT_CFLAGS=''
RTAI_LXRT_LDFLAGS=''
SED='/bin/sed'
SET_MAKE=''
SHELL='/bin/bash'
STRIP='arm-linux-gnueabihf-strip'
VERSION='1.5.2'
XENOMAI_DIR=''
XENOMAI_NATIVE_CFLAGS=''
XENOMAI_NATIVE_LDFLAGS=''
XENOMAI_POSIX_CFLAGS=''
XENOMAI_POSIX_LDFLAGS=''
XENOMAI_RTDM_CFLAGS=''
XENOMAI_RTDM_LDFLAGS=''
ac_ct_AR=''
ac_ct_CC=''
ac_ct_CXX=''
ac_ct_DUMPBIN=''
am__EXEEXT_FALSE=''
am__EXEEXT_TRUE='#'
am__fastdepCC_FALSE='#'
am__fastdepCC_TRUE=''
am__fastdepCXX_FALSE='#'
am__fastdepCXX_TRUE=''
am__include='include'
am__isrc=''
am__leading_dot='.'
am__quote=''
am__tar='${AMTAR} chof - "$$tardir"'
am__untar='${AMTAR} xf -'
bindir='${exec_prefix}/bin'
build='x86_64-unknown-linux-gnu'
build_alias=''
build_cpu='x86_64'
build_os='linux-gnu'
build_vendor='unknown'
datadir='${datarootdir}'
datarootdir='${prefix}/share'
docdir='${datarootdir}/doc/${PACKAGE_TARNAME}'
dvidir='${docdir}'
exec_prefix='${prefix}'
host='arm-unknown-linux-gnueabihf'
host_alias='arm-linux-gnueabihf'
host_cpu='arm'
host_os='linux-gnueabihf'
host_vendor='unknown'
htmldir='${docdir}'
includedir='${prefix}/include'
infodir='${datarootdir}/info'
install_sh='${SHELL} /home/morris/SUDA_V3S/3rdpart/ethercat-1.5.2/autoconf/install-sh'
libdir='${exec_prefix}/lib'
libexecdir='${exec_prefix}/libexec'
localedir='${datarootdir}/locale'
localstatedir='${prefix}/var'
mandir='${datarootdir}/man'
mkdir_p='/bin/mkdir -p'
oldincludedir='/usr/include'
pdfdir='${docdir}'
prefix='/home/morris/SUDA_V3S/rootfs/multistrap/rootfs/opt/ethercat'
program_transform_name='s,x,x,'
psdir='${docdir}'
sbindir='${exec_prefix}/sbin'
sharedstatedir='${prefix}/com'
sysconfdir='${prefix}/etc'
target_alias=''

## ----------- ##
## confdefs.h. ##
## ----------- ##

/* confdefs.h */
#define PACKAGE_NAME "ethercat"
#define PACKAGE_TARNAME "ethercat"
#define PACKAGE_VERSION "1.5.2"
#define PACKAGE_STRING "ethercat 1.5.2"
#define PACKAGE_BUGREPORT "fp@igh-essen.com"
#define PACKAGE_URL ""
#define PACKAGE "ethercat"
#define VERSION "1.5.2"
#define STDC_HEADERS 1
#define HAVE_SYS_TYPES_H 1
#define HAVE_SYS_STAT_H 1
#define HAVE_STDLIB_H 1
#define HAVE_STRING_H 1
#define HAVE_MEMORY_H 1
#define HAVE_STRINGS_H 1
#define HAVE_INTTYPES_H 1
#define HAVE_STDINT_H 1
#define HAVE_UNISTD_H 1
#define HAVE_DLFCN_H 1
#define LT_OBJDIR ".libs/"
#define EC_EOE 1
#define EC_MAX_NUM_DEVICES 1

configure: exit 0
