2018-01-25 15:06:42 startup packages configure
2018-01-25 15:06:42 configure git-man:all 1:2.11.0-3+deb9u2 <none>
2018-01-25 15:06:42 status unpacked git-man:all 1:2.11.0-3+deb9u2
2018-01-25 15:06:42 status half-configured git-man:all 1:2.11.0-3+deb9u2
2018-01-25 15:06:42 status installed git-man:all 1:2.11.0-3+deb9u2
2018-01-25 15:06:42 configure mime-support:all 3.60 <none>
2018-01-25 15:06:42 status unpacked mime-support:all 3.60
2018-01-25 15:06:42 status half-configured mime-support:all 3.60
2018-01-25 15:06:43 status installed mime-support:all 3.60
2018-01-25 15:06:43 configure libldap-common:all 2.4.44+dfsg-5+deb9u1 <none>
2018-01-25 15:06:43 status unpacked libldap-common:all 2.4.44+dfsg-5+deb9u1
2018-01-25 15:06:43 status half-configured libldap-common:all 2.4.44+dfsg-5+deb9u1
2018-01-25 15:06:43 status installed libldap-common:all 2.4.44+dfsg-5+deb9u1
2018-01-25 15:06:43 configure gcc-6-base:armhf 6.3.0-18 <none>
2018-01-25 15:06:43 status unpacked gcc-6-base:armhf 6.3.0-18
2018-01-25 15:06:43 status half-configured gcc-6-base:armhf 6.3.0-18
2018-01-25 15:06:43 status installed gcc-6-base:armhf 6.3.0-18
2018-01-25 15:06:43 configure lsb-base:all 9.20161125 <none>
2018-01-25 15:06:43 status unpacked lsb-base:all 9.20161125
2018-01-25 15:06:43 status half-configured lsb-base:all 9.20161125
2018-01-25 15:06:43 status installed lsb-base:all 9.20161125
2018-01-25 15:06:43 configure sensible-utils:all 0.0.9 <none>
2018-01-25 15:06:43 status unpacked sensible-utils:all 0.0.9
2018-01-25 15:06:43 status half-configured sensible-utils:all 0.0.9
2018-01-25 15:06:43 status installed sensible-utils:all 0.0.9
2018-01-25 15:06:44 configure ncurses-base:all 6.0+20161126-1+deb9u1 <none>
2018-01-25 15:06:44 status unpacked ncurses-base:all 6.0+20161126-1+deb9u1
2018-01-25 15:06:44 status half-configured ncurses-base:all 6.0+20161126-1+deb9u1
2018-01-25 15:06:44 status installed ncurses-base:all 6.0+20161126-1+deb9u1
2018-01-25 15:06:44 configure libc-l10n:all 2.24-11+deb9u1 <none>
2018-01-25 15:06:44 status unpacked libc-l10n:all 2.24-11+deb9u1
2018-01-25 15:06:44 status half-configured libc-l10n:all 2.24-11+deb9u1
2018-01-25 15:06:44 status installed libc-l10n:all 2.24-11+deb9u1
2018-01-25 15:06:44 configure libsemanage-common:all 2.6-2 <none>
2018-01-25 15:06:44 status unpacked libsemanage-common:all 2.6-2
2018-01-25 15:06:44 status half-configured libsemanage-common:all 2.6-2
2018-01-25 15:06:44 status installed libsemanage-common:all 2.6-2
2018-01-25 15:06:44 configure vim-runtime:all 2:8.0.0197-4+deb9u1 <none>
2018-01-25 15:06:44 status unpacked vim-runtime:all 2:8.0.0197-4+deb9u1
2018-01-25 15:06:44 status half-configured vim-runtime:all 2:8.0.0197-4+deb9u1
2018-01-25 15:06:46 status installed vim-runtime:all 2:8.0.0197-4+deb9u1
2018-01-25 15:06:46 configure libaudit-common:all 1:2.6.7-2 <none>
2018-01-25 15:06:46 status unpacked libaudit-common:all 1:2.6.7-2
2018-01-25 15:06:46 status half-configured libaudit-common:all 1:2.6.7-2
2018-01-25 15:06:46 status installed libaudit-common:all 1:2.6.7-2
2018-01-25 15:06:46 configure libpython2.7-minimal:armhf 2.7.13-2+deb9u2 <none>
2018-01-25 15:06:46 status unpacked libpython2.7-minimal:armhf 2.7.13-2+deb9u2
2018-01-25 15:06:46 status half-configured libpython2.7-minimal:armhf 2.7.13-2+deb9u2
2018-01-25 15:06:46 status installed libpython2.7-minimal:armhf 2.7.13-2+deb9u2
2018-01-25 15:06:46 configure netbase:all 5.4 <none>
2018-01-25 15:06:46 status unpacked netbase:all 5.4
2018-01-25 15:06:46 status half-configured netbase:all 5.4
2018-01-25 15:06:46 status installed netbase:all 5.4
2018-01-25 15:06:46 configure libc6:armhf 2.24-11+deb9u1 <none>
2018-01-25 15:06:46 status unpacked libc6:armhf 2.24-11+deb9u1
2018-01-25 15:06:46 status half-configured libc6:armhf 2.24-11+deb9u1
2018-01-25 15:06:50 status installed libc6:armhf 2.24-11+deb9u1
2018-01-25 15:06:50 configure libbsd0:armhf 0.8.3-1 <none>
2018-01-25 15:06:50 status unpacked libbsd0:armhf 0.8.3-1
2018-01-25 15:06:50 status half-configured libbsd0:armhf 0.8.3-1
2018-01-25 15:06:50 status installed libbsd0:armhf 0.8.3-1
2018-01-25 15:06:50 configure libbz2-1.0:armhf 1.0.6-8.1 <none>
2018-01-25 15:06:50 status unpacked libbz2-1.0:armhf 1.0.6-8.1
2018-01-25 15:06:50 status half-configured libbz2-1.0:armhf 1.0.6-8.1
2018-01-25 15:06:50 status installed libbz2-1.0:armhf 1.0.6-8.1
2018-01-25 15:06:50 configure libkmod2:armhf 23-2 <none>
2018-01-25 15:06:50 status unpacked libkmod2:armhf 23-2
2018-01-25 15:06:50 status half-configured libkmod2:armhf 23-2
2018-01-25 15:06:50 status installed libkmod2:armhf 23-2
2018-01-25 15:06:50 configure libtasn1-6:armhf 4.10-1.1 <none>
2018-01-25 15:06:50 status unpacked libtasn1-6:armhf 4.10-1.1
2018-01-25 15:06:50 status half-configured libtasn1-6:armhf 4.10-1.1
2018-01-25 15:06:50 status installed libtasn1-6:armhf 4.10-1.1
2018-01-25 15:06:50 configure libgpg-error0:armhf 1.26-2 <none>
2018-01-25 15:06:50 status unpacked libgpg-error0:armhf 1.26-2
2018-01-25 15:06:50 status half-configured libgpg-error0:armhf 1.26-2
2018-01-25 15:06:50 status installed libgpg-error0:armhf 1.26-2
2018-01-25 15:06:50 configure libgmp10:armhf 2:6.1.2+dfsg-1 <none>
2018-01-25 15:06:50 status unpacked libgmp10:armhf 2:6.1.2+dfsg-1
2018-01-25 15:06:50 status half-configured libgmp10:armhf 2:6.1.2+dfsg-1
2018-01-25 15:06:50 status installed libgmp10:armhf 2:6.1.2+dfsg-1
2018-01-25 15:06:51 configure libc-bin:armhf 2.24-11+deb9u1 <none>
2018-01-25 15:06:51 status unpacked libc-bin:armhf 2.24-11+deb9u1
2018-01-25 15:06:51 status half-configured libc-bin:armhf 2.24-11+deb9u1
2018-01-25 15:06:51 status installed libc-bin:armhf 2.24-11+deb9u1
2018-01-25 15:06:51 configure libseccomp2:armhf 2.3.1-2.1 <none>
2018-01-25 15:06:51 status triggers-pending libc-bin:armhf 2.24-11+deb9u1
2018-01-25 15:06:51 status unpacked libseccomp2:armhf 2.3.1-2.1
2018-01-25 15:06:51 status half-configured libseccomp2:armhf 2.3.1-2.1
2018-01-25 15:06:51 status installed libseccomp2:armhf 2.3.1-2.1
2018-01-25 15:06:51 configure libunistring0:armhf 0.9.6+really0.9.3-0.1 <none>
2018-01-25 15:06:51 status unpacked libunistring0:armhf 0.9.6+really0.9.3-0.1
2018-01-25 15:06:51 status half-configured libunistring0:armhf 0.9.6+really0.9.3-0.1
2018-01-25 15:06:51 status installed libunistring0:armhf 0.9.6+really0.9.3-0.1
2018-01-25 15:06:51 configure libapparmor1:armhf 2.11.0-3 <none>
2018-01-25 15:06:51 status unpacked libapparmor1:armhf 2.11.0-3
2018-01-25 15:06:51 status half-configured libapparmor1:armhf 2.11.0-3
2018-01-25 15:06:51 status installed libapparmor1:armhf 2.11.0-3
2018-01-25 15:06:51 configure dc:armhf 1.06.95-9+b3 <none>
2018-01-25 15:06:51 status unpacked dc:armhf 1.06.95-9+b3
2018-01-25 15:06:51 status half-configured dc:armhf 1.06.95-9+b3
2018-01-25 15:06:51 status installed dc:armhf 1.06.95-9+b3
2018-01-25 15:06:52 configure libdebconfclient0:armhf 0.227 <none>
2018-01-25 15:06:52 status unpacked libdebconfclient0:armhf 0.227
2018-01-25 15:06:52 status half-configured libdebconfclient0:armhf 0.227
2018-01-25 15:06:52 status installed libdebconfclient0:armhf 0.227
2018-01-25 15:06:52 configure libsqlite3-0:armhf 3.16.2-5+deb9u1 <none>
2018-01-25 15:06:52 status unpacked libsqlite3-0:armhf 3.16.2-5+deb9u1
2018-01-25 15:06:52 status half-configured libsqlite3-0:armhf 3.16.2-5+deb9u1
2018-01-25 15:06:52 status installed libsqlite3-0:armhf 3.16.2-5+deb9u1
2018-01-25 15:06:52 configure diffutils:armhf 1:3.5-3 <none>
2018-01-25 15:06:52 status unpacked diffutils:armhf 1:3.5-3
2018-01-25 15:06:52 status half-configured diffutils:armhf 1:3.5-3
2018-01-25 15:06:52 status installed diffutils:armhf 1:3.5-3
2018-01-25 15:06:52 configure libcomerr2:armhf 1.43.4-2 <none>
2018-01-25 15:06:52 status unpacked libcomerr2:armhf 1.43.4-2
2018-01-25 15:06:52 status half-configured libcomerr2:armhf 1.43.4-2
2018-01-25 15:06:52 status installed libcomerr2:armhf 1.43.4-2
2018-01-25 15:06:52 configure libcap-ng0:armhf 0.7.7-3+b1 <none>
2018-01-25 15:06:52 status unpacked libcap-ng0:armhf 0.7.7-3+b1
2018-01-25 15:06:52 status half-configured libcap-ng0:armhf 0.7.7-3+b1
2018-01-25 15:06:52 status installed libcap-ng0:armhf 0.7.7-3+b1
2018-01-25 15:06:52 configure ethtool:armhf 1:4.8-1+b1 <none>
2018-01-25 15:06:52 status unpacked ethtool:armhf 1:4.8-1+b1
2018-01-25 15:06:52 status half-configured ethtool:armhf 1:4.8-1+b1
2018-01-25 15:06:52 status installed ethtool:armhf 1:4.8-1+b1
2018-01-25 15:06:52 configure libkeyutils1:armhf 1.5.9-9 <none>
2018-01-25 15:06:52 status unpacked libkeyutils1:armhf 1.5.9-9
2018-01-25 15:06:52 status half-configured libkeyutils1:armhf 1.5.9-9
2018-01-25 15:06:52 status installed libkeyutils1:armhf 1.5.9-9
2018-01-25 15:06:53 configure libmnl0:armhf 1.0.4-2 <none>
2018-01-25 15:06:53 status unpacked libmnl0:armhf 1.0.4-2
2018-01-25 15:06:53 status half-configured libmnl0:armhf 1.0.4-2
2018-01-25 15:06:53 status installed libmnl0:armhf 1.0.4-2
2018-01-25 15:06:53 configure libsepol1:armhf 2.6-2 <none>
2018-01-25 15:06:53 status unpacked libsepol1:armhf 2.6-2
2018-01-25 15:06:53 status half-configured libsepol1:armhf 2.6-2
2018-01-25 15:06:53 status installed libsepol1:armhf 2.6-2
2018-01-25 15:06:53 configure libidn11:armhf 1.33-1 <none>
2018-01-25 15:06:53 status unpacked libidn11:armhf 1.33-1
2018-01-25 15:06:53 status half-configured libidn11:armhf 1.33-1
2018-01-25 15:06:53 status installed libidn11:armhf 1.33-1
2018-01-25 15:06:53 configure libgcc1:armhf 1:6.3.0-18 <none>
2018-01-25 15:06:53 status unpacked libgcc1:armhf 1:6.3.0-18
2018-01-25 15:06:53 status half-configured libgcc1:armhf 1:6.3.0-18
2018-01-25 15:06:53 status installed libgcc1:armhf 1:6.3.0-18
2018-01-25 15:06:53 configure libustr-1.0-1:armhf 1.0.4-6 <none>
2018-01-25 15:06:53 status unpacked libustr-1.0-1:armhf 1.0.4-6
2018-01-25 15:06:53 status half-configured libustr-1.0-1:armhf 1.0.4-6
2018-01-25 15:06:53 status installed libustr-1.0-1:armhf 1.0.4-6
2018-01-25 15:06:53 configure libwrap0:armhf 7.6.q-26 <none>
2018-01-25 15:06:53 status unpacked libwrap0:armhf 7.6.q-26
2018-01-25 15:06:53 status half-configured libwrap0:armhf 7.6.q-26
2018-01-25 15:06:53 status installed libwrap0:armhf 7.6.q-26
2018-01-25 15:06:53 configure libsmartcols1:armhf 2.29.2-1 <none>
2018-01-25 15:06:53 status unpacked libsmartcols1:armhf 2.29.2-1
2018-01-25 15:06:54 status half-configured libsmartcols1:armhf 2.29.2-1
2018-01-25 15:06:54 status installed libsmartcols1:armhf 2.29.2-1
2018-01-25 15:06:54 configure libaudit1:armhf 1:2.6.7-2 <none>
2018-01-25 15:06:54 status unpacked libaudit1:armhf 1:2.6.7-2
2018-01-25 15:06:54 status half-configured libaudit1:armhf 1:2.6.7-2
2018-01-25 15:06:54 status installed libaudit1:armhf 1:2.6.7-2
2018-01-25 15:06:54 configure libtinfo5:armhf 6.0+20161126-1+deb9u1 <none>
2018-01-25 15:06:54 status unpacked libtinfo5:armhf 6.0+20161126-1+deb9u1
2018-01-25 15:06:54 status half-configured libtinfo5:armhf 6.0+20161126-1+deb9u1
2018-01-25 15:06:54 status installed libtinfo5:armhf 6.0+20161126-1+deb9u1
2018-01-25 15:06:54 configure libudev1:armhf 232-25+deb9u1 <none>
2018-01-25 15:06:54 status unpacked libudev1:armhf 232-25+deb9u1
2018-01-25 15:06:54 status half-configured libudev1:armhf 232-25+deb9u1
2018-01-25 15:06:54 status installed libudev1:armhf 232-25+deb9u1
2018-01-25 15:06:54 configure libnettle6:armhf 3.3-1+b2 <none>
2018-01-25 15:06:54 status unpacked libnettle6:armhf 3.3-1+b2
2018-01-25 15:06:54 status half-configured libnettle6:armhf 3.3-1+b2
2018-01-25 15:06:54 status installed libnettle6:armhf 3.3-1+b2
2018-01-25 15:06:54 configure libpopt0:armhf 1.16-10+b2 <none>
2018-01-25 15:06:54 status unpacked libpopt0:armhf 1.16-10+b2
2018-01-25 15:06:54 status half-configured libpopt0:armhf 1.16-10+b2
2018-01-25 15:06:54 status installed libpopt0:armhf 1.16-10+b2
2018-01-25 15:06:54 configure kmod:armhf 23-2 <none>
2018-01-25 15:06:54 status unpacked kmod:armhf 23-2
2018-01-25 15:06:54 status half-configured kmod:armhf 23-2
2018-01-25 15:06:55 status installed kmod:armhf 23-2
2018-01-25 15:06:55 configure libattr1:armhf 1:2.4.47-2+b2 <none>
2018-01-25 15:06:55 status unpacked libattr1:armhf 1:2.4.47-2+b2
2018-01-25 15:06:55 status half-configured libattr1:armhf 1:2.4.47-2+b2
2018-01-25 15:06:55 status installed libattr1:armhf 1:2.4.47-2+b2
2018-01-25 15:06:55 configure libss2:armhf 1.43.4-2 <none>
2018-01-25 15:06:55 status unpacked libss2:armhf 1.43.4-2
2018-01-25 15:06:55 status half-configured libss2:armhf 1.43.4-2
2018-01-25 15:06:55 status installed libss2:armhf 1.43.4-2
2018-01-25 15:06:55 configure libexpat1:armhf 2.2.0-2+deb9u1 <none>
2018-01-25 15:06:55 status unpacked libexpat1:armhf 2.2.0-2+deb9u1
2018-01-25 15:06:55 status half-configured libexpat1:armhf 2.2.0-2+deb9u1
2018-01-25 15:06:55 status installed libexpat1:armhf 2.2.0-2+deb9u1
2018-01-25 15:06:56 configure liblzma5:armhf 5.2.2-1.2+b1 <none>
2018-01-25 15:06:56 status unpacked liblzma5:armhf 5.2.2-1.2+b1
2018-01-25 15:06:56 status half-configured liblzma5:armhf 5.2.2-1.2+b1
2018-01-25 15:06:56 status installed liblzma5:armhf 5.2.2-1.2+b1
2018-01-25 15:06:56 configure libidn2-0:armhf 0.16-1+deb9u1 <none>
2018-01-25 15:06:56 status unpacked libidn2-0:armhf 0.16-1+deb9u1
2018-01-25 15:06:56 status half-configured libidn2-0:armhf 0.16-1+deb9u1
2018-01-25 15:06:56 status installed libidn2-0:armhf 0.16-1+deb9u1
2018-01-25 15:06:56 configure libip4tc0:armhf 1.6.0+snapshot20161117-6 <none>
2018-01-25 15:06:56 status unpacked libip4tc0:armhf 1.6.0+snapshot20161117-6
2018-01-25 15:06:56 status half-configured libip4tc0:armhf 1.6.0+snapshot20161117-6
2018-01-25 15:06:56 status installed libip4tc0:armhf 1.6.0+snapshot20161117-6
2018-01-25 15:06:56 configure base-passwd:armhf 3.5.43 <none>
2018-01-25 15:06:56 status unpacked base-passwd:armhf 3.5.43
2018-01-25 15:06:56 status half-configured base-passwd:armhf 3.5.43
2018-01-25 15:06:58 status installed base-passwd:armhf 3.5.43
2018-01-25 15:06:58 configure libisc-export160:armhf 1:9.10.3.dfsg.P4-12.3+deb9u3 <none>
2018-01-25 15:06:58 status unpacked libisc-export160:armhf 1:9.10.3.dfsg.P4-12.3+deb9u3
2018-01-25 15:06:58 status half-configured libisc-export160:armhf 1:9.10.3.dfsg.P4-12.3+deb9u3
2018-01-25 15:06:58 status installed libisc-export160:armhf 1:9.10.3.dfsg.P4-12.3+deb9u3
2018-01-25 15:06:58 configure libnghttp2-14:armhf 1.18.1-1 <none>
2018-01-25 15:06:58 status unpacked libnghttp2-14:armhf 1.18.1-1
2018-01-25 15:06:59 status half-configured libnghttp2-14:armhf 1.18.1-1
2018-01-25 15:06:59 status installed libnghttp2-14:armhf 1.18.1-1
2018-01-25 15:06:59 configure e2fslibs:armhf 1.43.4-2 <none>
2018-01-25 15:06:59 status unpacked e2fslibs:armhf 1.43.4-2
2018-01-25 15:06:59 status half-configured e2fslibs:armhf 1.43.4-2
2018-01-25 15:06:59 status installed e2fslibs:armhf 1.43.4-2
2018-01-25 15:06:59 configure liblz4-1:armhf 0.0~r131-2+b1 <none>
2018-01-25 15:06:59 status unpacked liblz4-1:armhf 0.0~r131-2+b1
2018-01-25 15:06:59 status half-configured liblz4-1:armhf 0.0~r131-2+b1
2018-01-25 15:06:59 status installed liblz4-1:armhf 0.0~r131-2+b1
2018-01-25 15:06:59 configure debianutils:armhf 4.8.1.1 <none>
2018-01-25 15:06:59 status unpacked debianutils:armhf 4.8.1.1
2018-01-25 15:06:59 status half-configured debianutils:armhf 4.8.1.1
2018-01-25 15:06:59 status installed debianutils:armhf 4.8.1.1
2018-01-25 15:06:59 configure libgcrypt20:armhf 1.7.6-2+deb9u2 <none>
2018-01-25 15:06:59 status unpacked libgcrypt20:armhf 1.7.6-2+deb9u2
2018-01-25 15:06:59 status half-configured libgcrypt20:armhf 1.7.6-2+deb9u2
2018-01-25 15:07:00 status installed libgcrypt20:armhf 1.7.6-2+deb9u2
2018-01-25 15:07:00 configure xxd:armhf 2:8.0.0197-4+deb9u1 <none>
2018-01-25 15:07:00 status unpacked xxd:armhf 2:8.0.0197-4+deb9u1
2018-01-25 15:07:00 status half-configured xxd:armhf 2:8.0.0197-4+deb9u1
2018-01-25 15:07:00 status installed xxd:armhf 2:8.0.0197-4+deb9u1
2018-01-25 15:07:00 configure libncursesw5:armhf 6.0+20161126-1+deb9u1 <none>
2018-01-25 15:07:00 status unpacked libncursesw5:armhf 6.0+20161126-1+deb9u1
2018-01-25 15:07:00 status half-configured libncursesw5:armhf 6.0+20161126-1+deb9u1
2018-01-25 15:07:00 status installed libncursesw5:armhf 6.0+20161126-1+deb9u1
2018-01-25 15:07:00 configure libgpm2:armhf 1.20.4-6.2+b1 <none>
2018-01-25 15:07:00 status unpacked libgpm2:armhf 1.20.4-6.2+b1
2018-01-25 15:07:00 status half-configured libgpm2:armhf 1.20.4-6.2+b1
2018-01-25 15:07:00 status installed libgpm2:armhf 1.20.4-6.2+b1
2018-01-25 15:07:00 configure libdb5.3:armhf 5.3.28-12+deb9u1 <none>
2018-01-25 15:07:00 status unpacked libdb5.3:armhf 5.3.28-12+deb9u1
2018-01-25 15:07:00 status half-configured libdb5.3:armhf 5.3.28-12+deb9u1
2018-01-25 15:07:00 status installed libdb5.3:armhf 5.3.28-12+deb9u1
2018-01-25 15:07:00 configure zlib1g:armhf 1:1.2.8.dfsg-5 <none>
2018-01-25 15:07:00 status unpacked zlib1g:armhf 1:1.2.8.dfsg-5
2018-01-25 15:07:00 status half-configured zlib1g:armhf 1:1.2.8.dfsg-5
2018-01-25 15:07:00 status installed zlib1g:armhf 1:1.2.8.dfsg-5
2018-01-25 15:07:00 configure libpsl5:armhf 0.17.0-3 <none>
2018-01-25 15:07:00 status unpacked libpsl5:armhf 0.17.0-3
2018-01-25 15:07:00 status half-configured libpsl5:armhf 0.17.0-3
2018-01-25 15:07:00 status installed libpsl5:armhf 0.17.0-3
2018-01-25 15:07:00 configure hostname:armhf 3.18+b1 <none>
2018-01-25 15:07:00 status unpacked hostname:armhf 3.18+b1
2018-01-25 15:07:01 status half-configured hostname:armhf 3.18+b1
2018-01-25 15:07:01 status installed hostname:armhf 3.18+b1
2018-01-25 15:07:01 configure multiarch-support:armhf 2.24-11+deb9u1 <none>
2018-01-25 15:07:01 status unpacked multiarch-support:armhf 2.24-11+deb9u1
2018-01-25 15:07:01 status half-configured multiarch-support:armhf 2.24-11+deb9u1
2018-01-25 15:07:01 status installed multiarch-support:armhf 2.24-11+deb9u1
2018-01-25 15:07:01 configure mawk:armhf 1.3.3-17+b3 <none>
2018-01-25 15:07:01 status unpacked mawk:armhf 1.3.3-17+b3
2018-01-25 15:07:01 status half-configured mawk:armhf 1.3.3-17+b3
2018-01-25 15:07:01 status installed mawk:armhf 1.3.3-17+b3
2018-01-25 15:07:01 configure libelf1:armhf 0.168-1 <none>
2018-01-25 15:07:01 status unpacked libelf1:armhf 0.168-1
2018-01-25 15:07:01 status half-configured libelf1:armhf 0.168-1
2018-01-25 15:07:01 status installed libelf1:armhf 0.168-1
2018-01-25 15:07:01 configure gpgv:armhf 2.1.18-8~deb9u1 <none>
2018-01-25 15:07:01 status unpacked gpgv:armhf 2.1.18-8~deb9u1
2018-01-25 15:07:01 status half-configured gpgv:armhf 2.1.18-8~deb9u1
2018-01-25 15:07:01 status installed gpgv:armhf 2.1.18-8~deb9u1
2018-01-25 15:07:01 configure libcap2:armhf 1:2.25-1 <none>
2018-01-25 15:07:01 status unpacked libcap2:armhf 1:2.25-1
2018-01-25 15:07:01 status half-configured libcap2:armhf 1:2.25-1
2018-01-25 15:07:01 status installed libcap2:armhf 1:2.25-1
2018-01-25 15:07:01 configure libsasl2-modules-db:armhf 2.1.27~101-g0780600+dfsg-3 <none>
2018-01-25 15:07:01 status unpacked libsasl2-modules-db:armhf 2.1.27~101-g0780600+dfsg-3
2018-01-25 15:07:01 status half-configured libsasl2-modules-db:armhf 2.1.27~101-g0780600+dfsg-3
2018-01-25 15:07:02 status installed libsasl2-modules-db:armhf 2.1.27~101-g0780600+dfsg-3
2018-01-25 15:07:02 configure dphys-swapfile:all 20100506-3 <none>
2018-01-25 15:07:02 status unpacked dphys-swapfile:all 20100506-3
2018-01-25 15:07:02 status half-configured dphys-swapfile:all 20100506-3
2018-01-25 15:07:02 status installed dphys-swapfile:all 20100506-3
2018-01-25 15:07:02 configure libsasl2-2:armhf 2.1.27~101-g0780600+dfsg-3 <none>
2018-01-25 15:07:02 status unpacked libsasl2-2:armhf 2.1.27~101-g0780600+dfsg-3
2018-01-25 15:07:02 status half-configured libsasl2-2:armhf 2.1.27~101-g0780600+dfsg-3
2018-01-25 15:07:02 status installed libsasl2-2:armhf 2.1.27~101-g0780600+dfsg-3
2018-01-25 15:07:02 configure libpcre3:armhf 2:8.39-3 <none>
2018-01-25 15:07:02 status unpacked libpcre3:armhf 2:8.39-3
2018-01-25 15:07:02 status half-configured libpcre3:armhf 2:8.39-3
2018-01-25 15:07:03 status installed libpcre3:armhf 2:8.39-3
2018-01-25 15:07:03 configure libkrb5support0:armhf 1.15-1+deb9u1 <none>
2018-01-25 15:07:03 status unpacked libkrb5support0:armhf 1.15-1+deb9u1
2018-01-25 15:07:03 status half-configured libkrb5support0:armhf 1.15-1+deb9u1
2018-01-25 15:07:03 status installed libkrb5support0:armhf 1.15-1+deb9u1
2018-01-25 15:07:03 configure libhogweed4:armhf 3.3-1+b2 <none>
2018-01-25 15:07:03 status unpacked libhogweed4:armhf 3.3-1+b2
2018-01-25 15:07:03 status half-configured libhogweed4:armhf 3.3-1+b2
2018-01-25 15:07:03 status installed libhogweed4:armhf 3.3-1+b2
2018-01-25 15:07:03 configure base-files:armhf 9.9+deb9u3 <none>
2018-01-25 15:07:03 status unpacked base-files:armhf 9.9+deb9u3
2018-01-25 15:07:03 status half-configured base-files:armhf 9.9+deb9u3
2018-01-25 15:07:05 status installed base-files:armhf 9.9+deb9u3
2018-01-25 15:07:05 configure libssh2-1:armhf 1.7.0-1 <none>
2018-01-25 15:07:05 status unpacked libssh2-1:armhf 1.7.0-1
2018-01-25 15:07:05 status half-configured libssh2-1:armhf 1.7.0-1
2018-01-25 15:07:05 status installed libssh2-1:armhf 1.7.0-1
2018-01-25 15:07:05 configure libusb-1.0-0:armhf 2:1.0.21-1 <none>
2018-01-25 15:07:05 status unpacked libusb-1.0-0:armhf 2:1.0.21-1
2018-01-25 15:07:05 status half-configured libusb-1.0-0:armhf 2:1.0.21-1
2018-01-25 15:07:05 status installed libusb-1.0-0:armhf 2:1.0.21-1
2018-01-25 15:07:05 configure debian-archive-keyring:all 2017.5 <none>
2018-01-25 15:07:05 status unpacked debian-archive-keyring:all 2017.5
2018-01-25 15:07:05 status half-configured debian-archive-keyring:all 2017.5
2018-01-25 15:07:06 status installed debian-archive-keyring:all 2017.5
2018-01-25 15:07:06 configure libselinux1:armhf 2.6-3+b3 <none>
2018-01-25 15:07:06 status unpacked libselinux1:armhf 2.6-3+b3
2018-01-25 15:07:06 status half-configured libselinux1:armhf 2.6-3+b3
2018-01-25 15:07:06 status installed libselinux1:armhf 2.6-3+b3
2018-01-25 15:07:06 configure vim-common:all 2:8.0.0197-4+deb9u1 <none>
2018-01-25 15:07:06 status unpacked vim-common:all 2:8.0.0197-4+deb9u1
2018-01-25 15:07:06 status half-configured vim-common:all 2:8.0.0197-4+deb9u1
2018-01-25 15:07:06 status installed vim-common:all 2:8.0.0197-4+deb9u1
2018-01-25 15:07:07 configure libstdc++6:armhf 6.3.0-18 <none>
2018-01-25 15:07:07 status unpacked libstdc++6:armhf 6.3.0-18
2018-01-25 15:07:07 status half-configured libstdc++6:armhf 6.3.0-18
2018-01-25 15:07:07 status installed libstdc++6:armhf 6.3.0-18
2018-01-25 15:07:07 configure libffi6:armhf 3.2.1-6 <none>
2018-01-25 15:07:07 status unpacked libffi6:armhf 3.2.1-6
2018-01-25 15:07:07 status half-configured libffi6:armhf 3.2.1-6
2018-01-25 15:07:07 status installed libffi6:armhf 3.2.1-6
2018-01-25 15:07:07 configure findutils:armhf 4.6.0+git+20161106-2 <none>
2018-01-25 15:07:07 status unpacked findutils:armhf 4.6.0+git+20161106-2
2018-01-25 15:07:07 status half-configured findutils:armhf 4.6.0+git+20161106-2
2018-01-25 15:07:07 status installed findutils:armhf 4.6.0+git+20161106-2
2018-01-25 15:07:07 configure net-tools:armhf 1.60+git20161116.90da8a0-1 <none>
2018-01-25 15:07:07 status unpacked net-tools:armhf 1.60+git20161116.90da8a0-1
2018-01-25 15:07:07 status half-configured net-tools:armhf 1.60+git20161116.90da8a0-1
2018-01-25 15:07:07 status installed net-tools:armhf 1.60+git20161116.90da8a0-1
2018-01-25 15:07:07 configure libacl1:armhf 2.2.52-3+b1 <none>
2018-01-25 15:07:07 status unpacked libacl1:armhf 2.2.52-3+b1
2018-01-25 15:07:07 status half-configured libacl1:armhf 2.2.52-3+b1
2018-01-25 15:07:07 status installed libacl1:armhf 2.2.52-3+b1
2018-01-25 15:07:07 configure ncurses-bin:armhf 6.0+20161126-1+deb9u1 <none>
2018-01-25 15:07:07 status unpacked ncurses-bin:armhf 6.0+20161126-1+deb9u1
2018-01-25 15:07:08 status half-configured ncurses-bin:armhf 6.0+20161126-1+deb9u1
2018-01-25 15:07:08 status installed ncurses-bin:armhf 6.0+20161126-1+deb9u1
2018-01-25 15:07:08 configure python2.7-minimal:armhf 2.7.13-2+deb9u2 <none>
2018-01-25 15:07:08 status unpacked python2.7-minimal:armhf 2.7.13-2+deb9u2
2018-01-25 15:07:08 status half-configured python2.7-minimal:armhf 2.7.13-2+deb9u2
2018-01-25 15:07:17 status installed python2.7-minimal:armhf 2.7.13-2+deb9u2
2018-01-25 15:07:17 configure sed:armhf 4.4-1 <none>
2018-01-25 15:07:17 status unpacked sed:armhf 4.4-1
2018-01-25 15:07:17 status half-configured sed:armhf 4.4-1
2018-01-25 15:07:17 status installed sed:armhf 4.4-1
2018-01-25 15:07:17 configure iputils-ping:armhf 3:20161105-1 <none>
2018-01-25 15:07:17 status unpacked iputils-ping:armhf 3:20161105-1
2018-01-25 15:07:17 status half-configured iputils-ping:armhf 3:20161105-1
2018-01-25 15:07:17 status installed iputils-ping:armhf 3:20161105-1
2018-01-25 15:07:17 configure libncurses5:armhf 6.0+20161126-1+deb9u1 <none>
2018-01-25 15:07:17 status unpacked libncurses5:armhf 6.0+20161126-1+deb9u1
2018-01-25 15:07:17 status half-configured libncurses5:armhf 6.0+20161126-1+deb9u1
2018-01-25 15:07:17 status installed libncurses5:armhf 6.0+20161126-1+deb9u1
2018-01-25 15:07:18 configure libapt-pkg5.0:armhf 1.4.8 <none>
2018-01-25 15:07:18 status unpacked libapt-pkg5.0:armhf 1.4.8
2018-01-25 15:07:18 status half-configured libapt-pkg5.0:armhf 1.4.8
2018-01-25 15:07:18 status installed libapt-pkg5.0:armhf 1.4.8
2018-01-25 15:07:18 configure libapt-inst2.0:armhf 1.4.8 <none>
2018-01-25 15:07:18 status unpacked libapt-inst2.0:armhf 1.4.8
2018-01-25 15:07:18 status half-configured libapt-inst2.0:armhf 1.4.8
2018-01-25 15:07:18 status installed libapt-inst2.0:armhf 1.4.8
2018-01-25 15:07:18 configure libk5crypto3:armhf 1.15-1+deb9u1 <none>
2018-01-25 15:07:18 status unpacked libk5crypto3:armhf 1.15-1+deb9u1
2018-01-25 15:07:18 status half-configured libk5crypto3:armhf 1.15-1+deb9u1
2018-01-25 15:07:18 status installed libk5crypto3:armhf 1.15-1+deb9u1
2018-01-25 15:07:18 configure less:armhf 481-2.1 <none>
2018-01-25 15:07:18 status unpacked less:armhf 481-2.1
2018-01-25 15:07:18 status half-configured less:armhf 481-2.1
2018-01-25 15:07:20 status installed less:armhf 481-2.1
2018-01-25 15:07:20 configure dialog:armhf 1.3-20160828-2 <none>
2018-01-25 15:07:20 status unpacked dialog:armhf 1.3-20160828-2
2018-01-25 15:07:20 status half-configured dialog:armhf 1.3-20160828-2
2018-01-25 15:07:20 status installed dialog:armhf 1.3-20160828-2
2018-01-25 15:07:20 configure vim:armhf 2:8.0.0197-4+deb9u1 <none>
2018-01-25 15:07:20 status unpacked vim:armhf 2:8.0.0197-4+deb9u1
2018-01-25 15:07:20 status half-configured vim:armhf 2:8.0.0197-4+deb9u1
2018-01-25 15:07:21 status installed vim:armhf 2:8.0.0197-4+deb9u1
2018-01-25 15:07:21 configure lsof:armhf 4.89+dfsg-0.1 <none>
2018-01-25 15:07:21 status unpacked lsof:armhf 4.89+dfsg-0.1
2018-01-25 15:07:21 status half-configured lsof:armhf 4.89+dfsg-0.1
2018-01-25 15:07:21 status installed lsof:armhf 4.89+dfsg-0.1
2018-01-25 15:07:21 configure libsystemd0:armhf 232-25+deb9u1 <none>
2018-01-25 15:07:21 status unpacked libsystemd0:armhf 232-25+deb9u1
2018-01-25 15:07:21 status half-configured libsystemd0:armhf 232-25+deb9u1
2018-01-25 15:07:22 status installed libsystemd0:armhf 232-25+deb9u1
2018-01-25 15:07:22 configure libdevmapper1.02.1:armhf 2:1.02.137-2 <none>
2018-01-25 15:07:22 status unpacked libdevmapper1.02.1:armhf 2:1.02.137-2
2018-01-25 15:07:22 status half-configured libdevmapper1.02.1:armhf 2:1.02.137-2
2018-01-25 15:07:22 status installed libdevmapper1.02.1:armhf 2:1.02.137-2
2018-01-25 15:07:22 configure coreutils:armhf 8.26-3 <none>
2018-01-25 15:07:22 status unpacked coreutils:armhf 8.26-3
2018-01-25 15:07:22 status half-configured coreutils:armhf 8.26-3
2018-01-25 15:07:22 status installed coreutils:armhf 8.26-3
2018-01-25 15:07:22 configure usbutils:armhf 1:007-4+b1 <none>
2018-01-25 15:07:22 status unpacked usbutils:armhf 1:007-4+b1
2018-01-25 15:07:22 status half-configured usbutils:armhf 1:007-4+b1
2018-01-25 15:07:22 status installed usbutils:armhf 1:007-4+b1
2018-01-25 15:07:22 configure iproute2:armhf 4.9.0-1+deb9u1 <none>
2018-01-25 15:07:22 status unpacked iproute2:armhf 4.9.0-1+deb9u1
2018-01-25 15:07:22 status half-configured iproute2:armhf 4.9.0-1+deb9u1
2018-01-25 15:07:22 status installed iproute2:armhf 4.9.0-1+deb9u1
2018-01-25 15:07:22 configure tar:armhf 1.29b-1.1 <none>
2018-01-25 15:07:22 status unpacked tar:armhf 1.29b-1.1
2018-01-25 15:07:22 status half-configured tar:armhf 1.29b-1.1
2018-01-25 15:07:22 status installed tar:armhf 1.29b-1.1
2018-01-25 15:07:22 configure libprocps6:armhf 2:3.3.12-3 <none>
2018-01-25 15:07:22 status unpacked libprocps6:armhf 2:3.3.12-3
2018-01-25 15:07:23 status half-configured libprocps6:armhf 2:3.3.12-3
2018-01-25 15:07:23 status installed libprocps6:armhf 2:3.3.12-3
2018-01-25 15:07:23 configure libsemanage1:armhf 2.6-2 <none>
2018-01-25 15:07:23 status unpacked libsemanage1:armhf 2.6-2
2018-01-25 15:07:23 status half-configured libsemanage1:armhf 2.6-2
2018-01-25 15:07:23 status installed libsemanage1:armhf 2.6-2
2018-01-25 15:07:23 configure libp11-kit0:armhf 0.23.3-2 <none>
2018-01-25 15:07:23 status unpacked libp11-kit0:armhf 0.23.3-2
2018-01-25 15:07:23 status half-configured libp11-kit0:armhf 0.23.3-2
2018-01-25 15:07:23 status installed libp11-kit0:armhf 0.23.3-2
2018-01-25 15:07:23 configure dpkg:armhf 1.18.24 <none>
2018-01-25 15:07:23 status unpacked dpkg:armhf 1.18.24
2018-01-25 15:07:23 status half-configured dpkg:armhf 1.18.24
2018-01-25 15:07:23 status installed dpkg:armhf 1.18.24
2018-01-25 15:07:23 configure dmsetup:armhf 2:1.02.137-2 <none>
2018-01-25 15:07:23 status unpacked dmsetup:armhf 2:1.02.137-2
2018-01-25 15:07:23 status half-configured dmsetup:armhf 2:1.02.137-2
2018-01-25 15:07:23 status installed dmsetup:armhf 2:1.02.137-2
2018-01-25 15:07:23 configure libkrb5-3:armhf 1.15-1+deb9u1 <none>
2018-01-25 15:07:23 status unpacked libkrb5-3:armhf 1.15-1+deb9u1
2018-01-25 15:07:23 status half-configured libkrb5-3:armhf 1.15-1+deb9u1
2018-01-25 15:07:23 status installed libkrb5-3:armhf 1.15-1+deb9u1
2018-01-25 15:07:24 configure libedit2:armhf 3.1-20160903-3 <none>
2018-01-25 15:07:24 status unpacked libedit2:armhf 3.1-20160903-3
2018-01-25 15:07:24 status half-configured libedit2:armhf 3.1-20160903-3
2018-01-25 15:07:24 status installed libedit2:armhf 3.1-20160903-3
2018-01-25 15:07:24 configure readline-common:all 7.0-3 <none>
2018-01-25 15:07:24 status unpacked readline-common:all 7.0-3
2018-01-25 15:07:24 status half-configured readline-common:all 7.0-3
2018-01-25 15:07:24 status installed readline-common:all 7.0-3
2018-01-25 15:07:24 configure libgdbm3:armhf 1.8.3-14 <none>
2018-01-25 15:07:24 status unpacked libgdbm3:armhf 1.8.3-14
2018-01-25 15:07:24 status half-configured libgdbm3:armhf 1.8.3-14
2018-01-25 15:07:24 status installed libgdbm3:armhf 1.8.3-14
2018-01-25 15:07:24 configure perl-base:armhf 5.24.1-3+deb9u2 <none>
2018-01-25 15:07:24 status unpacked perl-base:armhf 5.24.1-3+deb9u2
2018-01-25 15:07:24 status half-configured perl-base:armhf 5.24.1-3+deb9u2
2018-01-25 15:07:24 status installed perl-base:armhf 5.24.1-3+deb9u2
2018-01-25 15:07:24 configure grep:armhf 2.27-2 <none>
2018-01-25 15:07:24 status unpacked grep:armhf 2.27-2
2018-01-25 15:07:24 status half-configured grep:armhf 2.27-2
2018-01-25 15:07:24 status installed grep:armhf 2.27-2
2018-01-25 15:07:24 configure libreadline7:armhf 7.0-3 <none>
2018-01-25 15:07:24 status unpacked libreadline7:armhf 7.0-3
2018-01-25 15:07:24 status half-configured libreadline7:armhf 7.0-3
2018-01-25 15:07:24 status installed libreadline7:armhf 7.0-3
2018-01-25 15:07:25 configure debconf:all 1.5.61 <none>
2018-01-25 15:07:25 status unpacked debconf:all 1.5.61
2018-01-25 15:07:25 status half-configured debconf:all 1.5.61
2018-01-25 15:07:28 status installed debconf:all 1.5.61
2018-01-25 15:07:28 configure tzdata:all 2017c-0+deb9u1 <none>
2018-01-25 15:07:28 status unpacked tzdata:all 2017c-0+deb9u1
2018-01-25 15:07:28 status half-configured tzdata:all 2017c-0+deb9u1
2018-01-25 23:07:42 status installed tzdata:all 2017c-0+deb9u1
2018-01-25 23:07:42 configure gzip:armhf 1.6-5+b1 <none>
2018-01-25 23:07:42 status unpacked gzip:armhf 1.6-5+b1
2018-01-25 23:07:42 status half-configured gzip:armhf 1.6-5+b1
2018-01-25 23:07:42 status installed gzip:armhf 1.6-5+b1
2018-01-25 23:07:42 configure iproute:all 1:4.9.0-1+deb9u1 <none>
2018-01-25 23:07:42 status unpacked iproute:all 1:4.9.0-1+deb9u1
2018-01-25 23:07:43 status half-configured iproute:all 1:4.9.0-1+deb9u1
2018-01-25 23:07:43 status installed iproute:all 1:4.9.0-1+deb9u1
2018-01-25 23:07:43 configure bsdutils:armhf 1:2.29.2-1 <none>
2018-01-25 23:07:43 status unpacked bsdutils:armhf 1:2.29.2-1
2018-01-25 23:07:43 status half-configured bsdutils:armhf 1:2.29.2-1
2018-01-25 23:07:43 status installed bsdutils:armhf 1:2.29.2-1
2018-01-25 23:07:43 configure dash:armhf 0.5.8-2.4 <none>
2018-01-25 23:07:43 status unpacked dash:armhf 0.5.8-2.4
2018-01-25 23:07:43 status half-configured dash:armhf 0.5.8-2.4
2018-01-25 23:07:48 status installed dash:armhf 0.5.8-2.4
2018-01-25 23:07:48 configure libgnutls30:armhf 3.5.8-5+deb9u3 <none>
2018-01-25 23:07:48 status unpacked libgnutls30:armhf 3.5.8-5+deb9u3
2018-01-25 23:07:48 status half-configured libgnutls30:armhf 3.5.8-5+deb9u3
2018-01-25 23:07:48 status installed libgnutls30:armhf 3.5.8-5+deb9u3
2018-01-25 23:07:48 configure librtmp1:armhf 2.4+20151223.gitfa8646d.1-1+b1 <none>
2018-01-25 23:07:48 status unpacked librtmp1:armhf 2.4+20151223.gitfa8646d.1-1+b1
2018-01-25 23:07:48 status half-configured librtmp1:armhf 2.4+20151223.gitfa8646d.1-1+b1
2018-01-25 23:07:48 status installed librtmp1:armhf 2.4+20151223.gitfa8646d.1-1+b1
2018-01-25 23:07:48 configure ucf:all 3.0036 <none>
2018-01-25 23:07:48 status unpacked ucf:all 3.0036
2018-01-25 23:07:48 status half-configured ucf:all 3.0036
2018-01-25 23:07:50 status installed ucf:all 3.0036
2018-01-25 23:07:50 configure python-minimal:armhf 2.7.13-2 <none>
2018-01-25 23:07:50 status unpacked python-minimal:armhf 2.7.13-2
2018-01-25 23:07:50 status half-configured python-minimal:armhf 2.7.13-2
2018-01-25 23:07:51 status installed python-minimal:armhf 2.7.13-2
2018-01-25 23:07:51 configure libgssapi-krb5-2:armhf 1.15-1+deb9u1 <none>
2018-01-25 23:07:51 status unpacked libgssapi-krb5-2:armhf 1.15-1+deb9u1
2018-01-25 23:07:51 status half-configured libgssapi-krb5-2:armhf 1.15-1+deb9u1
2018-01-25 23:07:51 status installed libgssapi-krb5-2:armhf 1.15-1+deb9u1
2018-01-25 23:07:51 configure libssl1.0.2:armhf 1.0.2l-2+deb9u1 <none>
2018-01-25 23:07:51 status unpacked libssl1.0.2:armhf 1.0.2l-2+deb9u1
2018-01-25 23:07:51 status half-configured libssl1.0.2:armhf 1.0.2l-2+deb9u1
2018-01-25 23:07:53 status installed libssl1.0.2:armhf 1.0.2l-2+deb9u1
2018-01-25 23:07:53 configure init-system-helpers:all 1.48 <none>
2018-01-25 23:07:53 status unpacked init-system-helpers:all 1.48
2018-01-25 23:07:53 status half-configured init-system-helpers:all 1.48
2018-01-25 23:07:54 status installed init-system-helpers:all 1.48
2018-01-25 23:07:54 configure libldap-2.4-2:armhf 2.4.44+dfsg-5+deb9u1 <none>
2018-01-25 23:07:54 status unpacked libldap-2.4-2:armhf 2.4.44+dfsg-5+deb9u1
2018-01-25 23:07:54 status half-configured libldap-2.4-2:armhf 2.4.44+dfsg-5+deb9u1
2018-01-25 23:07:54 status installed libldap-2.4-2:armhf 2.4.44+dfsg-5+deb9u1
2018-01-25 23:07:54 configure libssl1.1:armhf 1.1.0f-3+deb9u1 <none>
2018-01-25 23:07:54 status unpacked libssl1.1:armhf 1.1.0f-3+deb9u1
2018-01-25 23:07:54 status half-configured libssl1.1:armhf 1.1.0f-3+deb9u1
2018-01-25 23:07:56 status installed libssl1.1:armhf 1.1.0f-3+deb9u1
2018-01-25 23:07:56 configure openssl:armhf 1.1.0f-3+deb9u1 <none>
2018-01-25 23:07:56 status unpacked openssl:armhf 1.1.0f-3+deb9u1
2018-01-25 23:07:56 status half-configured openssl:armhf 1.1.0f-3+deb9u1
2018-01-25 23:07:56 status installed openssl:armhf 1.1.0f-3+deb9u1
2018-01-25 23:07:56 configure libpam0g:armhf 1.1.8-3.6 <none>
2018-01-25 23:07:56 status unpacked libpam0g:armhf 1.1.8-3.6
2018-01-25 23:07:56 status half-configured libpam0g:armhf 1.1.8-3.6
2018-01-25 23:07:59 status installed libpam0g:armhf 1.1.8-3.6
2018-01-25 23:07:59 configure ca-certificates:all 20161130+nmu1 <none>
2018-01-25 23:07:59 status unpacked ca-certificates:all 20161130+nmu1
2018-01-25 23:07:59 status half-configured ca-certificates:all 20161130+nmu1
2018-01-25 23:09:08 status installed ca-certificates:all 20161130+nmu1
2018-01-25 23:09:08 status triggers-pending ca-certificates:all 20161130+nmu1
2018-01-25 23:09:08 configure locales:all 2.24-11+deb9u1 <none>
2018-01-25 23:09:08 status unpacked locales:all 2.24-11+deb9u1
2018-01-25 23:09:08 status half-configured locales:all 2.24-11+deb9u1
2018-01-25 23:09:32 status installed locales:all 2.24-11+deb9u1
2018-01-25 23:09:32 configure libpython2.7-stdlib:armhf 2.7.13-2+deb9u2 <none>
2018-01-25 23:09:32 status unpacked libpython2.7-stdlib:armhf 2.7.13-2+deb9u2
2018-01-25 23:09:32 status half-configured libpython2.7-stdlib:armhf 2.7.13-2+deb9u2
2018-01-25 23:09:32 status installed libpython2.7-stdlib:armhf 2.7.13-2+deb9u2
2018-01-25 23:09:32 configure python-pip-whl:all 9.0.1-2 <none>
2018-01-25 23:09:32 status unpacked python-pip-whl:all 9.0.1-2
2018-01-25 23:09:32 status half-configured python-pip-whl:all 9.0.1-2
2018-01-25 23:09:32 status installed python-pip-whl:all 9.0.1-2
2018-01-25 23:09:32 configure perl-modules-5.24:all 5.24.1-3+deb9u2 <none>
2018-01-25 23:09:32 status unpacked perl-modules-5.24:all 5.24.1-3+deb9u2
2018-01-25 23:09:32 status half-configured perl-modules-5.24:all 5.24.1-3+deb9u2
2018-01-25 23:09:32 status installed perl-modules-5.24:all 5.24.1-3+deb9u2
2018-01-25 23:09:32 configure libperl5.24:armhf 5.24.1-3+deb9u2 <none>
2018-01-25 23:09:32 status unpacked libperl5.24:armhf 5.24.1-3+deb9u2
2018-01-25 23:09:32 status half-configured libperl5.24:armhf 5.24.1-3+deb9u2
2018-01-25 23:09:32 status installed libperl5.24:armhf 5.24.1-3+deb9u2
2018-01-25 23:09:32 configure libpam-modules-bin:armhf 1.1.8-3.6 <none>
2018-01-25 23:09:32 status unpacked libpam-modules-bin:armhf 1.1.8-3.6
2018-01-25 23:09:32 status half-configured libpam-modules-bin:armhf 1.1.8-3.6
2018-01-25 23:09:33 status installed libpam-modules-bin:armhf 1.1.8-3.6
2018-01-25 23:09:33 configure bash:armhf 4.4-5 <none>
2018-01-25 23:09:33 status unpacked bash:armhf 4.4-5
2018-01-25 23:09:33 status half-configured bash:armhf 4.4-5
2018-01-25 23:09:34 status installed bash:armhf 4.4-5
2018-01-25 23:09:34 configure libcurl3-gnutls:armhf 7.52.1-5+deb9u3 <none>
2018-01-25 23:09:34 status unpacked libcurl3-gnutls:armhf 7.52.1-5+deb9u3
2018-01-25 23:09:34 status half-configured libcurl3-gnutls:armhf 7.52.1-5+deb9u3
2018-01-25 23:09:34 status installed libcurl3-gnutls:armhf 7.52.1-5+deb9u3
2018-01-25 23:09:35 configure libdns-export162:armhf 1:9.10.3.dfsg.P4-12.3+deb9u3 <none>
2018-01-25 23:09:35 status unpacked libdns-export162:armhf 1:9.10.3.dfsg.P4-12.3+deb9u3
2018-01-25 23:09:35 status half-configured libdns-export162:armhf 1:9.10.3.dfsg.P4-12.3+deb9u3
2018-01-25 23:09:35 status installed libdns-export162:armhf 1:9.10.3.dfsg.P4-12.3+deb9u3
2018-01-25 23:09:35 configure python2.7:armhf 2.7.13-2+deb9u2 <none>
2018-01-25 23:09:35 status unpacked python2.7:armhf 2.7.13-2+deb9u2
2018-01-25 23:09:35 status half-configured python2.7:armhf 2.7.13-2+deb9u2
2018-01-25 23:09:51 status installed python2.7:armhf 2.7.13-2+deb9u2
2018-01-25 23:09:51 configure isc-dhcp-client:armhf 4.3.5-3 <none>
2018-01-25 23:09:51 status unpacked isc-dhcp-client:armhf 4.3.5-3
2018-01-25 23:09:51 status half-configured isc-dhcp-client:armhf 4.3.5-3
2018-01-25 23:09:51 status installed isc-dhcp-client:armhf 4.3.5-3
2018-01-25 23:09:51 configure rsync:armhf 3.1.2-1 <none>
2018-01-25 23:09:51 status unpacked rsync:armhf 3.1.2-1
2018-01-25 23:09:51 status half-configured rsync:armhf 3.1.2-1
2018-01-25 23:09:55 status installed rsync:armhf 3.1.2-1
2018-01-25 23:09:55 configure procps:armhf 2:3.3.12-3 <none>
2018-01-25 23:09:55 status unpacked procps:armhf 2:3.3.12-3
2018-01-25 23:09:55 status half-configured procps:armhf 2:3.3.12-3
2018-01-25 23:09:55 status installed procps:armhf 2:3.3.12-3
2018-01-25 23:09:56 configure perl:armhf 5.24.1-3+deb9u2 <none>
2018-01-25 23:09:56 status unpacked perl:armhf 5.24.1-3+deb9u2
2018-01-25 23:09:56 status half-configured perl:armhf 5.24.1-3+deb9u2
2018-01-25 23:09:56 status installed perl:armhf 5.24.1-3+deb9u2
2018-01-25 23:09:56 configure libpython-stdlib:armhf 2.7.13-2 <none>
2018-01-25 23:09:56 status unpacked libpython-stdlib:armhf 2.7.13-2
2018-01-25 23:09:56 status half-configured libpython-stdlib:armhf 2.7.13-2
2018-01-25 23:09:56 status installed libpython-stdlib:armhf 2.7.13-2
2018-01-25 23:09:56 configure libpam-modules:armhf 1.1.8-3.6 <none>
2018-01-25 23:09:56 status unpacked libpam-modules:armhf 1.1.8-3.6
2018-01-25 23:09:56 status half-configured libpam-modules:armhf 1.1.8-3.6
2018-01-25 23:09:56 status installed libpam-modules:armhf 1.1.8-3.6
2018-01-25 23:09:56 configure python:armhf 2.7.13-2 <none>
2018-01-25 23:09:56 status unpacked python:armhf 2.7.13-2
2018-01-25 23:09:56 status half-configured python:armhf 2.7.13-2
2018-01-25 23:09:57 status installed python:armhf 2.7.13-2
2018-01-25 23:09:57 configure libpam-runtime:all 1.1.8-3.6 <none>
2018-01-25 23:09:57 status unpacked libpam-runtime:all 1.1.8-3.6
2018-01-25 23:09:57 status half-configured libpam-runtime:all 1.1.8-3.6
2018-01-25 23:10:00 status installed libpam-runtime:all 1.1.8-3.6
2018-01-25 23:10:00 configure apt-transport-https:armhf 1.4.8 <none>
2018-01-25 23:10:00 status unpacked apt-transport-https:armhf 1.4.8
2018-01-25 23:10:00 status half-configured apt-transport-https:armhf 1.4.8
2018-01-25 23:10:00 status installed apt-transport-https:armhf 1.4.8
2018-01-25 23:10:00 configure liberror-perl:all 0.17024-1 <none>
2018-01-25 23:10:00 status unpacked liberror-perl:all 0.17024-1
2018-01-25 23:10:00 status half-configured liberror-perl:all 0.17024-1
2018-01-25 23:10:00 status installed liberror-perl:all 0.17024-1
2018-01-25 23:10:00 configure passwd:armhf 1:4.4-4.1 <none>
2018-01-25 23:10:00 status unpacked passwd:armhf 1:4.4-4.1
2018-01-25 23:10:00 status half-configured passwd:armhf 1:4.4-4.1
2018-01-25 23:10:01 status installed passwd:armhf 1:4.4-4.1
2018-01-25 23:10:01 configure login:armhf 1:4.4-4.1 <none>
2018-01-25 23:10:01 status unpacked login:armhf 1:4.4-4.1
2018-01-25 23:10:01 status half-configured login:armhf 1:4.4-4.1
2018-01-25 23:10:01 status installed login:armhf 1:4.4-4.1
2018-01-25 23:10:01 configure adduser:all 3.115 <none>
2018-01-25 23:10:01 status unpacked adduser:all 3.115
2018-01-25 23:10:01 status half-configured adduser:all 3.115
2018-01-25 23:10:04 status installed adduser:all 3.115
2018-01-25 23:10:04 configure openssh-client:armhf 1:7.4p1-10+deb9u2 <none>
2018-01-25 23:10:04 status unpacked openssh-client:armhf 1:7.4p1-10+deb9u2
2018-01-25 23:10:04 status half-configured openssh-client:armhf 1:7.4p1-10+deb9u2
2018-01-25 23:10:05 status installed openssh-client:armhf 1:7.4p1-10+deb9u2
2018-01-25 23:10:05 configure python-pip:all 9.0.1-2 <none>
2018-01-25 23:10:05 status unpacked python-pip:all 9.0.1-2
2018-01-25 23:10:06 status half-configured python-pip:all 9.0.1-2
2018-01-25 23:10:08 status installed python-pip:all 9.0.1-2
2018-01-25 23:10:08 configure git:armhf 1:2.11.0-3+deb9u2 <none>
2018-01-25 23:10:08 status unpacked git:armhf 1:2.11.0-3+deb9u2
2018-01-25 23:10:08 status half-configured git:armhf 1:2.11.0-3+deb9u2
2018-01-25 23:10:09 status installed git:armhf 1:2.11.0-3+deb9u2
2018-01-25 23:10:09 configure ifupdown:armhf 0.8.19 <none>
2018-01-25 23:10:09 status unpacked ifupdown:armhf 0.8.19
2018-01-25 23:10:09 status half-configured ifupdown:armhf 0.8.19
2018-01-25 23:10:14 status installed ifupdown:armhf 0.8.19
2018-01-25 23:10:14 configure libuuid1:armhf 2.29.2-1 <none>
2018-01-25 23:10:14 status unpacked libuuid1:armhf 2.29.2-1
2018-01-25 23:10:14 status half-configured libuuid1:armhf 2.29.2-1
2018-01-25 23:10:14 status installed libuuid1:armhf 2.29.2-1
2018-01-25 23:10:14 configure libblkid1:armhf 2.29.2-1 <none>
2018-01-25 23:10:14 status unpacked libblkid1:armhf 2.29.2-1
2018-01-25 23:10:14 status half-configured libblkid1:armhf 2.29.2-1
2018-01-25 23:10:14 status installed libblkid1:armhf 2.29.2-1
2018-01-25 23:10:14 configure openssh-sftp-server:armhf 1:7.4p1-10+deb9u2 <none>
2018-01-25 23:10:14 status unpacked openssh-sftp-server:armhf 1:7.4p1-10+deb9u2
2018-01-25 23:10:14 status half-configured openssh-sftp-server:armhf 1:7.4p1-10+deb9u2
2018-01-25 23:10:14 status installed openssh-sftp-server:armhf 1:7.4p1-10+deb9u2
2018-01-25 23:10:14 configure wget:armhf 1.18-5+deb9u1 <none>
2018-01-25 23:10:14 status unpacked wget:armhf 1.18-5+deb9u1
2018-01-25 23:10:14 status half-configured wget:armhf 1.18-5+deb9u1
2018-01-25 23:10:14 status installed wget:armhf 1.18-5+deb9u1
2018-01-25 23:10:14 configure apt:armhf 1.4.8 <none>
2018-01-25 23:10:14 status unpacked apt:armhf 1.4.8
2018-01-25 23:10:14 status half-configured apt:armhf 1.4.8
2018-01-25 23:10:24 status installed apt:armhf 1.4.8
2018-01-25 23:10:24 configure libmount1:armhf 2.29.2-1 <none>
2018-01-25 23:10:24 status unpacked libmount1:armhf 2.29.2-1
2018-01-25 23:10:24 status half-configured libmount1:armhf 2.29.2-1
2018-01-25 23:10:24 status installed libmount1:armhf 2.29.2-1
2018-01-25 23:10:24 configure libcryptsetup4:armhf 2:1.7.3-4 <none>
2018-01-25 23:10:24 status unpacked libcryptsetup4:armhf 2:1.7.3-4
2018-01-25 23:10:24 status half-configured libcryptsetup4:armhf 2:1.7.3-4
2018-01-25 23:10:24 status installed libcryptsetup4:armhf 2:1.7.3-4
2018-01-25 23:10:24 configure apt-utils:armhf 1.4.8 <none>
2018-01-25 23:10:24 status unpacked apt-utils:armhf 1.4.8
2018-01-25 23:10:24 status half-configured apt-utils:armhf 1.4.8
2018-01-25 23:10:24 status installed apt-utils:armhf 1.4.8
2018-01-25 23:10:24 configure mount:armhf 2.29.2-1 <none>
2018-01-25 23:10:24 status unpacked mount:armhf 2.29.2-1
2018-01-25 23:10:24 status half-configured mount:armhf 2.29.2-1
2018-01-25 23:10:24 status installed mount:armhf 2.29.2-1
2018-01-25 23:10:24 configure libfdisk1:armhf 2.29.2-1 <none>
2018-01-25 23:10:24 status unpacked libfdisk1:armhf 2.29.2-1
2018-01-25 23:10:24 status half-configured libfdisk1:armhf 2.29.2-1
2018-01-25 23:10:24 status installed libfdisk1:armhf 2.29.2-1
2018-01-25 23:10:24 configure openssh-server:armhf 1:7.4p1-10+deb9u2 <none>
2018-01-25 23:10:24 status unpacked openssh-server:armhf 1:7.4p1-10+deb9u2
2018-01-25 23:10:24 status half-configured openssh-server:armhf 1:7.4p1-10+deb9u2
2018-01-25 23:10:43 status installed openssh-server:armhf 1:7.4p1-10+deb9u2
2018-01-25 23:10:43 configure util-linux:armhf 2.29.2-1 <none>
2018-01-25 23:10:43 status unpacked util-linux:armhf 2.29.2-1
2018-01-25 23:10:43 status half-configured util-linux:armhf 2.29.2-1
2018-01-25 23:10:44 status installed util-linux:armhf 2.29.2-1
2018-01-25 23:10:44 configure e2fsprogs:armhf 1.43.4-2 <none>
2018-01-25 23:10:44 status unpacked e2fsprogs:armhf 1.43.4-2
2018-01-25 23:10:44 status half-configured e2fsprogs:armhf 1.43.4-2
2018-01-25 23:10:44 status installed e2fsprogs:armhf 1.43.4-2
2018-01-25 23:10:45 configure ssh:all 1:7.4p1-10+deb9u2 <none>
2018-01-25 23:10:45 status unpacked ssh:all 1:7.4p1-10+deb9u2
2018-01-25 23:10:45 status half-configured ssh:all 1:7.4p1-10+deb9u2
2018-01-25 23:10:45 status installed ssh:all 1:7.4p1-10+deb9u2
2018-01-25 23:10:45 configure udev:armhf 232-25+deb9u1 <none>
2018-01-25 23:10:45 status unpacked udev:armhf 232-25+deb9u1
2018-01-25 23:10:45 status half-configured udev:armhf 232-25+deb9u1
2018-01-25 23:10:52 status installed udev:armhf 232-25+deb9u1
2018-01-25 23:10:52 configure sysvinit-utils:armhf 2.88dsf-59.9 <none>
2018-01-25 23:10:52 status unpacked sysvinit-utils:armhf 2.88dsf-59.9
2018-01-25 23:10:52 status half-configured sysvinit-utils:armhf 2.88dsf-59.9
2018-01-25 23:10:52 status installed sysvinit-utils:armhf 2.88dsf-59.9
2018-01-25 23:10:52 configure systemd:armhf 232-25+deb9u1 <none>
2018-01-25 23:10:52 status unpacked systemd:armhf 232-25+deb9u1
2018-01-25 23:10:52 status half-configured systemd:armhf 232-25+deb9u1
2018-01-25 23:11:01 status installed systemd:armhf 232-25+deb9u1
2018-01-25 23:11:01 configure systemd-sysv:armhf 232-25+deb9u1 <none>
2018-01-25 23:11:01 status unpacked systemd-sysv:armhf 232-25+deb9u1
2018-01-25 23:11:01 status half-configured systemd-sysv:armhf 232-25+deb9u1
2018-01-25 23:11:01 status installed systemd-sysv:armhf 232-25+deb9u1
2018-01-25 23:11:01 configure init:armhf 1.48 <none>
2018-01-25 23:11:01 status unpacked init:armhf 1.48
2018-01-25 23:11:01 status half-configured init:armhf 1.48
2018-01-25 23:11:01 status installed init:armhf 1.48
2018-01-25 23:11:01 trigproc libc-bin:armhf 2.24-11+deb9u1 <none>
2018-01-25 23:11:01 status half-configured libc-bin:armhf 2.24-11+deb9u1
2018-01-25 23:11:01 status installed libc-bin:armhf 2.24-11+deb9u1
2018-01-25 23:11:01 trigproc ca-certificates:all 20161130+nmu1 <none>
2018-01-25 23:11:01 status half-configured ca-certificates:all 20161130+nmu1
2018-01-25 23:11:17 status installed ca-certificates:all 20161130+nmu1
