This file contains any messages produced by compilers while
running configure, to aid debugging if configure makes a mistake.

It was created by tslib configure 1.15, which was
generated by GNU Autoconf 2.69.  Invocation command line was

  $ ./configure --host=arm-linux-gnueabihf --prefix=/home/morris/SUDA_V3S/3rdpart/tslib-1.15/out CC=/home/morris/SUDA_V3S/toolchains/gcc-linaro-6.4.1-2017.11-x86_64_arm-linux-gnueabihf/bin/arm-linux-gnueabihf-gcc

## --------- ##
## Platform. ##
## --------- ##

hostname = morris
uname -m = x86_64
uname -r = 4.13.0-36-generic
uname -s = Linux
uname -v = #40~16.04.1-Ubuntu SMP Fri Feb 16 23:25:58 UTC 2018

/usr/bin/uname -p = unknown
/bin/uname -X     = unknown

/bin/arch              = unknown
/usr/bin/arch -k       = unknown
/usr/convex/getsysinfo = unknown
/usr/bin/hostinfo      = unknown
/bin/machine           = unknown
/usr/bin/oslevel       = unknown
/bin/universe          = unknown

PATH: /home/morris/bin
PATH: /home/morris/.local/bin
PATH: /usr/local/sbin
PATH: /usr/local/bin
PATH: /usr/sbin
PATH: /usr/bin
PATH: /sbin
PATH: /bin
PATH: /usr/games
PATH: /usr/local/games
PATH: /snap/bin
PATH: /home/morris/SUDA_V3S/toolchains/gcc-linaro-6.4.1-2017.11-x86_64_arm-linux-gnueabihf/bin


## ----------- ##
## Core tests. ##
## ----------- ##

configure:2593: checking for a BSD-compatible install
configure:2661: result: /usr/bin/install -c
configure:2672: checking whether build environment is sane
configure:2727: result: yes
configure:2786: checking for arm-linux-gnueabihf-strip
configure:2802: found /home/morris/SUDA_V3S/toolchains/gcc-linaro-6.4.1-2017.11-x86_64_arm-linux-gnueabihf/bin/arm-linux-gnueabihf-strip
configure:2813: result: arm-linux-gnueabihf-strip
configure:2878: checking for a thread-safe mkdir -p
configure:2917: result: /bin/mkdir -p
configure:2924: checking for gawk
configure:2940: found /usr/bin/gawk
configure:2951: result: gawk
configure:2962: checking whether make sets $(MAKE)
configure:2984: result: yes
configure:3013: checking whether make supports nested variables
configure:3030: result: yes
configure:3167: checking whether make supports nested variables
configure:3184: result: yes
configure:3219: checking build system type
configure:3233: result: x86_64-pc-linux-gnu
configure:3253: checking host system type
configure:3266: result: arm-unknown-linux-gnueabihf
configure:3362: checking for arm-linux-gnueabihf-gcc
configure:3389: result: /home/morris/SUDA_V3S/toolchains/gcc-linaro-6.4.1-2017.11-x86_64_arm-linux-gnueabihf/bin/arm-linux-gnueabihf-gcc
configure:3658: checking for C compiler version
configure:3667: /home/morris/SUDA_V3S/toolchains/gcc-linaro-6.4.1-2017.11-x86_64_arm-linux-gnueabihf/bin/arm-linux-gnueabihf-gcc --version >&5
arm-linux-gnueabihf-gcc (Linaro GCC 6.4-2017.11) 6.4.1 20171012
Copyright (C) 2017 Free Software Foundation, Inc.
This is free software; see the source for copying conditions.  There is NO
warranty; not even for MERCHANTABILITY or FITNESS FOR A PARTICULAR PURPOSE.

configure:3678: $? = 0
configure:3667: /home/morris/SUDA_V3S/toolchains/gcc-linaro-6.4.1-2017.11-x86_64_arm-linux-gnueabihf/bin/arm-linux-gnueabihf-gcc -v >&5
Using built-in specs.
COLLECT_GCC=/home/morris/SUDA_V3S/toolchains/gcc-linaro-6.4.1-2017.11-x86_64_arm-linux-gnueabihf/bin/arm-linux-gnueabihf-gcc
COLLECT_LTO_WRAPPER=/home/morris/SUDA_V3S/toolchains/gcc-linaro-6.4.1-2017.11-x86_64_arm-linux-gnueabihf/bin/../libexec/gcc/arm-linux-gnueabihf/6.4.1/lto-wrapper
Target: arm-linux-gnueabihf
Configured with: '/home/tcwg-buildslave/workspace/tcwg-make-release/builder_arch/amd64/label/tcwg-x86_64-build/target/arm-linux-gnueabihf/snapshots/gcc.git~linaro-6.4-2017.11/configure' SHELL=/bin/bash --with-mpc=/home/tcwg-buildslave/workspace/tcwg-make-release/builder_arch/amd64/label/tcwg-x86_64-build/target/arm-linux-gnueabihf/_build/builds/destdir/x86_64-unknown-linux-gnu --with-mpfr=/home/tcwg-buildslave/workspace/tcwg-make-release/builder_arch/amd64/label/tcwg-x86_64-build/target/arm-linux-gnueabihf/_build/builds/destdir/x86_64-unknown-linux-gnu --with-gmp=/home/tcwg-buildslave/workspace/tcwg-make-release/builder_arch/amd64/label/tcwg-x86_64-build/target/arm-linux-gnueabihf/_build/builds/destdir/x86_64-unknown-linux-gnu --with-gnu-as --with-gnu-ld --disable-libmudflap --enable-lto --enable-shared --without-included-gettext --enable-nls --disable-sjlj-exceptions --enable-gnu-unique-object --enable-linker-build-id --disable-libstdcxx-pch --enable-c99 --enable-clocale=gnu --enable-libstdcxx-debug --enable-long-long --with-cloog=no --with-ppl=no --with-isl=no --disable-multilib --with-float=hard --with-fpu=vfpv3-d16 --with-mode=thumb --with-tune=cortex-a9 --with-arch=armv7-a --enable-threads=posix --enable-multiarch --enable-libstdcxx-time=yes --enable-gnu-indirect-function --with-build-sysroot=/home/tcwg-buildslave/workspace/tcwg-make-release/builder_arch/amd64/label/tcwg-x86_64-build/target/arm-linux-gnueabihf/_build/sysroots/arm-linux-gnueabihf --with-sysroot=/home/tcwg-buildslave/workspace/tcwg-make-release/builder_arch/amd64/label/tcwg-x86_64-build/target/arm-linux-gnueabihf/_build/builds/destdir/x86_64-unknown-linux-gnu/arm-linux-gnueabihf/libc --enable-checking=release --disable-bootstrap --enable-languages=c,c++,fortran,lto --build=x86_64-unknown-linux-gnu --host=x86_64-unknown-linux-gnu --target=arm-linux-gnueabihf --prefix=/home/tcwg-buildslave/workspace/tcwg-make-release/builder_arch/amd64/label/tcwg-x86_64-build/target/arm-linux-gnueabihf/_build/builds/destdir/x86_64-unknown-linux-gnu
Thread model: posix
gcc version 6.4.1 20171012 (Linaro GCC 6.4-2017.11) 
configure:3678: $? = 0
configure:3667: /home/morris/SUDA_V3S/toolchains/gcc-linaro-6.4.1-2017.11-x86_64_arm-linux-gnueabihf/bin/arm-linux-gnueabihf-gcc -V >&5
arm-linux-gnueabihf-gcc: error: unrecognized command line option '-V'
arm-linux-gnueabihf-gcc: fatal error: no input files
compilation terminated.
configure:3678: $? = 1
configure:3667: /home/morris/SUDA_V3S/toolchains/gcc-linaro-6.4.1-2017.11-x86_64_arm-linux-gnueabihf/bin/arm-linux-gnueabihf-gcc -qversion >&5
arm-linux-gnueabihf-gcc: error: unrecognized command line option '-qversion'; did you mean '--version'?
arm-linux-gnueabihf-gcc: fatal error: no input files
compilation terminated.
configure:3678: $? = 1
configure:3698: checking whether the C compiler works
configure:3720: /home/morris/SUDA_V3S/toolchains/gcc-linaro-6.4.1-2017.11-x86_64_arm-linux-gnueabihf/bin/arm-linux-gnueabihf-gcc -O2 -Wall -W -fPIC   conftest.c  >&5
configure:3724: $? = 0
configure:3772: result: yes
configure:3775: checking for C compiler default output file name
configure:3777: result: a.out
configure:3783: checking for suffix of executables
configure:3790: /home/morris/SUDA_V3S/toolchains/gcc-linaro-6.4.1-2017.11-x86_64_arm-linux-gnueabihf/bin/arm-linux-gnueabihf-gcc -o conftest -O2 -Wall -W -fPIC   conftest.c  >&5
configure:3794: $? = 0
configure:3816: result: 
configure:3838: checking whether we are cross compiling
configure:3846: /home/morris/SUDA_V3S/toolchains/gcc-linaro-6.4.1-2017.11-x86_64_arm-linux-gnueabihf/bin/arm-linux-gnueabihf-gcc -o conftest -O2 -Wall -W -fPIC   conftest.c  >&5
configure:3850: $? = 0
configure:3857: ./conftest
/lib/ld-linux-armhf.so.3: No such file or directory
configure:3861: $? = 255
configure:3876: result: yes
configure:3881: checking for suffix of object files
configure:3903: /home/morris/SUDA_V3S/toolchains/gcc-linaro-6.4.1-2017.11-x86_64_arm-linux-gnueabihf/bin/arm-linux-gnueabihf-gcc -c -O2 -Wall -W -fPIC  conftest.c >&5
configure:3907: $? = 0
configure:3928: result: o
configure:3932: checking whether we are using the GNU C compiler
configure:3951: /home/morris/SUDA_V3S/toolchains/gcc-linaro-6.4.1-2017.11-x86_64_arm-linux-gnueabihf/bin/arm-linux-gnueabihf-gcc -c -O2 -Wall -W -fPIC  conftest.c >&5
configure:3951: $? = 0
configure:3960: result: yes
configure:3969: checking whether /home/morris/SUDA_V3S/toolchains/gcc-linaro-6.4.1-2017.11-x86_64_arm-linux-gnueabihf/bin/arm-linux-gnueabihf-gcc accepts -g
configure:3989: /home/morris/SUDA_V3S/toolchains/gcc-linaro-6.4.1-2017.11-x86_64_arm-linux-gnueabihf/bin/arm-linux-gnueabihf-gcc -c -g  conftest.c >&5
configure:3989: $? = 0
configure:4030: result: yes
configure:4047: checking for /home/morris/SUDA_V3S/toolchains/gcc-linaro-6.4.1-2017.11-x86_64_arm-linux-gnueabihf/bin/arm-linux-gnueabihf-gcc option to accept ISO C89
configure:4110: /home/morris/SUDA_V3S/toolchains/gcc-linaro-6.4.1-2017.11-x86_64_arm-linux-gnueabihf/bin/arm-linux-gnueabihf-gcc  -c -O2 -Wall -W -fPIC  conftest.c >&5
configure:4110: $? = 0
configure:4123: result: none needed
configure:4148: checking whether /home/morris/SUDA_V3S/toolchains/gcc-linaro-6.4.1-2017.11-x86_64_arm-linux-gnueabihf/bin/arm-linux-gnueabihf-gcc understands -c and -o together
configure:4170: /home/morris/SUDA_V3S/toolchains/gcc-linaro-6.4.1-2017.11-x86_64_arm-linux-gnueabihf/bin/arm-linux-gnueabihf-gcc -c conftest.c -o conftest2.o
configure:4173: $? = 0
configure:4170: /home/morris/SUDA_V3S/toolchains/gcc-linaro-6.4.1-2017.11-x86_64_arm-linux-gnueabihf/bin/arm-linux-gnueabihf-gcc -c conftest.c -o conftest2.o
configure:4173: $? = 0
configure:4185: result: yes
configure:4213: checking for style of include used by make
configure:4241: result: GNU
configure:4267: checking dependency style of /home/morris/SUDA_V3S/toolchains/gcc-linaro-6.4.1-2017.11-x86_64_arm-linux-gnueabihf/bin/arm-linux-gnueabihf-gcc
configure:4378: result: none
configure:4398: checking how to run the C preprocessor
configure:4429: /home/morris/SUDA_V3S/toolchains/gcc-linaro-6.4.1-2017.11-x86_64_arm-linux-gnueabihf/bin/arm-linux-gnueabihf-gcc -E  conftest.c
configure:4429: $? = 0
configure:4443: /home/morris/SUDA_V3S/toolchains/gcc-linaro-6.4.1-2017.11-x86_64_arm-linux-gnueabihf/bin/arm-linux-gnueabihf-gcc -E  conftest.c
conftest.c:11:28: fatal error: ac_nonexistent.h: No such file or directory
 #include <ac_nonexistent.h>
                            ^
compilation terminated.
configure:4443: $? = 1
configure: failed program was:
| /* confdefs.h */
| #define PACKAGE_NAME "tslib"
| #define PACKAGE_TARNAME "tslib"
| #define PACKAGE_VERSION "1.15"
| #define PACKAGE_STRING "tslib 1.15"
| #define PACKAGE_BUGREPORT "tslib@lists.infradead.org"
| #define PACKAGE_URL "http://tslib.org"
| #define PACKAGE "tslib"
| #define VERSION "1.15"
| /* end confdefs.h.  */
| #include <ac_nonexistent.h>
configure:4468: result: /home/morris/SUDA_V3S/toolchains/gcc-linaro-6.4.1-2017.11-x86_64_arm-linux-gnueabihf/bin/arm-linux-gnueabihf-gcc -E
configure:4488: /home/morris/SUDA_V3S/toolchains/gcc-linaro-6.4.1-2017.11-x86_64_arm-linux-gnueabihf/bin/arm-linux-gnueabihf-gcc -E  conftest.c
configure:4488: $? = 0
configure:4502: /home/morris/SUDA_V3S/toolchains/gcc-linaro-6.4.1-2017.11-x86_64_arm-linux-gnueabihf/bin/arm-linux-gnueabihf-gcc -E  conftest.c
conftest.c:11:28: fatal error: ac_nonexistent.h: No such file or directory
 #include <ac_nonexistent.h>
                            ^
compilation terminated.
configure:4502: $? = 1
configure: failed program was:
| /* confdefs.h */
| #define PACKAGE_NAME "tslib"
| #define PACKAGE_TARNAME "tslib"
| #define PACKAGE_VERSION "1.15"
| #define PACKAGE_STRING "tslib 1.15"
| #define PACKAGE_BUGREPORT "tslib@lists.infradead.org"
| #define PACKAGE_URL "http://tslib.org"
| #define PACKAGE "tslib"
| #define VERSION "1.15"
| /* end confdefs.h.  */
| #include <ac_nonexistent.h>
configure:4534: checking whether the C compiler supports -fvisibility=hidden
configure:4551: /home/morris/SUDA_V3S/toolchains/gcc-linaro-6.4.1-2017.11-x86_64_arm-linux-gnueabihf/bin/arm-linux-gnueabihf-gcc -c -fvisibility=hidden -O2 -Wall -W -fPIC  conftest.c >&5
configure:4551: $? = 0
configure:4559: result: yes
configure:4567: checking whether to use -fvisibility=hidden
configure:4580: result: yes
configure:4590: checking whether ln -s works
configure:4594: result: yes
configure:4601: checking whether make sets $(MAKE)
configure:4623: result: yes
configure:4744: checking how to print strings
configure:4771: result: printf
configure:4792: checking for a sed that does not truncate output
configure:4856: result: /bin/sed
configure:4874: checking for grep that handles long lines and -e
configure:4932: result: /bin/grep
configure:4937: checking for egrep
configure:4999: result: /bin/grep -E
configure:5004: checking for fgrep
configure:5066: result: /bin/grep -F
configure:5101: checking for ld used by /home/morris/SUDA_V3S/toolchains/gcc-linaro-6.4.1-2017.11-x86_64_arm-linux-gnueabihf/bin/arm-linux-gnueabihf-gcc
configure:5168: result: /home/morris/SUDA_V3S/toolchains/gcc-linaro-6.4.1-2017.11-x86_64_arm-linux-gnueabihf/arm-linux-gnueabihf/bin/ld
configure:5175: checking if the linker (/home/morris/SUDA_V3S/toolchains/gcc-linaro-6.4.1-2017.11-x86_64_arm-linux-gnueabihf/arm-linux-gnueabihf/bin/ld) is GNU ld
configure:5190: result: yes
configure:5202: checking for BSD- or MS-compatible name lister (nm)
configure:5256: result: /home/morris/SUDA_V3S/toolchains/gcc-linaro-6.4.1-2017.11-x86_64_arm-linux-gnueabihf/bin/arm-linux-gnueabihf-nm -B
configure:5386: checking the name lister (/home/morris/SUDA_V3S/toolchains/gcc-linaro-6.4.1-2017.11-x86_64_arm-linux-gnueabihf/bin/arm-linux-gnueabihf-nm -B) interface
configure:5393: /home/morris/SUDA_V3S/toolchains/gcc-linaro-6.4.1-2017.11-x86_64_arm-linux-gnueabihf/bin/arm-linux-gnueabihf-gcc -c -DGCC_HASCLASSVISIBILITY -O2 -Wall -W -fPIC  conftest.c >&5
configure:5396: /home/morris/SUDA_V3S/toolchains/gcc-linaro-6.4.1-2017.11-x86_64_arm-linux-gnueabihf/bin/arm-linux-gnueabihf-nm -B "conftest.o"
configure:5399: output
00000000 B some_variable
configure:5406: result: BSD nm
configure:5410: checking the maximum length of command line arguments
configure:5541: result: 1572864
configure:5589: checking how to convert x86_64-pc-linux-gnu file names to arm-unknown-linux-gnueabihf format
configure:5629: result: func_convert_file_noop
configure:5636: checking how to convert x86_64-pc-linux-gnu file names to toolchain format
configure:5656: result: func_convert_file_noop
configure:5663: checking for /home/morris/SUDA_V3S/toolchains/gcc-linaro-6.4.1-2017.11-x86_64_arm-linux-gnueabihf/arm-linux-gnueabihf/bin/ld option to reload object files
configure:5670: result: -r
configure:5704: checking for arm-linux-gnueabihf-objdump
configure:5720: found /home/morris/SUDA_V3S/toolchains/gcc-linaro-6.4.1-2017.11-x86_64_arm-linux-gnueabihf/bin/arm-linux-gnueabihf-objdump
configure:5731: result: arm-linux-gnueabihf-objdump
configure:5803: checking how to recognize dependent libraries
configure:6003: result: pass_all
configure:6048: checking for arm-linux-gnueabihf-dlltool
configure:6078: result: no
configure:6088: checking for dlltool
configure:6118: result: no
configure:6148: checking how to associate runtime and link libraries
configure:6175: result: printf %s\n
configure:6191: checking for arm-linux-gnueabihf-ar
configure:6207: found /home/morris/SUDA_V3S/toolchains/gcc-linaro-6.4.1-2017.11-x86_64_arm-linux-gnueabihf/bin/arm-linux-gnueabihf-ar
configure:6218: result: arm-linux-gnueabihf-ar
configure:6299: checking for archiver @FILE support
configure:6316: /home/morris/SUDA_V3S/toolchains/gcc-linaro-6.4.1-2017.11-x86_64_arm-linux-gnueabihf/bin/arm-linux-gnueabihf-gcc -c -DGCC_HASCLASSVISIBILITY -O2 -Wall -W -fPIC  conftest.c >&5
configure:6316: $? = 0
configure:6319: arm-linux-gnueabihf-ar cru libconftest.a @conftest.lst >&5
configure:6322: $? = 0
configure:6327: arm-linux-gnueabihf-ar cru libconftest.a @conftest.lst >&5
arm-linux-gnueabihf-ar: conftest.o: No such file or directory
configure:6330: $? = 1
configure:6342: result: @
configure:6360: checking for arm-linux-gnueabihf-strip
configure:6387: result: arm-linux-gnueabihf-strip
configure:6459: checking for arm-linux-gnueabihf-ranlib
configure:6475: found /home/morris/SUDA_V3S/toolchains/gcc-linaro-6.4.1-2017.11-x86_64_arm-linux-gnueabihf/bin/arm-linux-gnueabihf-ranlib
configure:6486: result: arm-linux-gnueabihf-ranlib
configure:6628: checking command to parse /home/morris/SUDA_V3S/toolchains/gcc-linaro-6.4.1-2017.11-x86_64_arm-linux-gnueabihf/bin/arm-linux-gnueabihf-nm -B output from /home/morris/SUDA_V3S/toolchains/gcc-linaro-6.4.1-2017.11-x86_64_arm-linux-gnueabihf/bin/arm-linux-gnueabihf-gcc object
configure:6781: /home/morris/SUDA_V3S/toolchains/gcc-linaro-6.4.1-2017.11-x86_64_arm-linux-gnueabihf/bin/arm-linux-gnueabihf-gcc -c -DGCC_HASCLASSVISIBILITY -O2 -Wall -W -fPIC  conftest.c >&5
configure:6784: $? = 0
configure:6788: /home/morris/SUDA_V3S/toolchains/gcc-linaro-6.4.1-2017.11-x86_64_arm-linux-gnueabihf/bin/arm-linux-gnueabihf-nm -B conftest.o \| sed -n -e 's/^.*[ ]\([ABCDGIRSTW][ABCDGIRSTW]*\)[ ][ ]*\([_A-Za-z][_A-Za-z0-9]*\)$/\1 \2 \2/p' | sed '/ __gnu_lto/d' \> conftest.nm
configure:6791: $? = 0
configure:6857: /home/morris/SUDA_V3S/toolchains/gcc-linaro-6.4.1-2017.11-x86_64_arm-linux-gnueabihf/bin/arm-linux-gnueabihf-gcc -o conftest -DGCC_HASCLASSVISIBILITY -O2 -Wall -W -fPIC   conftest.c conftstm.o >&5
configure:6860: $? = 0
configure:6898: result: ok
configure:6945: checking for sysroot
configure:6975: result: no
configure:6982: checking for a working dd
configure:7020: result: /bin/dd
configure:7024: checking how to truncate binary pipes
configure:7039: result: /bin/dd bs=4096 count=1
configure:7328: checking for arm-linux-gnueabihf-mt
configure:7358: result: no
configure:7368: checking for mt
configure:7384: found /bin/mt
configure:7395: result: mt
configure:7407: WARNING: using cross tools not prefixed with host triplet
configure:7418: checking if mt is a manifest tool
configure:7424: mt '-?'
configure:7432: result: no
configure:8105: checking for ANSI C header files
configure:8125: /home/morris/SUDA_V3S/toolchains/gcc-linaro-6.4.1-2017.11-x86_64_arm-linux-gnueabihf/bin/arm-linux-gnueabihf-gcc -c -DGCC_HASCLASSVISIBILITY -O2 -Wall -W -fPIC  conftest.c >&5
configure:8125: $? = 0
configure:8209: result: yes
configure:8222: checking for sys/types.h
configure:8222: /home/morris/SUDA_V3S/toolchains/gcc-linaro-6.4.1-2017.11-x86_64_arm-linux-gnueabihf/bin/arm-linux-gnueabihf-gcc -c -DGCC_HASCLASSVISIBILITY -O2 -Wall -W -fPIC  conftest.c >&5
configure:8222: $? = 0
configure:8222: result: yes
configure:8222: checking for sys/stat.h
configure:8222: /home/morris/SUDA_V3S/toolchains/gcc-linaro-6.4.1-2017.11-x86_64_arm-linux-gnueabihf/bin/arm-linux-gnueabihf-gcc -c -DGCC_HASCLASSVISIBILITY -O2 -Wall -W -fPIC  conftest.c >&5
configure:8222: $? = 0
configure:8222: result: yes
configure:8222: checking for stdlib.h
configure:8222: /home/morris/SUDA_V3S/toolchains/gcc-linaro-6.4.1-2017.11-x86_64_arm-linux-gnueabihf/bin/arm-linux-gnueabihf-gcc -c -DGCC_HASCLASSVISIBILITY -O2 -Wall -W -fPIC  conftest.c >&5
configure:8222: $? = 0
configure:8222: result: yes
configure:8222: checking for string.h
configure:8222: /home/morris/SUDA_V3S/toolchains/gcc-linaro-6.4.1-2017.11-x86_64_arm-linux-gnueabihf/bin/arm-linux-gnueabihf-gcc -c -DGCC_HASCLASSVISIBILITY -O2 -Wall -W -fPIC  conftest.c >&5
configure:8222: $? = 0
configure:8222: result: yes
configure:8222: checking for memory.h
configure:8222: /home/morris/SUDA_V3S/toolchains/gcc-linaro-6.4.1-2017.11-x86_64_arm-linux-gnueabihf/bin/arm-linux-gnueabihf-gcc -c -DGCC_HASCLASSVISIBILITY -O2 -Wall -W -fPIC  conftest.c >&5
configure:8222: $? = 0
configure:8222: result: yes
configure:8222: checking for strings.h
configure:8222: /home/morris/SUDA_V3S/toolchains/gcc-linaro-6.4.1-2017.11-x86_64_arm-linux-gnueabihf/bin/arm-linux-gnueabihf-gcc -c -DGCC_HASCLASSVISIBILITY -O2 -Wall -W -fPIC  conftest.c >&5
configure:8222: $? = 0
configure:8222: result: yes
configure:8222: checking for inttypes.h
configure:8222: /home/morris/SUDA_V3S/toolchains/gcc-linaro-6.4.1-2017.11-x86_64_arm-linux-gnueabihf/bin/arm-linux-gnueabihf-gcc -c -DGCC_HASCLASSVISIBILITY -O2 -Wall -W -fPIC  conftest.c >&5
configure:8222: $? = 0
configure:8222: result: yes
configure:8222: checking for stdint.h
configure:8222: /home/morris/SUDA_V3S/toolchains/gcc-linaro-6.4.1-2017.11-x86_64_arm-linux-gnueabihf/bin/arm-linux-gnueabihf-gcc -c -DGCC_HASCLASSVISIBILITY -O2 -Wall -W -fPIC  conftest.c >&5
configure:8222: $? = 0
configure:8222: result: yes
configure:8222: checking for unistd.h
configure:8222: /home/morris/SUDA_V3S/toolchains/gcc-linaro-6.4.1-2017.11-x86_64_arm-linux-gnueabihf/bin/arm-linux-gnueabihf-gcc -c -DGCC_HASCLASSVISIBILITY -O2 -Wall -W -fPIC  conftest.c >&5
configure:8222: $? = 0
configure:8222: result: yes
configure:8236: checking for dlfcn.h
configure:8236: /home/morris/SUDA_V3S/toolchains/gcc-linaro-6.4.1-2017.11-x86_64_arm-linux-gnueabihf/bin/arm-linux-gnueabihf-gcc -c -DGCC_HASCLASSVISIBILITY -O2 -Wall -W -fPIC  conftest.c >&5
configure:8236: $? = 0
configure:8236: result: yes
configure:8430: checking for objdir
configure:8445: result: .libs
configure:8709: checking if /home/morris/SUDA_V3S/toolchains/gcc-linaro-6.4.1-2017.11-x86_64_arm-linux-gnueabihf/bin/arm-linux-gnueabihf-gcc supports -fno-rtti -fno-exceptions
configure:8727: /home/morris/SUDA_V3S/toolchains/gcc-linaro-6.4.1-2017.11-x86_64_arm-linux-gnueabihf/bin/arm-linux-gnueabihf-gcc -c -DGCC_HASCLASSVISIBILITY -O2 -Wall -W -fPIC  -fno-rtti -fno-exceptions conftest.c >&5
cc1: warning: command line option '-fno-rtti' is valid for C++/ObjC++ but not for C
configure:8731: $? = 0
configure:8744: result: no
configure:9102: checking for /home/morris/SUDA_V3S/toolchains/gcc-linaro-6.4.1-2017.11-x86_64_arm-linux-gnueabihf/bin/arm-linux-gnueabihf-gcc option to produce PIC
configure:9109: result: -fPIC -DPIC
configure:9117: checking if /home/morris/SUDA_V3S/toolchains/gcc-linaro-6.4.1-2017.11-x86_64_arm-linux-gnueabihf/bin/arm-linux-gnueabihf-gcc PIC flag -fPIC -DPIC works
configure:9135: /home/morris/SUDA_V3S/toolchains/gcc-linaro-6.4.1-2017.11-x86_64_arm-linux-gnueabihf/bin/arm-linux-gnueabihf-gcc -c -DGCC_HASCLASSVISIBILITY -O2 -Wall -W -fPIC  -fPIC -DPIC -DPIC conftest.c >&5
configure:9139: $? = 0
configure:9152: result: yes
configure:9181: checking if /home/morris/SUDA_V3S/toolchains/gcc-linaro-6.4.1-2017.11-x86_64_arm-linux-gnueabihf/bin/arm-linux-gnueabihf-gcc static flag -static works
configure:9209: result: yes
configure:9224: checking if /home/morris/SUDA_V3S/toolchains/gcc-linaro-6.4.1-2017.11-x86_64_arm-linux-gnueabihf/bin/arm-linux-gnueabihf-gcc supports -c -o file.o
configure:9245: /home/morris/SUDA_V3S/toolchains/gcc-linaro-6.4.1-2017.11-x86_64_arm-linux-gnueabihf/bin/arm-linux-gnueabihf-gcc -c -DGCC_HASCLASSVISIBILITY -O2 -Wall -W -fPIC  -o out/conftest2.o conftest.c >&5
configure:9249: $? = 0
configure:9271: result: yes
configure:9279: checking if /home/morris/SUDA_V3S/toolchains/gcc-linaro-6.4.1-2017.11-x86_64_arm-linux-gnueabihf/bin/arm-linux-gnueabihf-gcc supports -c -o file.o
configure:9326: result: yes
configure:9359: checking whether the /home/morris/SUDA_V3S/toolchains/gcc-linaro-6.4.1-2017.11-x86_64_arm-linux-gnueabihf/bin/arm-linux-gnueabihf-gcc linker (/home/morris/SUDA_V3S/toolchains/gcc-linaro-6.4.1-2017.11-x86_64_arm-linux-gnueabihf/arm-linux-gnueabihf/bin/ld) supports shared libraries
configure:10622: result: yes
configure:10659: checking whether -lc should be explicitly linked in
configure:10667: /home/morris/SUDA_V3S/toolchains/gcc-linaro-6.4.1-2017.11-x86_64_arm-linux-gnueabihf/bin/arm-linux-gnueabihf-gcc -c -DGCC_HASCLASSVISIBILITY -O2 -Wall -W -fPIC  conftest.c >&5
configure:10670: $? = 0
configure:10685: /home/morris/SUDA_V3S/toolchains/gcc-linaro-6.4.1-2017.11-x86_64_arm-linux-gnueabihf/bin/arm-linux-gnueabihf-gcc -shared  -fPIC -DPIC conftest.o  -v -Wl,-soname -Wl,conftest -o conftest 2\>\&1 \| /bin/grep  -lc  \>/dev/null 2\>\&1
configure:10688: $? = 0
configure:10702: result: no
configure:10862: checking dynamic linker characteristics
configure:11443: /home/morris/SUDA_V3S/toolchains/gcc-linaro-6.4.1-2017.11-x86_64_arm-linux-gnueabihf/bin/arm-linux-gnueabihf-gcc -o conftest -DGCC_HASCLASSVISIBILITY -O2 -Wall -W -fPIC   -Wl,-rpath -Wl,/foo conftest.c  >&5
configure:11443: $? = 0
configure:11692: result: GNU/Linux ld.so
configure:11814: checking how to hardcode library paths into programs
configure:11839: result: immediate
configure:11941: checking for shl_load
configure:11941: /home/morris/SUDA_V3S/toolchains/gcc-linaro-6.4.1-2017.11-x86_64_arm-linux-gnueabihf/bin/arm-linux-gnueabihf-gcc -o conftest -DGCC_HASCLASSVISIBILITY -O2 -Wall -W -fPIC   conftest.c  >&5
/tmp/cco9Hbkf.o: In function `main':
conftest.c:(.text.startup+0x2): undefined reference to `shl_load'
collect2: error: ld returned 1 exit status
configure:11941: $? = 1
configure: failed program was:
| /* confdefs.h */
| #define PACKAGE_NAME "tslib"
| #define PACKAGE_TARNAME "tslib"
| #define PACKAGE_VERSION "1.15"
| #define PACKAGE_STRING "tslib 1.15"
| #define PACKAGE_BUGREPORT "tslib@lists.infradead.org"
| #define PACKAGE_URL "http://tslib.org"
| #define PACKAGE "tslib"
| #define VERSION "1.15"
| #define STDC_HEADERS 1
| #define HAVE_SYS_TYPES_H 1
| #define HAVE_SYS_STAT_H 1
| #define HAVE_STDLIB_H 1
| #define HAVE_STRING_H 1
| #define HAVE_MEMORY_H 1
| #define HAVE_STRINGS_H 1
| #define HAVE_INTTYPES_H 1
| #define HAVE_STDINT_H 1
| #define HAVE_UNISTD_H 1
| #define HAVE_DLFCN_H 1
| #define LT_OBJDIR ".libs/"
| /* end confdefs.h.  */
| /* Define shl_load to an innocuous variant, in case <limits.h> declares shl_load.
|    For example, HP-UX 11i <limits.h> declares gettimeofday.  */
| #define shl_load innocuous_shl_load
| 
| /* System header to define __stub macros and hopefully few prototypes,
|     which can conflict with char shl_load (); below.
|     Prefer <limits.h> to <assert.h> if __STDC__ is defined, since
|     <limits.h> exists even on freestanding compilers.  */
| 
| #ifdef __STDC__
| # include <limits.h>
| #else
| # include <assert.h>
| #endif
| 
| #undef shl_load
| 
| /* Override any GCC internal prototype to avoid an error.
|    Use char because int might match the return type of a GCC
|    builtin and then its argument prototype would still apply.  */
| #ifdef __cplusplus
| extern "C"
| #endif
| char shl_load ();
| /* The GNU C library defines this for functions which it implements
|     to always fail with ENOSYS.  Some functions are actually named
|     something starting with __ and the normal name is an alias.  */
| #if defined __stub_shl_load || defined __stub___shl_load
| choke me
| #endif
| 
| int
| main ()
| {
| return shl_load ();
|   ;
|   return 0;
| }
configure:11941: result: no
configure:11945: checking for shl_load in -ldld
configure:11970: /home/morris/SUDA_V3S/toolchains/gcc-linaro-6.4.1-2017.11-x86_64_arm-linux-gnueabihf/bin/arm-linux-gnueabihf-gcc -o conftest -DGCC_HASCLASSVISIBILITY -O2 -Wall -W -fPIC   conftest.c -ldld   >&5
/home/morris/SUDA_V3S/toolchains/gcc-linaro-6.4.1-2017.11-x86_64_arm-linux-gnueabihf/bin/../lib/gcc/arm-linux-gnueabihf/6.4.1/../../../../arm-linux-gnueabihf/bin/ld: cannot find -ldld
collect2: error: ld returned 1 exit status
configure:11970: $? = 1
configure: failed program was:
| /* confdefs.h */
| #define PACKAGE_NAME "tslib"
| #define PACKAGE_TARNAME "tslib"
| #define PACKAGE_VERSION "1.15"
| #define PACKAGE_STRING "tslib 1.15"
| #define PACKAGE_BUGREPORT "tslib@lists.infradead.org"
| #define PACKAGE_URL "http://tslib.org"
| #define PACKAGE "tslib"
| #define VERSION "1.15"
| #define STDC_HEADERS 1
| #define HAVE_SYS_TYPES_H 1
| #define HAVE_SYS_STAT_H 1
| #define HAVE_STDLIB_H 1
| #define HAVE_STRING_H 1
| #define HAVE_MEMORY_H 1
| #define HAVE_STRINGS_H 1
| #define HAVE_INTTYPES_H 1
| #define HAVE_STDINT_H 1
| #define HAVE_UNISTD_H 1
| #define HAVE_DLFCN_H 1
| #define LT_OBJDIR ".libs/"
| /* end confdefs.h.  */
| 
| /* Override any GCC internal prototype to avoid an error.
|    Use char because int might match the return type of a GCC
|    builtin and then its argument prototype would still apply.  */
| #ifdef __cplusplus
| extern "C"
| #endif
| char shl_load ();
| int
| main ()
| {
| return shl_load ();
|   ;
|   return 0;
| }
configure:11979: result: no
configure:11984: checking for dlopen
configure:11984: /home/morris/SUDA_V3S/toolchains/gcc-linaro-6.4.1-2017.11-x86_64_arm-linux-gnueabihf/bin/arm-linux-gnueabihf-gcc -o conftest -DGCC_HASCLASSVISIBILITY -O2 -Wall -W -fPIC   conftest.c  >&5
/tmp/ccYp2E7r.o: In function `main':
conftest.c:(.text.startup+0x2): undefined reference to `dlopen'
collect2: error: ld returned 1 exit status
configure:11984: $? = 1
configure: failed program was:
| /* confdefs.h */
| #define PACKAGE_NAME "tslib"
| #define PACKAGE_TARNAME "tslib"
| #define PACKAGE_VERSION "1.15"
| #define PACKAGE_STRING "tslib 1.15"
| #define PACKAGE_BUGREPORT "tslib@lists.infradead.org"
| #define PACKAGE_URL "http://tslib.org"
| #define PACKAGE "tslib"
| #define VERSION "1.15"
| #define STDC_HEADERS 1
| #define HAVE_SYS_TYPES_H 1
| #define HAVE_SYS_STAT_H 1
| #define HAVE_STDLIB_H 1
| #define HAVE_STRING_H 1
| #define HAVE_MEMORY_H 1
| #define HAVE_STRINGS_H 1
| #define HAVE_INTTYPES_H 1
| #define HAVE_STDINT_H 1
| #define HAVE_UNISTD_H 1
| #define HAVE_DLFCN_H 1
| #define LT_OBJDIR ".libs/"
| /* end confdefs.h.  */
| /* Define dlopen to an innocuous variant, in case <limits.h> declares dlopen.
|    For example, HP-UX 11i <limits.h> declares gettimeofday.  */
| #define dlopen innocuous_dlopen
| 
| /* System header to define __stub macros and hopefully few prototypes,
|     which can conflict with char dlopen (); below.
|     Prefer <limits.h> to <assert.h> if __STDC__ is defined, since
|     <limits.h> exists even on freestanding compilers.  */
| 
| #ifdef __STDC__
| # include <limits.h>
| #else
| # include <assert.h>
| #endif
| 
| #undef dlopen
| 
| /* Override any GCC internal prototype to avoid an error.
|    Use char because int might match the return type of a GCC
|    builtin and then its argument prototype would still apply.  */
| #ifdef __cplusplus
| extern "C"
| #endif
| char dlopen ();
| /* The GNU C library defines this for functions which it implements
|     to always fail with ENOSYS.  Some functions are actually named
|     something starting with __ and the normal name is an alias.  */
| #if defined __stub_dlopen || defined __stub___dlopen
| choke me
| #endif
| 
| int
| main ()
| {
| return dlopen ();
|   ;
|   return 0;
| }
configure:11984: result: no
configure:11988: checking for dlopen in -ldl
configure:12013: /home/morris/SUDA_V3S/toolchains/gcc-linaro-6.4.1-2017.11-x86_64_arm-linux-gnueabihf/bin/arm-linux-gnueabihf-gcc -o conftest -DGCC_HASCLASSVISIBILITY -O2 -Wall -W -fPIC   conftest.c -ldl   >&5
configure:12013: $? = 0
configure:12022: result: yes
configure:12141: checking whether a program can dlopen itself
configure:12242: result: cross
configure:12387: checking whether stripping libraries is possible
configure:12392: result: yes
configure:12427: checking if libtool supports shared libraries
configure:12429: result: yes
configure:12432: checking whether to build shared libraries
configure:12457: result: yes
configure:12460: checking whether to build static libraries
configure:12464: result: no
configure:12503: checking for dlopen in -ldl
configure:12537: result: yes
configure:12550: checking for size_t
configure:12550: /home/morris/SUDA_V3S/toolchains/gcc-linaro-6.4.1-2017.11-x86_64_arm-linux-gnueabihf/bin/arm-linux-gnueabihf-gcc -c -DGCC_HASCLASSVISIBILITY -O2 -Wall -W -fPIC  conftest.c >&5
configure:12550: $? = 0
configure:12550: /home/morris/SUDA_V3S/toolchains/gcc-linaro-6.4.1-2017.11-x86_64_arm-linux-gnueabihf/bin/arm-linux-gnueabihf-gcc -c -DGCC_HASCLASSVISIBILITY -O2 -Wall -W -fPIC  conftest.c >&5
conftest.c: In function 'main':
conftest.c:60:21: error: expected expression before ')' token
 if (sizeof ((size_t)))
                     ^
configure:12550: $? = 1
configure: failed program was:
| /* confdefs.h */
| #define PACKAGE_NAME "tslib"
| #define PACKAGE_TARNAME "tslib"
| #define PACKAGE_VERSION "1.15"
| #define PACKAGE_STRING "tslib 1.15"
| #define PACKAGE_BUGREPORT "tslib@lists.infradead.org"
| #define PACKAGE_URL "http://tslib.org"
| #define PACKAGE "tslib"
| #define VERSION "1.15"
| #define STDC_HEADERS 1
| #define HAVE_SYS_TYPES_H 1
| #define HAVE_SYS_STAT_H 1
| #define HAVE_STDLIB_H 1
| #define HAVE_STRING_H 1
| #define HAVE_MEMORY_H 1
| #define HAVE_STRINGS_H 1
| #define HAVE_INTTYPES_H 1
| #define HAVE_STDINT_H 1
| #define HAVE_UNISTD_H 1
| #define HAVE_DLFCN_H 1
| #define LT_OBJDIR ".libs/"
| #define HAVE_LIBDL 1
| /* end confdefs.h.  */
| #include <stdio.h>
| #ifdef HAVE_SYS_TYPES_H
| # include <sys/types.h>
| #endif
| #ifdef HAVE_SYS_STAT_H
| # include <sys/stat.h>
| #endif
| #ifdef STDC_HEADERS
| # include <stdlib.h>
| # include <stddef.h>
| #else
| # ifdef HAVE_STDLIB_H
| #  include <stdlib.h>
| # endif
| #endif
| #ifdef HAVE_STRING_H
| # if !defined STDC_HEADERS && defined HAVE_MEMORY_H
| #  include <memory.h>
| # endif
| # include <string.h>
| #endif
| #ifdef HAVE_STRINGS_H
| # include <strings.h>
| #endif
| #ifdef HAVE_INTTYPES_H
| # include <inttypes.h>
| #endif
| #ifdef HAVE_STDINT_H
| # include <stdint.h>
| #endif
| #ifdef HAVE_UNISTD_H
| # include <unistd.h>
| #endif
| int
| main ()
| {
| if (sizeof ((size_t)))
| 	    return 0;
|   ;
|   return 0;
| }
configure:12550: result: yes
configure:12563: checking for working alloca.h
configure:12580: /home/morris/SUDA_V3S/toolchains/gcc-linaro-6.4.1-2017.11-x86_64_arm-linux-gnueabihf/bin/arm-linux-gnueabihf-gcc -o conftest -DGCC_HASCLASSVISIBILITY -O2 -Wall -W -fPIC   conftest.c -ldl  >&5
configure:12580: $? = 0
configure:12588: result: yes
configure:12596: checking for alloca
configure:12633: /home/morris/SUDA_V3S/toolchains/gcc-linaro-6.4.1-2017.11-x86_64_arm-linux-gnueabihf/bin/arm-linux-gnueabihf-gcc -o conftest -DGCC_HASCLASSVISIBILITY -O2 -Wall -W -fPIC   conftest.c -ldl  >&5
configure:12633: $? = 0
configure:12641: result: yes
configure:12747: checking for ANSI C header files
configure:12851: result: yes
configure:12862: checking fcntl.h usability
configure:12862: /home/morris/SUDA_V3S/toolchains/gcc-linaro-6.4.1-2017.11-x86_64_arm-linux-gnueabihf/bin/arm-linux-gnueabihf-gcc -c -DGCC_HASCLASSVISIBILITY -O2 -Wall -W -fPIC  conftest.c >&5
configure:12862: $? = 0
configure:12862: result: yes
configure:12862: checking fcntl.h presence
configure:12862: /home/morris/SUDA_V3S/toolchains/gcc-linaro-6.4.1-2017.11-x86_64_arm-linux-gnueabihf/bin/arm-linux-gnueabihf-gcc -E  conftest.c
configure:12862: $? = 0
configure:12862: result: yes
configure:12862: checking for fcntl.h
configure:12862: result: yes
configure:12862: checking limits.h usability
configure:12862: /home/morris/SUDA_V3S/toolchains/gcc-linaro-6.4.1-2017.11-x86_64_arm-linux-gnueabihf/bin/arm-linux-gnueabihf-gcc -c -DGCC_HASCLASSVISIBILITY -O2 -Wall -W -fPIC  conftest.c >&5
configure:12862: $? = 0
configure:12862: result: yes
configure:12862: checking limits.h presence
configure:12862: /home/morris/SUDA_V3S/toolchains/gcc-linaro-6.4.1-2017.11-x86_64_arm-linux-gnueabihf/bin/arm-linux-gnueabihf-gcc -E  conftest.c
configure:12862: $? = 0
configure:12862: result: yes
configure:12862: checking for limits.h
configure:12862: result: yes
configure:12862: checking for stdlib.h
configure:12862: result: yes
configure:12862: checking for string.h
configure:12862: result: yes
configure:12862: checking sys/ioctl.h usability
configure:12862: /home/morris/SUDA_V3S/toolchains/gcc-linaro-6.4.1-2017.11-x86_64_arm-linux-gnueabihf/bin/arm-linux-gnueabihf-gcc -c -DGCC_HASCLASSVISIBILITY -O2 -Wall -W -fPIC  conftest.c >&5
configure:12862: $? = 0
configure:12862: result: yes
configure:12862: checking sys/ioctl.h presence
configure:12862: /home/morris/SUDA_V3S/toolchains/gcc-linaro-6.4.1-2017.11-x86_64_arm-linux-gnueabihf/bin/arm-linux-gnueabihf-gcc -E  conftest.c
configure:12862: $? = 0
configure:12862: result: yes
configure:12862: checking for sys/ioctl.h
configure:12862: result: yes
configure:12862: checking sys/time.h usability
configure:12862: /home/morris/SUDA_V3S/toolchains/gcc-linaro-6.4.1-2017.11-x86_64_arm-linux-gnueabihf/bin/arm-linux-gnueabihf-gcc -c -DGCC_HASCLASSVISIBILITY -O2 -Wall -W -fPIC  conftest.c >&5
configure:12862: $? = 0
configure:12862: result: yes
configure:12862: checking sys/time.h presence
configure:12862: /home/morris/SUDA_V3S/toolchains/gcc-linaro-6.4.1-2017.11-x86_64_arm-linux-gnueabihf/bin/arm-linux-gnueabihf-gcc -E  conftest.c
configure:12862: $? = 0
configure:12862: result: yes
configure:12862: checking for sys/time.h
configure:12862: result: yes
configure:12862: checking for unistd.h
configure:12862: result: yes
configure:12862: checking for stdint.h
configure:12862: result: yes
configure:12862: checking for sys/types.h
configure:12862: result: yes
configure:12862: checking errno.h usability
configure:12862: /home/morris/SUDA_V3S/toolchains/gcc-linaro-6.4.1-2017.11-x86_64_arm-linux-gnueabihf/bin/arm-linux-gnueabihf-gcc -c -DGCC_HASCLASSVISIBILITY -O2 -Wall -W -fPIC  conftest.c >&5
configure:12862: $? = 0
configure:12862: result: yes
configure:12862: checking errno.h presence
configure:12862: /home/morris/SUDA_V3S/toolchains/gcc-linaro-6.4.1-2017.11-x86_64_arm-linux-gnueabihf/bin/arm-linux-gnueabihf-gcc -E  conftest.c
configure:12862: $? = 0
configure:12862: result: yes
configure:12862: checking for errno.h
configure:12862: result: yes
configure:12862: checking dirent.h usability
configure:12862: /home/morris/SUDA_V3S/toolchains/gcc-linaro-6.4.1-2017.11-x86_64_arm-linux-gnueabihf/bin/arm-linux-gnueabihf-gcc -c -DGCC_HASCLASSVISIBILITY -O2 -Wall -W -fPIC  conftest.c >&5
configure:12862: $? = 0
configure:12862: result: yes
configure:12862: checking dirent.h presence
configure:12862: /home/morris/SUDA_V3S/toolchains/gcc-linaro-6.4.1-2017.11-x86_64_arm-linux-gnueabihf/bin/arm-linux-gnueabihf-gcc -E  conftest.c
configure:12862: $? = 0
configure:12862: result: yes
configure:12862: checking for dirent.h
configure:12862: result: yes
configure:12874: checking linux/spi/cy8mrln.h usability
configure:12874: /home/morris/SUDA_V3S/toolchains/gcc-linaro-6.4.1-2017.11-x86_64_arm-linux-gnueabihf/bin/arm-linux-gnueabihf-gcc -c -DGCC_HASCLASSVISIBILITY -O2 -Wall -W -fPIC  conftest.c >&5
conftest.c:71:31: fatal error: linux/spi/cy8mrln.h: No such file or directory
 #include <linux/spi/cy8mrln.h>
                               ^
compilation terminated.
configure:12874: $? = 1
configure: failed program was:
| /* confdefs.h */
| #define PACKAGE_NAME "tslib"
| #define PACKAGE_TARNAME "tslib"
| #define PACKAGE_VERSION "1.15"
| #define PACKAGE_STRING "tslib 1.15"
| #define PACKAGE_BUGREPORT "tslib@lists.infradead.org"
| #define PACKAGE_URL "http://tslib.org"
| #define PACKAGE "tslib"
| #define VERSION "1.15"
| #define STDC_HEADERS 1
| #define HAVE_SYS_TYPES_H 1
| #define HAVE_SYS_STAT_H 1
| #define HAVE_STDLIB_H 1
| #define HAVE_STRING_H 1
| #define HAVE_MEMORY_H 1
| #define HAVE_STRINGS_H 1
| #define HAVE_INTTYPES_H 1
| #define HAVE_STDINT_H 1
| #define HAVE_UNISTD_H 1
| #define HAVE_DLFCN_H 1
| #define LT_OBJDIR ".libs/"
| #define HAVE_LIBDL 1
| #define HAVE_ALLOCA_H 1
| #define HAVE_ALLOCA 1
| #define STDC_HEADERS 1
| #define HAVE_FCNTL_H 1
| #define HAVE_LIMITS_H 1
| #define HAVE_STDLIB_H 1
| #define HAVE_STRING_H 1
| #define HAVE_SYS_IOCTL_H 1
| #define HAVE_SYS_TIME_H 1
| #define HAVE_UNISTD_H 1
| #define HAVE_STDINT_H 1
| #define HAVE_SYS_TYPES_H 1
| #define HAVE_ERRNO_H 1
| #define HAVE_DIRENT_H 1
| /* end confdefs.h.  */
| #include <stdio.h>
| #ifdef HAVE_SYS_TYPES_H
| # include <sys/types.h>
| #endif
| #ifdef HAVE_SYS_STAT_H
| # include <sys/stat.h>
| #endif
| #ifdef STDC_HEADERS
| # include <stdlib.h>
| # include <stddef.h>
| #else
| # ifdef HAVE_STDLIB_H
| #  include <stdlib.h>
| # endif
| #endif
| #ifdef HAVE_STRING_H
| # if !defined STDC_HEADERS && defined HAVE_MEMORY_H
| #  include <memory.h>
| # endif
| # include <string.h>
| #endif
| #ifdef HAVE_STRINGS_H
| # include <strings.h>
| #endif
| #ifdef HAVE_INTTYPES_H
| # include <inttypes.h>
| #endif
| #ifdef HAVE_STDINT_H
| # include <stdint.h>
| #endif
| #ifdef HAVE_UNISTD_H
| # include <unistd.h>
| #endif
| #include <linux/spi/cy8mrln.h>
configure:12874: result: no
configure:12874: checking linux/spi/cy8mrln.h presence
configure:12874: /home/morris/SUDA_V3S/toolchains/gcc-linaro-6.4.1-2017.11-x86_64_arm-linux-gnueabihf/bin/arm-linux-gnueabihf-gcc -E  conftest.c
conftest.c:38:31: fatal error: linux/spi/cy8mrln.h: No such file or directory
 #include <linux/spi/cy8mrln.h>
                               ^
compilation terminated.
configure:12874: $? = 1
configure: failed program was:
| /* confdefs.h */
| #define PACKAGE_NAME "tslib"
| #define PACKAGE_TARNAME "tslib"
| #define PACKAGE_VERSION "1.15"
| #define PACKAGE_STRING "tslib 1.15"
| #define PACKAGE_BUGREPORT "tslib@lists.infradead.org"
| #define PACKAGE_URL "http://tslib.org"
| #define PACKAGE "tslib"
| #define VERSION "1.15"
| #define STDC_HEADERS 1
| #define HAVE_SYS_TYPES_H 1
| #define HAVE_SYS_STAT_H 1
| #define HAVE_STDLIB_H 1
| #define HAVE_STRING_H 1
| #define HAVE_MEMORY_H 1
| #define HAVE_STRINGS_H 1
| #define HAVE_INTTYPES_H 1
| #define HAVE_STDINT_H 1
| #define HAVE_UNISTD_H 1
| #define HAVE_DLFCN_H 1
| #define LT_OBJDIR ".libs/"
| #define HAVE_LIBDL 1
| #define HAVE_ALLOCA_H 1
| #define HAVE_ALLOCA 1
| #define STDC_HEADERS 1
| #define HAVE_FCNTL_H 1
| #define HAVE_LIMITS_H 1
| #define HAVE_STDLIB_H 1
| #define HAVE_STRING_H 1
| #define HAVE_SYS_IOCTL_H 1
| #define HAVE_SYS_TIME_H 1
| #define HAVE_UNISTD_H 1
| #define HAVE_STDINT_H 1
| #define HAVE_SYS_TYPES_H 1
| #define HAVE_ERRNO_H 1
| #define HAVE_DIRENT_H 1
| /* end confdefs.h.  */
| #include <linux/spi/cy8mrln.h>
configure:12874: result: no
configure:12874: checking for linux/spi/cy8mrln.h
configure:12874: result: no
configure:12886: checking for an ANSI C-conforming const
configure:12952: /home/morris/SUDA_V3S/toolchains/gcc-linaro-6.4.1-2017.11-x86_64_arm-linux-gnueabihf/bin/arm-linux-gnueabihf-gcc -c -DGCC_HASCLASSVISIBILITY -O2 -Wall -W -fPIC  conftest.c >&5
configure:12952: $? = 0
configure:12959: result: yes
configure:12967: checking for inline
configure:12983: /home/morris/SUDA_V3S/toolchains/gcc-linaro-6.4.1-2017.11-x86_64_arm-linux-gnueabihf/bin/arm-linux-gnueabihf-gcc -c -DGCC_HASCLASSVISIBILITY -O2 -Wall -W -fPIC  conftest.c >&5
configure:12983: $? = 0
configure:12991: result: inline
configure:13009: checking for size_t
configure:13009: result: yes
configure:13020: checking for uint16_t
configure:13020: /home/morris/SUDA_V3S/toolchains/gcc-linaro-6.4.1-2017.11-x86_64_arm-linux-gnueabihf/bin/arm-linux-gnueabihf-gcc -c -DGCC_HASCLASSVISIBILITY -O2 -Wall -W -fPIC  conftest.c >&5
configure:13020: $? = 0
configure:13020: result: yes
configure:13032: checking for uint8_t
configure:13032: /home/morris/SUDA_V3S/toolchains/gcc-linaro-6.4.1-2017.11-x86_64_arm-linux-gnueabihf/bin/arm-linux-gnueabihf-gcc -c -DGCC_HASCLASSVISIBILITY -O2 -Wall -W -fPIC  conftest.c >&5
configure:13032: $? = 0
configure:13032: result: yes
configure:13046: checking whether time.h and sys/time.h may both be included
configure:13066: /home/morris/SUDA_V3S/toolchains/gcc-linaro-6.4.1-2017.11-x86_64_arm-linux-gnueabihf/bin/arm-linux-gnueabihf-gcc -c -DGCC_HASCLASSVISIBILITY -O2 -Wall -W -fPIC  conftest.c >&5
configure:13066: $? = 0
configure:13073: result: yes
configure:13084: checking whether /home/morris/SUDA_V3S/toolchains/gcc-linaro-6.4.1-2017.11-x86_64_arm-linux-gnueabihf/bin/arm-linux-gnueabihf-gcc needs -traditional
configure:13118: result: no
configure:13131: checking for stdlib.h
configure:13131: result: yes
configure:13131: checking for unistd.h
configure:13131: result: yes
configure:13131: checking for sys/param.h
configure:13131: /home/morris/SUDA_V3S/toolchains/gcc-linaro-6.4.1-2017.11-x86_64_arm-linux-gnueabihf/bin/arm-linux-gnueabihf-gcc -c -DGCC_HASCLASSVISIBILITY -O2 -Wall -W -fPIC  conftest.c >&5
configure:13131: $? = 0
configure:13131: result: yes
configure:13151: checking for getpagesize
configure:13151: /home/morris/SUDA_V3S/toolchains/gcc-linaro-6.4.1-2017.11-x86_64_arm-linux-gnueabihf/bin/arm-linux-gnueabihf-gcc -o conftest -DGCC_HASCLASSVISIBILITY -O2 -Wall -W -fPIC   conftest.c -ldl  >&5
configure:13151: $? = 0
configure:13151: result: yes
configure:13160: checking for working mmap
configure:13317: result: no
configure:13329: checking sys/select.h usability
configure:13329: /home/morris/SUDA_V3S/toolchains/gcc-linaro-6.4.1-2017.11-x86_64_arm-linux-gnueabihf/bin/arm-linux-gnueabihf-gcc -c -DGCC_HASCLASSVISIBILITY -O2 -Wall -W -fPIC  conftest.c >&5
configure:13329: $? = 0
configure:13329: result: yes
configure:13329: checking sys/select.h presence
configure:13329: /home/morris/SUDA_V3S/toolchains/gcc-linaro-6.4.1-2017.11-x86_64_arm-linux-gnueabihf/bin/arm-linux-gnueabihf-gcc -E  conftest.c
configure:13329: $? = 0
configure:13329: result: yes
configure:13329: checking for sys/select.h
configure:13329: result: yes
configure:13329: checking sys/socket.h usability
configure:13329: /home/morris/SUDA_V3S/toolchains/gcc-linaro-6.4.1-2017.11-x86_64_arm-linux-gnueabihf/bin/arm-linux-gnueabihf-gcc -c -DGCC_HASCLASSVISIBILITY -O2 -Wall -W -fPIC  conftest.c >&5
configure:13329: $? = 0
configure:13329: result: yes
configure:13329: checking sys/socket.h presence
configure:13329: /home/morris/SUDA_V3S/toolchains/gcc-linaro-6.4.1-2017.11-x86_64_arm-linux-gnueabihf/bin/arm-linux-gnueabihf-gcc -E  conftest.c
configure:13329: $? = 0
configure:13329: result: yes
configure:13329: checking for sys/socket.h
configure:13329: result: yes
configure:13339: checking types of arguments for select
configure:13367: /home/morris/SUDA_V3S/toolchains/gcc-linaro-6.4.1-2017.11-x86_64_arm-linux-gnueabihf/bin/arm-linux-gnueabihf-gcc -c -DGCC_HASCLASSVISIBILITY -O2 -Wall -W -fPIC  conftest.c >&5
configure:13367: $? = 0
configure:13378: result: int,fd_set *,struct timeval *
configure:13401: checking return type of signal handlers
configure:13419: /home/morris/SUDA_V3S/toolchains/gcc-linaro-6.4.1-2017.11-x86_64_arm-linux-gnueabihf/bin/arm-linux-gnueabihf-gcc -c -DGCC_HASCLASSVISIBILITY -O2 -Wall -W -fPIC  conftest.c >&5
conftest.c: In function 'main':
conftest.c:54:10: error: void value not ignored as it ought to be
 return *(signal (0, 0)) (0) == 1;
         ~^~~~~~~~~~~~~~~~~~
configure:13419: $? = 1
configure: failed program was:
| /* confdefs.h */
| #define PACKAGE_NAME "tslib"
| #define PACKAGE_TARNAME "tslib"
| #define PACKAGE_VERSION "1.15"
| #define PACKAGE_STRING "tslib 1.15"
| #define PACKAGE_BUGREPORT "tslib@lists.infradead.org"
| #define PACKAGE_URL "http://tslib.org"
| #define PACKAGE "tslib"
| #define VERSION "1.15"
| #define STDC_HEADERS 1
| #define HAVE_SYS_TYPES_H 1
| #define HAVE_SYS_STAT_H 1
| #define HAVE_STDLIB_H 1
| #define HAVE_STRING_H 1
| #define HAVE_MEMORY_H 1
| #define HAVE_STRINGS_H 1
| #define HAVE_INTTYPES_H 1
| #define HAVE_STDINT_H 1
| #define HAVE_UNISTD_H 1
| #define HAVE_DLFCN_H 1
| #define LT_OBJDIR ".libs/"
| #define HAVE_LIBDL 1
| #define HAVE_ALLOCA_H 1
| #define HAVE_ALLOCA 1
| #define STDC_HEADERS 1
| #define HAVE_FCNTL_H 1
| #define HAVE_LIMITS_H 1
| #define HAVE_STDLIB_H 1
| #define HAVE_STRING_H 1
| #define HAVE_SYS_IOCTL_H 1
| #define HAVE_SYS_TIME_H 1
| #define HAVE_UNISTD_H 1
| #define HAVE_STDINT_H 1
| #define HAVE_SYS_TYPES_H 1
| #define HAVE_ERRNO_H 1
| #define HAVE_DIRENT_H 1
| #define TIME_WITH_SYS_TIME 1
| #define HAVE_STDLIB_H 1
| #define HAVE_UNISTD_H 1
| #define HAVE_SYS_PARAM_H 1
| #define HAVE_GETPAGESIZE 1
| #define HAVE_SYS_SELECT_H 1
| #define HAVE_SYS_SOCKET_H 1
| #define SELECT_TYPE_ARG1 int
| #define SELECT_TYPE_ARG234 (fd_set *)
| #define SELECT_TYPE_ARG5 (struct timeval *)
| /* end confdefs.h.  */
| #include <sys/types.h>
| #include <signal.h>
| 
| int
| main ()
| {
| return *(signal (0, 0)) (0) == 1;
|   ;
|   return 0;
| }
configure:13426: result: void
configure:13434: checking whether lstat correctly handles trailing slash
configure:13477: result: no
configure:13496: checking whether stat accepts an empty string
configure:13526: result: yes
configure:13544: checking for vprintf
configure:13544: /home/morris/SUDA_V3S/toolchains/gcc-linaro-6.4.1-2017.11-x86_64_arm-linux-gnueabihf/bin/arm-linux-gnueabihf-gcc -o conftest -DGCC_HASCLASSVISIBILITY -O2 -Wall -W -fPIC   conftest.c -ldl  >&5
conftest.c:73:6: warning: conflicting types for built-in function 'vprintf'
 char vprintf ();
      ^~~~~~~
configure:13544: $? = 0
configure:13544: result: yes
configure:13550: checking for _doprnt
configure:13550: /home/morris/SUDA_V3S/toolchains/gcc-linaro-6.4.1-2017.11-x86_64_arm-linux-gnueabihf/bin/arm-linux-gnueabihf-gcc -o conftest -DGCC_HASCLASSVISIBILITY -O2 -Wall -W -fPIC   conftest.c -ldl  >&5
/tmp/cckXTM2O.o: In function `main':
conftest.c:(.text.startup+0x2): undefined reference to `_doprnt'
collect2: error: ld returned 1 exit status
configure:13550: $? = 1
configure: failed program was:
| /* confdefs.h */
| #define PACKAGE_NAME "tslib"
| #define PACKAGE_TARNAME "tslib"
| #define PACKAGE_VERSION "1.15"
| #define PACKAGE_STRING "tslib 1.15"
| #define PACKAGE_BUGREPORT "tslib@lists.infradead.org"
| #define PACKAGE_URL "http://tslib.org"
| #define PACKAGE "tslib"
| #define VERSION "1.15"
| #define STDC_HEADERS 1
| #define HAVE_SYS_TYPES_H 1
| #define HAVE_SYS_STAT_H 1
| #define HAVE_STDLIB_H 1
| #define HAVE_STRING_H 1
| #define HAVE_MEMORY_H 1
| #define HAVE_STRINGS_H 1
| #define HAVE_INTTYPES_H 1
| #define HAVE_STDINT_H 1
| #define HAVE_UNISTD_H 1
| #define HAVE_DLFCN_H 1
| #define LT_OBJDIR ".libs/"
| #define HAVE_LIBDL 1
| #define HAVE_ALLOCA_H 1
| #define HAVE_ALLOCA 1
| #define STDC_HEADERS 1
| #define HAVE_FCNTL_H 1
| #define HAVE_LIMITS_H 1
| #define HAVE_STDLIB_H 1
| #define HAVE_STRING_H 1
| #define HAVE_SYS_IOCTL_H 1
| #define HAVE_SYS_TIME_H 1
| #define HAVE_UNISTD_H 1
| #define HAVE_STDINT_H 1
| #define HAVE_SYS_TYPES_H 1
| #define HAVE_ERRNO_H 1
| #define HAVE_DIRENT_H 1
| #define TIME_WITH_SYS_TIME 1
| #define HAVE_STDLIB_H 1
| #define HAVE_UNISTD_H 1
| #define HAVE_SYS_PARAM_H 1
| #define HAVE_GETPAGESIZE 1
| #define HAVE_SYS_SELECT_H 1
| #define HAVE_SYS_SOCKET_H 1
| #define SELECT_TYPE_ARG1 int
| #define SELECT_TYPE_ARG234 (fd_set *)
| #define SELECT_TYPE_ARG5 (struct timeval *)
| #define RETSIGTYPE void
| #define HAVE_STAT_EMPTY_STRING_BUG 1
| #define HAVE_VPRINTF 1
| /* end confdefs.h.  */
| /* Define _doprnt to an innocuous variant, in case <limits.h> declares _doprnt.
|    For example, HP-UX 11i <limits.h> declares gettimeofday.  */
| #define _doprnt innocuous__doprnt
| 
| /* System header to define __stub macros and hopefully few prototypes,
|     which can conflict with char _doprnt (); below.
|     Prefer <limits.h> to <assert.h> if __STDC__ is defined, since
|     <limits.h> exists even on freestanding compilers.  */
| 
| #ifdef __STDC__
| # include <limits.h>
| #else
| # include <assert.h>
| #endif
| 
| #undef _doprnt
| 
| /* Override any GCC internal prototype to avoid an error.
|    Use char because int might match the return type of a GCC
|    builtin and then its argument prototype would still apply.  */
| #ifdef __cplusplus
| extern "C"
| #endif
| char _doprnt ();
| /* The GNU C library defines this for functions which it implements
|     to always fail with ENOSYS.  Some functions are actually named
|     something starting with __ and the normal name is an alias.  */
| #if defined __stub__doprnt || defined __stub____doprnt
| choke me
| #endif
| 
| int
| main ()
| {
| return _doprnt ();
|   ;
|   return 0;
| }
configure:13550: result: no
configure:13564: checking for gettimeofday
configure:13564: /home/morris/SUDA_V3S/toolchains/gcc-linaro-6.4.1-2017.11-x86_64_arm-linux-gnueabihf/bin/arm-linux-gnueabihf-gcc -o conftest -DGCC_HASCLASSVISIBILITY -O2 -Wall -W -fPIC   conftest.c -ldl  >&5
configure:13564: $? = 0
configure:13564: result: yes
configure:13564: checking for memmove
configure:13564: /home/morris/SUDA_V3S/toolchains/gcc-linaro-6.4.1-2017.11-x86_64_arm-linux-gnueabihf/bin/arm-linux-gnueabihf-gcc -o conftest -DGCC_HASCLASSVISIBILITY -O2 -Wall -W -fPIC   conftest.c -ldl  >&5
conftest.c:75:6: warning: conflicting types for built-in function 'memmove'
 char memmove ();
      ^~~~~~~
configure:13564: $? = 0
configure:13564: result: yes
configure:13564: checking for memset
configure:13564: /home/morris/SUDA_V3S/toolchains/gcc-linaro-6.4.1-2017.11-x86_64_arm-linux-gnueabihf/bin/arm-linux-gnueabihf-gcc -o conftest -DGCC_HASCLASSVISIBILITY -O2 -Wall -W -fPIC   conftest.c -ldl  >&5
conftest.c:76:6: warning: conflicting types for built-in function 'memset'
 char memset ();
      ^~~~~~
configure:13564: $? = 0
configure:13564: result: yes
configure:13564: checking for munmap
configure:13564: /home/morris/SUDA_V3S/toolchains/gcc-linaro-6.4.1-2017.11-x86_64_arm-linux-gnueabihf/bin/arm-linux-gnueabihf-gcc -o conftest -DGCC_HASCLASSVISIBILITY -O2 -Wall -W -fPIC   conftest.c -ldl  >&5
configure:13564: $? = 0
configure:13564: result: yes
configure:13564: checking for select
configure:13564: /home/morris/SUDA_V3S/toolchains/gcc-linaro-6.4.1-2017.11-x86_64_arm-linux-gnueabihf/bin/arm-linux-gnueabihf-gcc -o conftest -DGCC_HASCLASSVISIBILITY -O2 -Wall -W -fPIC   conftest.c -ldl  >&5
configure:13564: $? = 0
configure:13564: result: yes
configure:13564: checking for strcasecmp
configure:13564: /home/morris/SUDA_V3S/toolchains/gcc-linaro-6.4.1-2017.11-x86_64_arm-linux-gnueabihf/bin/arm-linux-gnueabihf-gcc -o conftest -DGCC_HASCLASSVISIBILITY -O2 -Wall -W -fPIC   conftest.c -ldl  >&5
conftest.c:79:6: warning: conflicting types for built-in function 'strcasecmp'
 char strcasecmp ();
      ^~~~~~~~~~
configure:13564: $? = 0
configure:13564: result: yes
configure:13564: checking for strchr
configure:13564: /home/morris/SUDA_V3S/toolchains/gcc-linaro-6.4.1-2017.11-x86_64_arm-linux-gnueabihf/bin/arm-linux-gnueabihf-gcc -o conftest -DGCC_HASCLASSVISIBILITY -O2 -Wall -W -fPIC   conftest.c -ldl  >&5
conftest.c:80:6: warning: conflicting types for built-in function 'strchr'
 char strchr ();
      ^~~~~~
configure:13564: $? = 0
configure:13564: result: yes
configure:13564: checking for strdup
configure:13564: /home/morris/SUDA_V3S/toolchains/gcc-linaro-6.4.1-2017.11-x86_64_arm-linux-gnueabihf/bin/arm-linux-gnueabihf-gcc -o conftest -DGCC_HASCLASSVISIBILITY -O2 -Wall -W -fPIC   conftest.c -ldl  >&5
conftest.c:81:6: warning: conflicting types for built-in function 'strdup'
 char strdup ();
      ^~~~~~
configure:13564: $? = 0
configure:13564: result: yes
configure:13564: checking for strtoul
configure:13564: /home/morris/SUDA_V3S/toolchains/gcc-linaro-6.4.1-2017.11-x86_64_arm-linux-gnueabihf/bin/arm-linux-gnueabihf-gcc -o conftest -DGCC_HASCLASSVISIBILITY -O2 -Wall -W -fPIC   conftest.c -ldl  >&5
configure:13564: $? = 0
configure:13564: result: yes
configure:13564: checking for strtol
configure:13564: /home/morris/SUDA_V3S/toolchains/gcc-linaro-6.4.1-2017.11-x86_64_arm-linux-gnueabihf/bin/arm-linux-gnueabihf-gcc -o conftest -DGCC_HASCLASSVISIBILITY -O2 -Wall -W -fPIC   conftest.c -ldl  >&5
configure:13564: $? = 0
configure:13564: result: yes
configure:13564: checking for strsep
configure:13564: /home/morris/SUDA_V3S/toolchains/gcc-linaro-6.4.1-2017.11-x86_64_arm-linux-gnueabihf/bin/arm-linux-gnueabihf-gcc -o conftest -DGCC_HASCLASSVISIBILITY -O2 -Wall -W -fPIC   conftest.c -ldl  >&5
configure:13564: $? = 0
configure:13564: result: yes
configure:13586: checking whether debounce module is requested
configure:13596: result: yes
configure:13625: checking whether dejitter module is requested
configure:13635: result: yes
configure:13664: checking whether iir module is requested
configure:13674: result: yes
configure:13703: checking whether linear module is requested
configure:13713: result: yes
configure:13742: checking whether median module is requested
configure:13752: result: yes
configure:13781: checking whether pthres module is requested
configure:13791: result: yes
configure:13820: checking whether skip module is requested
configure:13830: result: yes
configure:13859: checking whether lowpass module is requested
configure:13869: result: yes
configure:13898: checking whether invert module is requested
configure:13908: result: yes
configure:13937: checking whether variance module is requested
configure:13947: result: yes
configure:13980: checking whether input module is requested
configure:13990: result: yes
configure:14021: checking whether tatung module is requested
configure:14031: result: yes
configure:14060: checking whether touchkit module is requested
configure:14070: result: yes
configure:14099: checking whether waveshare module is requested
configure:14109: result: yes
configure:14140: checking whether ucb1x00 module is requested
configure:14150: result: no
configure:14179: checking whether mk712 module is requested
configure:14189: result: no
configure:14218: checking whether h3600 module is requested
configure:14228: result: no
configure:14257: checking whether dmc module is requested
configure:14267: result: no
configure:14296: checking whether linear-h2200 module is requested
configure:14306: result: no
configure:14335: checking whether corgi module is requested
configure:14345: result: no
configure:14374: checking whether collie module is requested
configure:14384: result: no
configure:14413: checking whether arctic2 module is requested
configure:14423: result: no
configure:14452: checking whether dmc_dus3000 module is requested
configure:14462: result: no
configure:14491: checking whether cy8mrln-palmpre module is requested
configure:14501: result: no
configure:14530: checking whether galax module is requested
configure:14540: result: no
configure:14568: checking where to place modules
configure:14578: result: ${libdir}/ts
configure:14582: checking whether to enable debugging
configure:14591: result: no
configure:14609: checking whether to enable tools
configure:14626: result: yes
configure:14852: checking that generated files are newer than configure
configure:14858: result: done
configure:15113: creating ./config.status

## ---------------------- ##
## Running config.status. ##
## ---------------------- ##

This file was extended by tslib config.status 1.15, which was
generated by GNU Autoconf 2.69.  Invocation command line was

  CONFIG_FILES    = 
  CONFIG_HEADERS  = 
  CONFIG_LINKS    = 
  CONFIG_COMMANDS = 
  $ ./config.status 

on morris

config.status:1264: creating Makefile
config.status:1264: creating etc/Makefile
config.status:1264: creating plugins/Makefile
config.status:1264: creating src/Makefile
config.status:1264: creating tests/Makefile
config.status:1264: creating tools/Makefile
config.status:1264: creating doc/Makefile
config.status:1264: creating tslib.pc
config.status:1264: creating config.h
config.status:1493: executing depfiles commands
config.status:1493: executing libtool commands

## ---------------- ##
## Cache variables. ##
## ---------------- ##

ac_cv_build=x86_64-pc-linux-gnu
ac_cv_c_compiler_gnu=yes
ac_cv_c_const=yes
ac_cv_c_inline=inline
ac_cv_c_uint16_t=yes
ac_cv_c_uint8_t=yes
ac_cv_env_CC_set=set
ac_cv_env_CC_value=/home/morris/SUDA_V3S/toolchains/gcc-linaro-6.4.1-2017.11-x86_64_arm-linux-gnueabihf/bin/arm-linux-gnueabihf-gcc
ac_cv_env_CFLAGS_set=
ac_cv_env_CFLAGS_value=
ac_cv_env_CPPFLAGS_set=
ac_cv_env_CPPFLAGS_value=
ac_cv_env_CPP_set=
ac_cv_env_CPP_value=
ac_cv_env_LDFLAGS_set=
ac_cv_env_LDFLAGS_value=
ac_cv_env_LIBS_set=
ac_cv_env_LIBS_value=
ac_cv_env_LT_SYS_LIBRARY_PATH_set=
ac_cv_env_LT_SYS_LIBRARY_PATH_value=
ac_cv_env_build_alias_set=
ac_cv_env_build_alias_value=
ac_cv_env_host_alias_set=set
ac_cv_env_host_alias_value=arm-linux-gnueabihf
ac_cv_env_target_alias_set=
ac_cv_env_target_alias_value=
ac_cv_func__doprnt=no
ac_cv_func_alloca_works=yes
ac_cv_func_dlopen=no
ac_cv_func_getpagesize=yes
ac_cv_func_gettimeofday=yes
ac_cv_func_lstat_dereferences_slashed_symlink=no
ac_cv_func_memmove=yes
ac_cv_func_memset=yes
ac_cv_func_mmap_fixed_mapped=no
ac_cv_func_munmap=yes
ac_cv_func_select=yes
ac_cv_func_select_args='int,fd_set *,struct timeval *'
ac_cv_func_shl_load=no
ac_cv_func_stat_empty_string_bug=yes
ac_cv_func_strcasecmp=yes
ac_cv_func_strchr=yes
ac_cv_func_strdup=yes
ac_cv_func_strsep=yes
ac_cv_func_strtol=yes
ac_cv_func_strtoul=yes
ac_cv_func_vprintf=yes
ac_cv_header_dirent_h=yes
ac_cv_header_dlfcn_h=yes
ac_cv_header_errno_h=yes
ac_cv_header_fcntl_h=yes
ac_cv_header_inttypes_h=yes
ac_cv_header_limits_h=yes
ac_cv_header_linux_spi_cy8mrln_h=no
ac_cv_header_memory_h=yes
ac_cv_header_stdc=yes
ac_cv_header_stdint_h=yes
ac_cv_header_stdlib_h=yes
ac_cv_header_string_h=yes
ac_cv_header_strings_h=yes
ac_cv_header_sys_ioctl_h=yes
ac_cv_header_sys_param_h=yes
ac_cv_header_sys_select_h=yes
ac_cv_header_sys_socket_h=yes
ac_cv_header_sys_stat_h=yes
ac_cv_header_sys_time_h=yes
ac_cv_header_sys_types_h=yes
ac_cv_header_time=yes
ac_cv_header_unistd_h=yes
ac_cv_host=arm-unknown-linux-gnueabihf
ac_cv_lib_dl_dlopen=yes
ac_cv_lib_dld_shl_load=no
ac_cv_objext=o
ac_cv_path_EGREP='/bin/grep -E'
ac_cv_path_FGREP='/bin/grep -F'
ac_cv_path_GREP=/bin/grep
ac_cv_path_SED=/bin/sed
ac_cv_path_install='/usr/bin/install -c'
ac_cv_path_lt_DD=/bin/dd
ac_cv_path_mkdir=/bin/mkdir
ac_cv_prog_AR=arm-linux-gnueabihf-ar
ac_cv_prog_AWK=gawk
ac_cv_prog_CC=/home/morris/SUDA_V3S/toolchains/gcc-linaro-6.4.1-2017.11-x86_64_arm-linux-gnueabihf/bin/arm-linux-gnueabihf-gcc
ac_cv_prog_CPP='/home/morris/SUDA_V3S/toolchains/gcc-linaro-6.4.1-2017.11-x86_64_arm-linux-gnueabihf/bin/arm-linux-gnueabihf-gcc -E'
ac_cv_prog_OBJDUMP=arm-linux-gnueabihf-objdump
ac_cv_prog_RANLIB=arm-linux-gnueabihf-ranlib
ac_cv_prog_STRIP=arm-linux-gnueabihf-strip
ac_cv_prog_ac_ct_MANIFEST_TOOL=mt
ac_cv_prog_cc_c89=
ac_cv_prog_cc_g=yes
ac_cv_prog_gcc_traditional=no
ac_cv_prog_make_make_set=yes
ac_cv_type_signal=void
ac_cv_type_size_t=yes
ac_cv_working_alloca_h=yes
am_cv_CC_dependencies_compiler_type=none
am_cv_make_support_nested_variables=yes
am_cv_prog_cc_c_o=yes
bb_cv_cc_supports_hidden_visibility=yes
lt_cv_ar_at_file=@
lt_cv_archive_cmds_need_lc=no
lt_cv_deplibs_check_method=pass_all
lt_cv_dlopen=dlopen
lt_cv_dlopen_libs=-ldl
lt_cv_dlopen_self=cross
lt_cv_file_magic_cmd='$MAGIC_CMD'
lt_cv_file_magic_test_file=
lt_cv_ld_reload_flag=-r
lt_cv_nm_interface='BSD nm'
lt_cv_objdir=.libs
lt_cv_path_LD=/home/morris/SUDA_V3S/toolchains/gcc-linaro-6.4.1-2017.11-x86_64_arm-linux-gnueabihf/arm-linux-gnueabihf/bin/ld
lt_cv_path_NM='/home/morris/SUDA_V3S/toolchains/gcc-linaro-6.4.1-2017.11-x86_64_arm-linux-gnueabihf/bin/arm-linux-gnueabihf-nm -B'
lt_cv_path_mainfest_tool=no
lt_cv_prog_compiler_c_o=yes
lt_cv_prog_compiler_pic='-fPIC -DPIC'
lt_cv_prog_compiler_pic_works=yes
lt_cv_prog_compiler_rtti_exceptions=no
lt_cv_prog_compiler_static_works=yes
lt_cv_prog_gnu_ld=yes
lt_cv_sharedlib_from_linklib_cmd='printf %s\n'
lt_cv_shlibpath_overrides_runpath=no
lt_cv_sys_global_symbol_pipe='sed -n -e '\''s/^.*[	 ]\([ABCDGIRSTW][ABCDGIRSTW]*\)[	 ][	 ]*\([_A-Za-z][_A-Za-z0-9]*\)$/\1 \2 \2/p'\'' | sed '\''/ __gnu_lto/d'\'''
lt_cv_sys_global_symbol_to_c_name_address='sed -n -e '\''s/^: \(.*\) .*$/  {"\1", (void *) 0},/p'\'' -e '\''s/^[ABCDGIRSTW][ABCDGIRSTW]* .* \(.*\)$/  {"\1", (void *) \&\1},/p'\'''
lt_cv_sys_global_symbol_to_c_name_address_lib_prefix='sed -n -e '\''s/^: \(.*\) .*$/  {"\1", (void *) 0},/p'\'' -e '\''s/^[ABCDGIRSTW][ABCDGIRSTW]* .* \(lib.*\)$/  {"\1", (void *) \&\1},/p'\'' -e '\''s/^[ABCDGIRSTW][ABCDGIRSTW]* .* \(.*\)$/  {"lib\1", (void *) \&\1},/p'\'''
lt_cv_sys_global_symbol_to_cdecl='sed -n -e '\''s/^T .* \(.*\)$/extern int \1();/p'\'' -e '\''s/^[ABCDGIRSTW][ABCDGIRSTW]* .* \(.*\)$/extern char \1;/p'\'''
lt_cv_sys_global_symbol_to_import=
lt_cv_sys_max_cmd_len=1572864
lt_cv_to_host_file_cmd=func_convert_file_noop
lt_cv_to_tool_file_cmd=func_convert_file_noop
lt_cv_truncate_bin='/bin/dd bs=4096 count=1'

## ----------------- ##
## Output variables. ##
## ----------------- ##

ACLOCAL='${SHELL} /home/morris/SUDA_V3S/3rdpart/tslib-1.15/missing aclocal-1.15'
ALLOCA=''
AMDEPBACKSLASH=''
AMDEP_FALSE=''
AMDEP_TRUE='#'
AMTAR='$${TAR-tar}'
AM_BACKSLASH='\'
AM_DEFAULT_V='$(AM_DEFAULT_VERBOSITY)'
AM_DEFAULT_VERBOSITY='0'
AM_V='$(V)'
AR='arm-linux-gnueabihf-ar'
AUTOCONF='${SHELL} /home/morris/SUDA_V3S/3rdpart/tslib-1.15/missing autoconf'
AUTOHEADER='${SHELL} /home/morris/SUDA_V3S/3rdpart/tslib-1.15/missing autoheader'
AUTOMAKE='${SHELL} /home/morris/SUDA_V3S/3rdpart/tslib-1.15/missing automake-1.15'
AWK='gawk'
CC='/home/morris/SUDA_V3S/toolchains/gcc-linaro-6.4.1-2017.11-x86_64_arm-linux-gnueabihf/bin/arm-linux-gnueabihf-gcc'
CCDEPMODE='depmode=none'
CFLAGS='-DGCC_HASCLASSVISIBILITY -O2 -Wall -W -fPIC'
CPP='/home/morris/SUDA_V3S/toolchains/gcc-linaro-6.4.1-2017.11-x86_64_arm-linux-gnueabihf/bin/arm-linux-gnueabihf-gcc -E'
CPPFLAGS=''
CYGPATH_W='echo'
DEBUGFLAGS=''
DEFS='-DHAVE_CONFIG_H'
DEPDIR='.deps'
DLLTOOL='false'
DSYMUTIL=''
DUMPBIN=''
ECHO_C=''
ECHO_N='-n'
ECHO_T=''
EGREP='/bin/grep -E'
ENABLE_ARCTIC2_MODULE_FALSE=''
ENABLE_ARCTIC2_MODULE_TRUE='#'
ENABLE_COLLIE_MODULE_FALSE=''
ENABLE_COLLIE_MODULE_TRUE='#'
ENABLE_CORGI_MODULE_FALSE=''
ENABLE_CORGI_MODULE_TRUE='#'
ENABLE_CY8MRLN_PALMPRE_MODULE_FALSE=''
ENABLE_CY8MRLN_PALMPRE_MODULE_TRUE='#'
ENABLE_DEBOUNCE_MODULE_FALSE='#'
ENABLE_DEBOUNCE_MODULE_TRUE=''
ENABLE_DEJITTER_MODULE_FALSE='#'
ENABLE_DEJITTER_MODULE_TRUE=''
ENABLE_DMC_DUS3000_MODULE_FALSE=''
ENABLE_DMC_DUS3000_MODULE_TRUE='#'
ENABLE_DMC_MODULE_FALSE=''
ENABLE_DMC_MODULE_TRUE='#'
ENABLE_GALAX_MODULE_FALSE=''
ENABLE_GALAX_MODULE_TRUE='#'
ENABLE_H3600_MODULE_FALSE=''
ENABLE_H3600_MODULE_TRUE='#'
ENABLE_IIR_MODULE_FALSE='#'
ENABLE_IIR_MODULE_TRUE=''
ENABLE_INPUT_MODULE_FALSE='#'
ENABLE_INPUT_MODULE_TRUE=''
ENABLE_INVERT_MODULE_FALSE='#'
ENABLE_INVERT_MODULE_TRUE=''
ENABLE_LINEAR_H2200_MODULE_FALSE=''
ENABLE_LINEAR_H2200_MODULE_TRUE='#'
ENABLE_LINEAR_MODULE_FALSE='#'
ENABLE_LINEAR_MODULE_TRUE=''
ENABLE_LOWPASS_MODULE_FALSE='#'
ENABLE_LOWPASS_MODULE_TRUE=''
ENABLE_MEDIAN_MODULE_FALSE='#'
ENABLE_MEDIAN_MODULE_TRUE=''
ENABLE_MK712_MODULE_FALSE=''
ENABLE_MK712_MODULE_TRUE='#'
ENABLE_PTHRES_MODULE_FALSE='#'
ENABLE_PTHRES_MODULE_TRUE=''
ENABLE_SKIP_MODULE_FALSE='#'
ENABLE_SKIP_MODULE_TRUE=''
ENABLE_STATIC_ARCTIC2_MODULE_FALSE=''
ENABLE_STATIC_ARCTIC2_MODULE_TRUE='#'
ENABLE_STATIC_COLLIE_MODULE_FALSE=''
ENABLE_STATIC_COLLIE_MODULE_TRUE='#'
ENABLE_STATIC_CORGI_MODULE_FALSE=''
ENABLE_STATIC_CORGI_MODULE_TRUE='#'
ENABLE_STATIC_CY8MRLN_PALMPRE_MODULE_FALSE=''
ENABLE_STATIC_CY8MRLN_PALMPRE_MODULE_TRUE='#'
ENABLE_STATIC_DEBOUNCE_MODULE_FALSE=''
ENABLE_STATIC_DEBOUNCE_MODULE_TRUE='#'
ENABLE_STATIC_DEJITTER_MODULE_FALSE=''
ENABLE_STATIC_DEJITTER_MODULE_TRUE='#'
ENABLE_STATIC_DMC_DUS3000_MODULE_FALSE=''
ENABLE_STATIC_DMC_DUS3000_MODULE_TRUE='#'
ENABLE_STATIC_DMC_MODULE_FALSE=''
ENABLE_STATIC_DMC_MODULE_TRUE='#'
ENABLE_STATIC_GALAX_MODULE_FALSE=''
ENABLE_STATIC_GALAX_MODULE_TRUE='#'
ENABLE_STATIC_H3600_MODULE_FALSE=''
ENABLE_STATIC_H3600_MODULE_TRUE='#'
ENABLE_STATIC_IIR_MODULE_FALSE=''
ENABLE_STATIC_IIR_MODULE_TRUE='#'
ENABLE_STATIC_INPUT_MODULE_FALSE=''
ENABLE_STATIC_INPUT_MODULE_TRUE='#'
ENABLE_STATIC_INVERT_MODULE_FALSE=''
ENABLE_STATIC_INVERT_MODULE_TRUE='#'
ENABLE_STATIC_LINEAR_H2200_MODULE_FALSE=''
ENABLE_STATIC_LINEAR_H2200_MODULE_TRUE='#'
ENABLE_STATIC_LINEAR_MODULE_FALSE=''
ENABLE_STATIC_LINEAR_MODULE_TRUE='#'
ENABLE_STATIC_LOWPASS_MODULE_FALSE=''
ENABLE_STATIC_LOWPASS_MODULE_TRUE='#'
ENABLE_STATIC_MEDIAN_MODULE_FALSE=''
ENABLE_STATIC_MEDIAN_MODULE_TRUE='#'
ENABLE_STATIC_MK712_MODULE_FALSE=''
ENABLE_STATIC_MK712_MODULE_TRUE='#'
ENABLE_STATIC_PTHRES_MODULE_FALSE=''
ENABLE_STATIC_PTHRES_MODULE_TRUE='#'
ENABLE_STATIC_SKIP_MODULE_FALSE=''
ENABLE_STATIC_SKIP_MODULE_TRUE='#'
ENABLE_STATIC_TATUNG_MODULE_FALSE=''
ENABLE_STATIC_TATUNG_MODULE_TRUE='#'
ENABLE_STATIC_TOUCHKIT_MODULE_FALSE=''
ENABLE_STATIC_TOUCHKIT_MODULE_TRUE='#'
ENABLE_STATIC_UCB1X00_MODULE_FALSE=''
ENABLE_STATIC_UCB1X00_MODULE_TRUE='#'
ENABLE_STATIC_VARIANCE_MODULE_FALSE=''
ENABLE_STATIC_VARIANCE_MODULE_TRUE='#'
ENABLE_STATIC_WAVESHARE_MODULE_FALSE=''
ENABLE_STATIC_WAVESHARE_MODULE_TRUE='#'
ENABLE_TATUNG_MODULE_FALSE='#'
ENABLE_TATUNG_MODULE_TRUE=''
ENABLE_TOOLS_FALSE='#'
ENABLE_TOOLS_TRUE=''
ENABLE_TOUCHKIT_MODULE_FALSE='#'
ENABLE_TOUCHKIT_MODULE_TRUE=''
ENABLE_UCB1X00_MODULE_FALSE=''
ENABLE_UCB1X00_MODULE_TRUE='#'
ENABLE_VARIANCE_MODULE_FALSE='#'
ENABLE_VARIANCE_MODULE_TRUE=''
ENABLE_WAVESHARE_MODULE_FALSE='#'
ENABLE_WAVESHARE_MODULE_TRUE=''
EXEEXT=''
FGREP='/bin/grep -F'
FREEBSD_FALSE=''
FREEBSD_TRUE='#'
GREP='/bin/grep'
HAIKU_FALSE=''
HAIKU_TRUE='#'
HAVE_STRSEP_FALSE=''
HAVE_STRSEP_TRUE='#'
HURD_FALSE=''
HURD_TRUE='#'
INSTALL_DATA='${INSTALL} -m 644'
INSTALL_PROGRAM='${INSTALL}'
INSTALL_SCRIPT='${INSTALL}'
INSTALL_STRIP_PROGRAM='$(install_sh) -c -s'
LD='/home/morris/SUDA_V3S/toolchains/gcc-linaro-6.4.1-2017.11-x86_64_arm-linux-gnueabihf/arm-linux-gnueabihf/bin/ld'
LDFLAGS=''
LIBFLAGS='-DTSLIB_INTERNAL'
LIBOBJS=' ${LIBOBJDIR}lstat$U.o ${LIBOBJDIR}stat$U.o'
LIBS='-ldl '
LIBTOOL='$(SHELL) $(top_builddir)/libtool'
LIBTS_VERSION_AGE='$LT_AGE'
LIBTS_VERSION_CURRENT='$LT_CURRENT'
LIBTS_VERSION_REVISION='$LT_REVISION'
LINUX_FALSE='#'
LINUX_TRUE=''
LIPO=''
LN_S='ln -s'
LTLIBOBJS=' ${LIBOBJDIR}lstat$U.lo ${LIBOBJDIR}stat$U.lo'
LT_AGE='9'
LT_CURRENT='9'
LT_REVISION='0'
LT_SYS_LIBRARY_PATH=''
MAKEINFO='${SHELL} /home/morris/SUDA_V3S/3rdpart/tslib-1.15/missing makeinfo'
MANIFEST_TOOL=':'
MKDIR_P='/bin/mkdir -p'
NM='/home/morris/SUDA_V3S/toolchains/gcc-linaro-6.4.1-2017.11-x86_64_arm-linux-gnueabihf/bin/arm-linux-gnueabihf-nm -B'
NMEDIT=''
OBJDUMP='arm-linux-gnueabihf-objdump'
OBJEXT='o'
OTOOL64=''
OTOOL=''
PACKAGE='tslib'
PACKAGE_BUGREPORT='tslib@lists.infradead.org'
PACKAGE_DESCRIPTION='Touchscreen Access Library'
PACKAGE_NAME='tslib'
PACKAGE_STRING='tslib 1.15'
PACKAGE_TARNAME='tslib'
PACKAGE_URL='http://tslib.org'
PACKAGE_VERSION='1.15'
PATH_SEPARATOR=':'
PLUGIN_DIR='${libdir}/ts'
RANLIB='arm-linux-gnueabihf-ranlib'
SDL_FALSE=''
SDL_TRUE='#'
SED='/bin/sed'
SET_MAKE=''
SHELL='/bin/bash'
STRIP='arm-linux-gnueabihf-strip'
TS_CONF='${sysconfdir}/ts.conf'
TS_POINTERCAL='${sysconfdir}/pointercal'
VERSION='1.15'
VIS_CFLAGS='-fvisibility=hidden'
WINDOWS_FALSE=''
WINDOWS_TRUE='#'
ac_ct_AR=''
ac_ct_CC=''
ac_ct_DUMPBIN=''
am__EXEEXT_FALSE=''
am__EXEEXT_TRUE='#'
am__fastdepCC_FALSE=''
am__fastdepCC_TRUE='#'
am__include='include'
am__isrc=''
am__leading_dot='.'
am__nodep=''
am__quote=''
am__tar='$${TAR-tar} chof - "$$tardir"'
am__untar='$${TAR-tar} xf -'
bindir='${exec_prefix}/bin'
build='x86_64-pc-linux-gnu'
build_alias=''
build_cpu='x86_64'
build_os='linux-gnu'
build_vendor='pc'
datadir='${datarootdir}'
datarootdir='${prefix}/share'
docdir='${datarootdir}/doc/${PACKAGE_TARNAME}'
dvidir='${docdir}'
exec_prefix='${prefix}'
host='arm-unknown-linux-gnueabihf'
host_alias='arm-linux-gnueabihf'
host_cpu='arm'
host_os='linux-gnueabihf'
host_vendor='unknown'
htmldir='${docdir}'
includedir='${prefix}/include'
infodir='${datarootdir}/info'
install_sh='${SHELL} /home/morris/SUDA_V3S/3rdpart/tslib-1.15/install-sh'
libdir='${exec_prefix}/lib'
libexecdir='${exec_prefix}/libexec'
localedir='${datarootdir}/locale'
localstatedir='${prefix}/var'
mandir='${datarootdir}/man'
mkdir_p='$(MKDIR_P)'
oldincludedir='/usr/include'
pdfdir='${docdir}'
prefix='/home/morris/SUDA_V3S/3rdpart/tslib-1.15/out'
program_transform_name='s,x,x,'
psdir='${docdir}'
runstatedir='${localstatedir}/run'
sbindir='${exec_prefix}/sbin'
sharedstatedir='${prefix}/com'
sysconfdir='${prefix}/etc'
target_alias=''

## ----------- ##
## confdefs.h. ##
## ----------- ##

/* confdefs.h */
#define PACKAGE_NAME "tslib"
#define PACKAGE_TARNAME "tslib"
#define PACKAGE_VERSION "1.15"
#define PACKAGE_STRING "tslib 1.15"
#define PACKAGE_BUGREPORT "tslib@lists.infradead.org"
#define PACKAGE_URL "http://tslib.org"
#define PACKAGE "tslib"
#define VERSION "1.15"
#define STDC_HEADERS 1
#define HAVE_SYS_TYPES_H 1
#define HAVE_SYS_STAT_H 1
#define HAVE_STDLIB_H 1
#define HAVE_STRING_H 1
#define HAVE_MEMORY_H 1
#define HAVE_STRINGS_H 1
#define HAVE_INTTYPES_H 1
#define HAVE_STDINT_H 1
#define HAVE_UNISTD_H 1
#define HAVE_DLFCN_H 1
#define LT_OBJDIR ".libs/"
#define HAVE_LIBDL 1
#define HAVE_ALLOCA_H 1
#define HAVE_ALLOCA 1
#define STDC_HEADERS 1
#define HAVE_FCNTL_H 1
#define HAVE_LIMITS_H 1
#define HAVE_STDLIB_H 1
#define HAVE_STRING_H 1
#define HAVE_SYS_IOCTL_H 1
#define HAVE_SYS_TIME_H 1
#define HAVE_UNISTD_H 1
#define HAVE_STDINT_H 1
#define HAVE_SYS_TYPES_H 1
#define HAVE_ERRNO_H 1
#define HAVE_DIRENT_H 1
#define TIME_WITH_SYS_TIME 1
#define HAVE_STDLIB_H 1
#define HAVE_UNISTD_H 1
#define HAVE_SYS_PARAM_H 1
#define HAVE_GETPAGESIZE 1
#define HAVE_SYS_SELECT_H 1
#define HAVE_SYS_SOCKET_H 1
#define SELECT_TYPE_ARG1 int
#define SELECT_TYPE_ARG234 (fd_set *)
#define SELECT_TYPE_ARG5 (struct timeval *)
#define RETSIGTYPE void
#define HAVE_STAT_EMPTY_STRING_BUG 1
#define HAVE_VPRINTF 1
#define HAVE_GETTIMEOFDAY 1
#define HAVE_MEMMOVE 1
#define HAVE_MEMSET 1
#define HAVE_MUNMAP 1
#define HAVE_SELECT 1
#define HAVE_STRCASECMP 1
#define HAVE_STRCHR 1
#define HAVE_STRDUP 1
#define HAVE_STRTOUL 1
#define HAVE_STRTOL 1
#define HAVE_STRSEP 1
#define LIBTS_VERSION_CURRENT 9
#define LIBTS_VERSION_REVISION 0
#define LIBTS_VERSION_AGE 9

configure: exit 0
