This file contains any messages produced by compilers while
running configure, to aid debugging if configure makes a mistake.

It was created by ethercat configure 1.5.2-sncn-5, which was
generated by GNU Autoconf 2.69.  Invocation command line was

  $ ./configure --with-linux-dir=/home/morris/SUDA_V3S/kernel/linux-zero-4.13.y/ --prefix=/home/morris/SUDA_V3S/3rdpart/ethercat-1.5.2-sncn-5/out --enable-8139too=no --host=arm-linux-gnueabihf CC=arm-linux-gnueabihf-gcc AR=arm-linux-gnueabihf-ar LD=arm-linux-gnueabihf-ld RANLIB=arm-linux-gnueabihf-ranlib AS=arm-linux-gnueabihf-as NM=arm-linux-gnueabihf-nm

## --------- ##
## Platform. ##
## --------- ##

hostname = morris
uname -m = x86_64
uname -r = 4.13.0-26-generic
uname -s = Linux
uname -v = #29~16.04.2-Ubuntu SMP Tue Jan 9 22:00:44 UTC 2018

/usr/bin/uname -p = unknown
/bin/uname -X     = unknown

/bin/arch              = unknown
/usr/bin/arch -k       = unknown
/usr/convex/getsysinfo = unknown
/usr/bin/hostinfo      = unknown
/bin/machine           = unknown
/usr/bin/oslevel       = unknown
/bin/universe          = unknown

PATH: /home/morris/bin
PATH: /home/morris/.local/bin
PATH: /usr/local/sbin
PATH: /usr/local/bin
PATH: /usr/sbin
PATH: /usr/bin
PATH: /sbin
PATH: /bin
PATH: /usr/games
PATH: /usr/local/games
PATH: /snap/bin
PATH: /home/morris/SUDA_V3S/toolchains/gcc-linaro-6.4.1-2017.11-x86_64_arm-linux-gnueabihf/bin


## ----------- ##
## Core tests. ##
## ----------- ##

configure:2439: checking for a BSD-compatible install
configure:2507: result: /usr/bin/install -c
configure:2518: checking whether build environment is sane
configure:2573: result: yes
configure:2632: checking for arm-linux-gnueabihf-strip
configure:2648: found /home/morris/SUDA_V3S/toolchains/gcc-linaro-6.4.1-2017.11-x86_64_arm-linux-gnueabihf/bin/arm-linux-gnueabihf-strip
configure:2659: result: arm-linux-gnueabihf-strip
configure:2724: checking for a thread-safe mkdir -p
configure:2763: result: /bin/mkdir -p
configure:2770: checking for gawk
configure:2786: found /usr/bin/gawk
configure:2797: result: gawk
configure:2808: checking whether make sets $(MAKE)
configure:2830: result: yes
configure:2859: checking whether make supports nested variables
configure:2876: result: yes
configure:3027: checking for style of include used by make
configure:3055: result: GNU
configure:3086: checking for arm-linux-gnueabihf-gcc
configure:3113: result: arm-linux-gnueabihf-gcc
configure:3382: checking for C compiler version
configure:3391: arm-linux-gnueabihf-gcc --version >&5
arm-linux-gnueabihf-gcc (Linaro GCC 6.4-2017.11) 6.4.1 20171012
Copyright (C) 2017 Free Software Foundation, Inc.
This is free software; see the source for copying conditions.  There is NO
warranty; not even for MERCHANTABILITY or FITNESS FOR A PARTICULAR PURPOSE.

configure:3402: $? = 0
configure:3391: arm-linux-gnueabihf-gcc -v >&5
Using built-in specs.
COLLECT_GCC=arm-linux-gnueabihf-gcc
COLLECT_LTO_WRAPPER=/home/morris/SUDA_V3S/toolchains/gcc-linaro-6.4.1-2017.11-x86_64_arm-linux-gnueabihf/bin/../libexec/gcc/arm-linux-gnueabihf/6.4.1/lto-wrapper
Target: arm-linux-gnueabihf
Configured with: '/home/tcwg-buildslave/workspace/tcwg-make-release/builder_arch/amd64/label/tcwg-x86_64-build/target/arm-linux-gnueabihf/snapshots/gcc.git~linaro-6.4-2017.11/configure' SHELL=/bin/bash --with-mpc=/home/tcwg-buildslave/workspace/tcwg-make-release/builder_arch/amd64/label/tcwg-x86_64-build/target/arm-linux-gnueabihf/_build/builds/destdir/x86_64-unknown-linux-gnu --with-mpfr=/home/tcwg-buildslave/workspace/tcwg-make-release/builder_arch/amd64/label/tcwg-x86_64-build/target/arm-linux-gnueabihf/_build/builds/destdir/x86_64-unknown-linux-gnu --with-gmp=/home/tcwg-buildslave/workspace/tcwg-make-release/builder_arch/amd64/label/tcwg-x86_64-build/target/arm-linux-gnueabihf/_build/builds/destdir/x86_64-unknown-linux-gnu --with-gnu-as --with-gnu-ld --disable-libmudflap --enable-lto --enable-shared --without-included-gettext --enable-nls --disable-sjlj-exceptions --enable-gnu-unique-object --enable-linker-build-id --disable-libstdcxx-pch --enable-c99 --enable-clocale=gnu --enable-libstdcxx-debug --enable-long-long --with-cloog=no --with-ppl=no --with-isl=no --disable-multilib --with-float=hard --with-fpu=vfpv3-d16 --with-mode=thumb --with-tune=cortex-a9 --with-arch=armv7-a --enable-threads=posix --enable-multiarch --enable-libstdcxx-time=yes --enable-gnu-indirect-function --with-build-sysroot=/home/tcwg-buildslave/workspace/tcwg-make-release/builder_arch/amd64/label/tcwg-x86_64-build/target/arm-linux-gnueabihf/_build/sysroots/arm-linux-gnueabihf --with-sysroot=/home/tcwg-buildslave/workspace/tcwg-make-release/builder_arch/amd64/label/tcwg-x86_64-build/target/arm-linux-gnueabihf/_build/builds/destdir/x86_64-unknown-linux-gnu/arm-linux-gnueabihf/libc --enable-checking=release --disable-bootstrap --enable-languages=c,c++,fortran,lto --build=x86_64-unknown-linux-gnu --host=x86_64-unknown-linux-gnu --target=arm-linux-gnueabihf --prefix=/home/tcwg-buildslave/workspace/tcwg-make-release/builder_arch/amd64/label/tcwg-x86_64-build/target/arm-linux-gnueabihf/_build/builds/destdir/x86_64-unknown-linux-gnu
Thread model: posix
gcc version 6.4.1 20171012 (Linaro GCC 6.4-2017.11) 
configure:3402: $? = 0
configure:3391: arm-linux-gnueabihf-gcc -V >&5
arm-linux-gnueabihf-gcc: error: unrecognized command line option '-V'
arm-linux-gnueabihf-gcc: fatal error: no input files
compilation terminated.
configure:3402: $? = 1
configure:3391: arm-linux-gnueabihf-gcc -qversion >&5
arm-linux-gnueabihf-gcc: error: unrecognized command line option '-qversion'; did you mean '--version'?
arm-linux-gnueabihf-gcc: fatal error: no input files
compilation terminated.
configure:3402: $? = 1
configure:3422: checking whether the C compiler works
configure:3444: arm-linux-gnueabihf-gcc    conftest.c  >&5
configure:3448: $? = 0
configure:3496: result: yes
configure:3499: checking for C compiler default output file name
configure:3501: result: a.out
configure:3507: checking for suffix of executables
configure:3514: arm-linux-gnueabihf-gcc -o conftest    conftest.c  >&5
configure:3518: $? = 0
configure:3540: result: 
configure:3562: checking whether we are cross compiling
configure:3570: arm-linux-gnueabihf-gcc -o conftest    conftest.c  >&5
configure:3574: $? = 0
configure:3581: ./conftest
/lib/ld-linux-armhf.so.3: No such file or directory
configure:3585: $? = 255
configure:3600: result: yes
configure:3605: checking for suffix of object files
configure:3627: arm-linux-gnueabihf-gcc -c   conftest.c >&5
configure:3631: $? = 0
configure:3652: result: o
configure:3656: checking whether we are using the GNU C compiler
configure:3675: arm-linux-gnueabihf-gcc -c   conftest.c >&5
configure:3675: $? = 0
configure:3684: result: yes
configure:3693: checking whether arm-linux-gnueabihf-gcc accepts -g
configure:3713: arm-linux-gnueabihf-gcc -c -g  conftest.c >&5
configure:3713: $? = 0
configure:3754: result: yes
configure:3771: checking for arm-linux-gnueabihf-gcc option to accept ISO C89
configure:3834: arm-linux-gnueabihf-gcc  -c -g -O2  conftest.c >&5
configure:3834: $? = 0
configure:3847: result: none needed
configure:3872: checking whether arm-linux-gnueabihf-gcc understands -c and -o together
configure:3894: arm-linux-gnueabihf-gcc -c conftest.c -o conftest2.o
configure:3897: $? = 0
configure:3894: arm-linux-gnueabihf-gcc -c conftest.c -o conftest2.o
configure:3897: $? = 0
configure:3909: result: yes
configure:3928: checking dependency style of arm-linux-gnueabihf-gcc
configure:4039: result: gcc3
configure:4061: checking for arm-linux-gnueabihf-ar
configure:4088: result: arm-linux-gnueabihf-ar
configure:4158: checking the archiver (arm-linux-gnueabihf-ar) interface
configure:4174: arm-linux-gnueabihf-gcc -c -g -O2  conftest.c >&5
configure:4174: $? = 0
configure:4176: arm-linux-gnueabihf-ar cru libconftest.a conftest.o >&5
configure:4179: $? = 0
configure:4207: result: ar
configure:4241: checking for arm-linux-gnueabihf-g++
configure:4257: found /home/morris/SUDA_V3S/toolchains/gcc-linaro-6.4.1-2017.11-x86_64_arm-linux-gnueabihf/bin/arm-linux-gnueabihf-g++
configure:4268: result: arm-linux-gnueabihf-g++
configure:4339: checking for C++ compiler version
configure:4348: arm-linux-gnueabihf-g++ --version >&5
arm-linux-gnueabihf-g++ (Linaro GCC 6.4-2017.11) 6.4.1 20171012
Copyright (C) 2017 Free Software Foundation, Inc.
This is free software; see the source for copying conditions.  There is NO
warranty; not even for MERCHANTABILITY or FITNESS FOR A PARTICULAR PURPOSE.

configure:4359: $? = 0
configure:4348: arm-linux-gnueabihf-g++ -v >&5
Using built-in specs.
COLLECT_GCC=arm-linux-gnueabihf-g++
COLLECT_LTO_WRAPPER=/home/morris/SUDA_V3S/toolchains/gcc-linaro-6.4.1-2017.11-x86_64_arm-linux-gnueabihf/bin/../libexec/gcc/arm-linux-gnueabihf/6.4.1/lto-wrapper
Target: arm-linux-gnueabihf
Configured with: '/home/tcwg-buildslave/workspace/tcwg-make-release/builder_arch/amd64/label/tcwg-x86_64-build/target/arm-linux-gnueabihf/snapshots/gcc.git~linaro-6.4-2017.11/configure' SHELL=/bin/bash --with-mpc=/home/tcwg-buildslave/workspace/tcwg-make-release/builder_arch/amd64/label/tcwg-x86_64-build/target/arm-linux-gnueabihf/_build/builds/destdir/x86_64-unknown-linux-gnu --with-mpfr=/home/tcwg-buildslave/workspace/tcwg-make-release/builder_arch/amd64/label/tcwg-x86_64-build/target/arm-linux-gnueabihf/_build/builds/destdir/x86_64-unknown-linux-gnu --with-gmp=/home/tcwg-buildslave/workspace/tcwg-make-release/builder_arch/amd64/label/tcwg-x86_64-build/target/arm-linux-gnueabihf/_build/builds/destdir/x86_64-unknown-linux-gnu --with-gnu-as --with-gnu-ld --disable-libmudflap --enable-lto --enable-shared --without-included-gettext --enable-nls --disable-sjlj-exceptions --enable-gnu-unique-object --enable-linker-build-id --disable-libstdcxx-pch --enable-c99 --enable-clocale=gnu --enable-libstdcxx-debug --enable-long-long --with-cloog=no --with-ppl=no --with-isl=no --disable-multilib --with-float=hard --with-fpu=vfpv3-d16 --with-mode=thumb --with-tune=cortex-a9 --with-arch=armv7-a --enable-threads=posix --enable-multiarch --enable-libstdcxx-time=yes --enable-gnu-indirect-function --with-build-sysroot=/home/tcwg-buildslave/workspace/tcwg-make-release/builder_arch/amd64/label/tcwg-x86_64-build/target/arm-linux-gnueabihf/_build/sysroots/arm-linux-gnueabihf --with-sysroot=/home/tcwg-buildslave/workspace/tcwg-make-release/builder_arch/amd64/label/tcwg-x86_64-build/target/arm-linux-gnueabihf/_build/builds/destdir/x86_64-unknown-linux-gnu/arm-linux-gnueabihf/libc --enable-checking=release --disable-bootstrap --enable-languages=c,c++,fortran,lto --build=x86_64-unknown-linux-gnu --host=x86_64-unknown-linux-gnu --target=arm-linux-gnueabihf --prefix=/home/tcwg-buildslave/workspace/tcwg-make-release/builder_arch/amd64/label/tcwg-x86_64-build/target/arm-linux-gnueabihf/_build/builds/destdir/x86_64-unknown-linux-gnu
Thread model: posix
gcc version 6.4.1 20171012 (Linaro GCC 6.4-2017.11) 
configure:4359: $? = 0
configure:4348: arm-linux-gnueabihf-g++ -V >&5
arm-linux-gnueabihf-g++: error: unrecognized command line option '-V'
arm-linux-gnueabihf-g++: fatal error: no input files
compilation terminated.
configure:4359: $? = 1
configure:4348: arm-linux-gnueabihf-g++ -qversion >&5
arm-linux-gnueabihf-g++: error: unrecognized command line option '-qversion'; did you mean '--version'?
arm-linux-gnueabihf-g++: fatal error: no input files
compilation terminated.
configure:4359: $? = 1
configure:4363: checking whether we are using the GNU C++ compiler
configure:4382: arm-linux-gnueabihf-g++ -c   conftest.cpp >&5
configure:4382: $? = 0
configure:4391: result: yes
configure:4400: checking whether arm-linux-gnueabihf-g++ accepts -g
configure:4420: arm-linux-gnueabihf-g++ -c -g  conftest.cpp >&5
configure:4420: $? = 0
configure:4461: result: yes
configure:4486: checking dependency style of arm-linux-gnueabihf-g++
configure:4597: result: gcc3
configure:4641: checking build system type
configure:4655: result: x86_64-unknown-linux-gnu
configure:4675: checking host system type
configure:4688: result: arm-unknown-linux-gnueabihf
configure:4729: checking how to print strings
configure:4756: result: printf
configure:4777: checking for a sed that does not truncate output
configure:4841: result: /bin/sed
configure:4859: checking for grep that handles long lines and -e
configure:4917: result: /bin/grep
configure:4922: checking for egrep
configure:4984: result: /bin/grep -E
configure:4989: checking for fgrep
configure:5051: result: /bin/grep -F
configure:5086: checking for ld used by arm-linux-gnueabihf-gcc
configure:5153: result: arm-linux-gnueabihf-ld
configure:5160: checking if the linker (arm-linux-gnueabihf-ld) is GNU ld
configure:5175: result: yes
configure:5187: checking for BSD- or MS-compatible name lister (nm)
configure:5236: result: arm-linux-gnueabihf-nm
configure:5366: checking the name lister (arm-linux-gnueabihf-nm) interface
configure:5373: arm-linux-gnueabihf-gcc -c -g -O2  conftest.c >&5
configure:5376: arm-linux-gnueabihf-nm "conftest.o"
configure:5379: output
00000000 B some_variable
configure:5386: result: BSD nm
configure:5389: checking whether ln -s works
configure:5393: result: yes
configure:5401: checking the maximum length of command line arguments
configure:5532: result: 1572864
configure:5549: checking whether the shell understands some XSI constructs
configure:5559: result: yes
configure:5563: checking whether the shell understands "+="
configure:5569: result: yes
configure:5604: checking how to convert x86_64-unknown-linux-gnu file names to arm-unknown-linux-gnueabihf format
configure:5644: result: func_convert_file_noop
configure:5651: checking how to convert x86_64-unknown-linux-gnu file names to toolchain format
configure:5671: result: func_convert_file_noop
configure:5678: checking for arm-linux-gnueabihf-ld option to reload object files
configure:5685: result: -r
configure:5719: checking for arm-linux-gnueabihf-objdump
configure:5735: found /home/morris/SUDA_V3S/toolchains/gcc-linaro-6.4.1-2017.11-x86_64_arm-linux-gnueabihf/bin/arm-linux-gnueabihf-objdump
configure:5746: result: arm-linux-gnueabihf-objdump
configure:5818: checking how to recognize dependent libraries
configure:6016: result: pass_all
configure:6061: checking for arm-linux-gnueabihf-dlltool
configure:6091: result: no
configure:6101: checking for dlltool
configure:6131: result: no
configure:6161: checking how to associate runtime and link libraries
configure:6188: result: printf %s\n
configure:6204: checking for arm-linux-gnueabihf-ar
configure:6231: result: arm-linux-gnueabihf-ar
configure:6312: checking for archiver @FILE support
configure:6329: arm-linux-gnueabihf-gcc -c -g -O2  conftest.c >&5
configure:6329: $? = 0
configure:6332: arm-linux-gnueabihf-ar cru libconftest.a @conftest.lst >&5
configure:6335: $? = 0
configure:6340: arm-linux-gnueabihf-ar cru libconftest.a @conftest.lst >&5
arm-linux-gnueabihf-ar: conftest.o: No such file or directory
configure:6343: $? = 1
configure:6355: result: @
configure:6373: checking for arm-linux-gnueabihf-strip
configure:6400: result: arm-linux-gnueabihf-strip
configure:6472: checking for arm-linux-gnueabihf-ranlib
configure:6499: result: arm-linux-gnueabihf-ranlib
configure:6641: checking command to parse arm-linux-gnueabihf-nm output from arm-linux-gnueabihf-gcc object
configure:6761: arm-linux-gnueabihf-gcc -c -g -O2  conftest.c >&5
configure:6764: $? = 0
configure:6768: arm-linux-gnueabihf-nm conftest.o \| sed -n -e 's/^.*[ ]\([ABCDGIRSTW][ABCDGIRSTW]*\)[ ][ ]*\([_A-Za-z][_A-Za-z0-9]*\)$/\1 \2 \2/p' | sed '/ __gnu_lto/d' \> conftest.nm
configure:6771: $? = 0
configure:6837: arm-linux-gnueabihf-gcc -o conftest -g -O2   conftest.c conftstm.o >&5
configure:6840: $? = 0
configure:6878: result: ok
configure:6915: checking for sysroot
configure:6945: result: no
configure:7174: checking for arm-linux-gnueabihf-mt
configure:7204: result: no
configure:7214: checking for mt
configure:7230: found /bin/mt
configure:7241: result: mt
configure:7253: WARNING: using cross tools not prefixed with host triplet
configure:7264: checking if mt is a manifest tool
configure:7270: mt '-?'
configure:7278: result: no
configure:7920: checking how to run the C preprocessor
configure:7951: arm-linux-gnueabihf-gcc -E  conftest.c
configure:7951: $? = 0
configure:7965: arm-linux-gnueabihf-gcc -E  conftest.c
conftest.c:11:28: fatal error: ac_nonexistent.h: No such file or directory
 #include <ac_nonexistent.h>
                            ^
compilation terminated.
configure:7965: $? = 1
configure: failed program was:
| /* confdefs.h */
| #define PACKAGE_NAME "ethercat"
| #define PACKAGE_TARNAME "ethercat"
| #define PACKAGE_VERSION "1.5.2-sncn-5"
| #define PACKAGE_STRING "ethercat 1.5.2-sncn-5"
| #define PACKAGE_BUGREPORT "fp@igh-essen.com"
| #define PACKAGE_URL ""
| #define PACKAGE "ethercat"
| #define VERSION "1.5.2-sncn-5"
| /* end confdefs.h.  */
| #include <ac_nonexistent.h>
configure:7990: result: arm-linux-gnueabihf-gcc -E
configure:8010: arm-linux-gnueabihf-gcc -E  conftest.c
configure:8010: $? = 0
configure:8024: arm-linux-gnueabihf-gcc -E  conftest.c
conftest.c:11:28: fatal error: ac_nonexistent.h: No such file or directory
 #include <ac_nonexistent.h>
                            ^
compilation terminated.
configure:8024: $? = 1
configure: failed program was:
| /* confdefs.h */
| #define PACKAGE_NAME "ethercat"
| #define PACKAGE_TARNAME "ethercat"
| #define PACKAGE_VERSION "1.5.2-sncn-5"
| #define PACKAGE_STRING "ethercat 1.5.2-sncn-5"
| #define PACKAGE_BUGREPORT "fp@igh-essen.com"
| #define PACKAGE_URL ""
| #define PACKAGE "ethercat"
| #define VERSION "1.5.2-sncn-5"
| /* end confdefs.h.  */
| #include <ac_nonexistent.h>
configure:8053: checking for ANSI C header files
configure:8073: arm-linux-gnueabihf-gcc -c -g -O2  conftest.c >&5
configure:8073: $? = 0
configure:8157: result: yes
configure:8170: checking for sys/types.h
configure:8170: arm-linux-gnueabihf-gcc -c -g -O2  conftest.c >&5
configure:8170: $? = 0
configure:8170: result: yes
configure:8170: checking for sys/stat.h
configure:8170: arm-linux-gnueabihf-gcc -c -g -O2  conftest.c >&5
configure:8170: $? = 0
configure:8170: result: yes
configure:8170: checking for stdlib.h
configure:8170: arm-linux-gnueabihf-gcc -c -g -O2  conftest.c >&5
configure:8170: $? = 0
configure:8170: result: yes
configure:8170: checking for string.h
configure:8170: arm-linux-gnueabihf-gcc -c -g -O2  conftest.c >&5
configure:8170: $? = 0
configure:8170: result: yes
configure:8170: checking for memory.h
configure:8170: arm-linux-gnueabihf-gcc -c -g -O2  conftest.c >&5
configure:8170: $? = 0
configure:8170: result: yes
configure:8170: checking for strings.h
configure:8170: arm-linux-gnueabihf-gcc -c -g -O2  conftest.c >&5
configure:8170: $? = 0
configure:8170: result: yes
configure:8170: checking for inttypes.h
configure:8170: arm-linux-gnueabihf-gcc -c -g -O2  conftest.c >&5
configure:8170: $? = 0
configure:8170: result: yes
configure:8170: checking for stdint.h
configure:8170: arm-linux-gnueabihf-gcc -c -g -O2  conftest.c >&5
configure:8170: $? = 0
configure:8170: result: yes
configure:8170: checking for unistd.h
configure:8170: arm-linux-gnueabihf-gcc -c -g -O2  conftest.c >&5
configure:8170: $? = 0
configure:8170: result: yes
configure:8184: checking for dlfcn.h
configure:8184: arm-linux-gnueabihf-gcc -c -g -O2  conftest.c >&5
configure:8184: $? = 0
configure:8184: result: yes
configure:8401: checking for objdir
configure:8416: result: .libs
configure:8687: checking if arm-linux-gnueabihf-gcc supports -fno-rtti -fno-exceptions
configure:8705: arm-linux-gnueabihf-gcc -c -g -O2  -fno-rtti -fno-exceptions conftest.c >&5
cc1: warning: command line option '-fno-rtti' is valid for C++/ObjC++ but not for C
configure:8709: $? = 0
configure:8722: result: no
configure:9049: checking for arm-linux-gnueabihf-gcc option to produce PIC
configure:9056: result: -fPIC -DPIC
configure:9064: checking if arm-linux-gnueabihf-gcc PIC flag -fPIC -DPIC works
configure:9082: arm-linux-gnueabihf-gcc -c -g -O2  -fPIC -DPIC -DPIC conftest.c >&5
configure:9086: $? = 0
configure:9099: result: yes
configure:9128: checking if arm-linux-gnueabihf-gcc static flag -static works
configure:9156: result: yes
configure:9171: checking if arm-linux-gnueabihf-gcc supports -c -o file.o
configure:9192: arm-linux-gnueabihf-gcc -c -g -O2  -o out/conftest2.o conftest.c >&5
configure:9196: $? = 0
configure:9218: result: yes
configure:9226: checking if arm-linux-gnueabihf-gcc supports -c -o file.o
configure:9273: result: yes
configure:9306: checking whether the arm-linux-gnueabihf-gcc linker (arm-linux-gnueabihf-ld) supports shared libraries
configure:10463: result: yes
configure:10500: checking whether -lc should be explicitly linked in
configure:10508: arm-linux-gnueabihf-gcc -c -g -O2  conftest.c >&5
configure:10511: $? = 0
configure:10526: arm-linux-gnueabihf-gcc -shared  -fPIC -DPIC conftest.o  -v -Wl,-soname -Wl,conftest -o conftest 2\>\&1 \| /bin/grep  -lc  \>/dev/null 2\>\&1
configure:10529: $? = 0
configure:10543: result: no
configure:10703: checking dynamic linker characteristics
configure:11203: arm-linux-gnueabihf-gcc -o conftest -g -O2   -Wl,-rpath -Wl,/foo conftest.c  >&5
configure:11203: $? = 0
configure:11437: result: GNU/Linux ld.so
configure:11544: checking how to hardcode library paths into programs
configure:11569: result: immediate
configure:12109: checking whether stripping libraries is possible
configure:12114: result: yes
configure:12149: checking if libtool supports shared libraries
configure:12151: result: yes
configure:12154: checking whether to build shared libraries
configure:12175: result: yes
configure:12178: checking whether to build static libraries
configure:12182: result: yes
configure:12205: checking how to run the C++ preprocessor
configure:12232: arm-linux-gnueabihf-g++ -E  conftest.cpp
configure:12232: $? = 0
configure:12246: arm-linux-gnueabihf-g++ -E  conftest.cpp
conftest.cpp:23:28: fatal error: ac_nonexistent.h: No such file or directory
 #include <ac_nonexistent.h>
                            ^
compilation terminated.
configure:12246: $? = 1
configure: failed program was:
| /* confdefs.h */
| #define PACKAGE_NAME "ethercat"
| #define PACKAGE_TARNAME "ethercat"
| #define PACKAGE_VERSION "1.5.2-sncn-5"
| #define PACKAGE_STRING "ethercat 1.5.2-sncn-5"
| #define PACKAGE_BUGREPORT "fp@igh-essen.com"
| #define PACKAGE_URL ""
| #define PACKAGE "ethercat"
| #define VERSION "1.5.2-sncn-5"
| #define STDC_HEADERS 1
| #define HAVE_SYS_TYPES_H 1
| #define HAVE_SYS_STAT_H 1
| #define HAVE_STDLIB_H 1
| #define HAVE_STRING_H 1
| #define HAVE_MEMORY_H 1
| #define HAVE_STRINGS_H 1
| #define HAVE_INTTYPES_H 1
| #define HAVE_STDINT_H 1
| #define HAVE_UNISTD_H 1
| #define HAVE_DLFCN_H 1
| #define LT_OBJDIR ".libs/"
| /* end confdefs.h.  */
| #include <ac_nonexistent.h>
configure:12271: result: arm-linux-gnueabihf-g++ -E
configure:12291: arm-linux-gnueabihf-g++ -E  conftest.cpp
configure:12291: $? = 0
configure:12305: arm-linux-gnueabihf-g++ -E  conftest.cpp
conftest.cpp:23:28: fatal error: ac_nonexistent.h: No such file or directory
 #include <ac_nonexistent.h>
                            ^
compilation terminated.
configure:12305: $? = 1
configure: failed program was:
| /* confdefs.h */
| #define PACKAGE_NAME "ethercat"
| #define PACKAGE_TARNAME "ethercat"
| #define PACKAGE_VERSION "1.5.2-sncn-5"
| #define PACKAGE_STRING "ethercat 1.5.2-sncn-5"
| #define PACKAGE_BUGREPORT "fp@igh-essen.com"
| #define PACKAGE_URL ""
| #define PACKAGE "ethercat"
| #define VERSION "1.5.2-sncn-5"
| #define STDC_HEADERS 1
| #define HAVE_SYS_TYPES_H 1
| #define HAVE_SYS_STAT_H 1
| #define HAVE_STDLIB_H 1
| #define HAVE_STRING_H 1
| #define HAVE_MEMORY_H 1
| #define HAVE_STRINGS_H 1
| #define HAVE_INTTYPES_H 1
| #define HAVE_STDINT_H 1
| #define HAVE_UNISTD_H 1
| #define HAVE_DLFCN_H 1
| #define LT_OBJDIR ".libs/"
| /* end confdefs.h.  */
| #include <ac_nonexistent.h>
configure:12474: checking for ld used by arm-linux-gnueabihf-g++
configure:12541: result: arm-linux-gnueabihf-ld
configure:12548: checking if the linker (arm-linux-gnueabihf-ld) is GNU ld
configure:12563: result: yes
configure:12618: checking whether the arm-linux-gnueabihf-g++ linker (arm-linux-gnueabihf-ld) supports shared libraries
configure:13620: result: yes
configure:13656: arm-linux-gnueabihf-g++ -c -g -O2  conftest.cpp >&5
configure:13659: $? = 0
configure:14179: checking for arm-linux-gnueabihf-g++ option to produce PIC
configure:14186: result: -fPIC -DPIC
configure:14194: checking if arm-linux-gnueabihf-g++ PIC flag -fPIC -DPIC works
configure:14212: arm-linux-gnueabihf-g++ -c -g -O2  -fPIC -DPIC -DPIC conftest.cpp >&5
configure:14216: $? = 0
configure:14229: result: yes
configure:14252: checking if arm-linux-gnueabihf-g++ static flag -static works
configure:14280: result: yes
configure:14292: checking if arm-linux-gnueabihf-g++ supports -c -o file.o
configure:14313: arm-linux-gnueabihf-g++ -c -g -O2  -o out/conftest2.o conftest.cpp >&5
configure:14317: $? = 0
configure:14339: result: yes
configure:14344: checking if arm-linux-gnueabihf-g++ supports -c -o file.o
configure:14391: result: yes
configure:14421: checking whether the arm-linux-gnueabihf-g++ linker (arm-linux-gnueabihf-ld) supports shared libraries
configure:14460: result: yes
configure:14601: checking dynamic linker characteristics
configure:15269: result: GNU/Linux ld.so
configure:15322: checking how to hardcode library paths into programs
configure:15347: result: immediate
configure:15413: checking whether to build kernel modules
configure:15435: result: yes
configure:15479: checking for Linux kernel sources
configure:15516: result: /home/morris/SUDA_V3S/kernel/linux-zero-4.13.y/ (Kernel 4.13)
configure:15537: checking for Linux modules installation directory
configure:15539: result: ethercat
configure:15949: checking whether to build the CCAT driver
configure:15974: result: no
configure:16009: checking for RTAI path
configure:16013: result: not specified.
configure:16064: checking for Xenomai path
configure:16068: result: not specified.
configure:16133: checking whether to build RTDM interface
configure:16143: result: no
configure:16162: checking whether to build the debug interface
configure:16190: result: no
configure:16209: checking whether to build the debug ring
configure:16237: result: no
configure:16245: checking whether to build with EoE support
configure:16270: result: yes
configure:16292: checking whether to use the CPU timestamp counter
configure:16320: result: no
configure:16328: checking whether to use high-resolution timers for scheduling
configure:16356: result: no
configure:16364: checking whether to read alias addresses from registers
configure:16392: result: no
configure:16400: checking whether to force the reference clock to OP
configure:16428: result: no
configure:16436: checking whether to build the command-line tool
configure:16458: result: yes
configure:16478: checking whether to build the userspace library
configure:16500: result: yes
configure:16520: checking whether to build the ethercat wrapper library
configure:16542: result: yes
configure:16562: checking whether to build the tty driver
configure:16587: result: no
configure:16606: checking whether to allow identification wildcards
configure:16634: result: no
configure:16656: checking for number of Ethernet devices
configure:16666: result: 1 (Redundancy disabled)
configure:16681: checking whether to assign the SII to PDI
configure:16709: result: no
configure:16717: checking whether to syslog in realtime context
configure:16742: result: yes
configure:16753: checking whether to use loop control registers
configure:16781: result: no
configure:16898: checking that generated files are newer than configure
configure:16904: result: done
configure:16999: creating ./config.status

## ---------------------- ##
## Running config.status. ##
## ---------------------- ##

This file was extended by ethercat config.status 1.5.2-sncn-5, which was
generated by GNU Autoconf 2.69.  Invocation command line was

  CONFIG_FILES    = 
  CONFIG_HEADERS  = 
  CONFIG_LINKS    = 
  CONFIG_COMMANDS = 
  $ ./config.status 

on morris

config.status:1253: creating Doxyfile
config.status:1253: creating Kbuild
config.status:1253: creating Makefile
config.status:1253: creating devices/Kbuild
config.status:1253: creating devices/Makefile
config.status:1253: creating devices/ccat/Kbuild
config.status:1253: creating devices/ccat/Makefile
config.status:1253: creating devices/e1000/Kbuild
config.status:1253: creating devices/e1000/Makefile
config.status:1253: creating devices/e1000e/Kbuild
config.status:1253: creating devices/e1000e/Makefile
config.status:1253: creating ethercat.spec
config.status:1253: creating examples/Kbuild
config.status:1253: creating examples/Makefile
config.status:1253: creating examples/dc_rtai/Kbuild
config.status:1253: creating examples/dc_rtai/Makefile
config.status:1253: creating examples/dc_user/Makefile
config.status:1253: creating examples/mini/Kbuild
config.status:1253: creating examples/mini/Makefile
config.status:1253: creating examples/rtai/Kbuild
config.status:1253: creating examples/rtai/Makefile
config.status:1253: creating examples/rtai_rtdm/Makefile
config.status:1253: creating examples/rtai_rtdm_dc/Makefile
config.status:1253: creating examples/tty/Kbuild
config.status:1253: creating examples/tty/Makefile
config.status:1253: creating examples/user/Makefile
config.status:1253: creating examples/xenomai/Makefile
config.status:1253: creating examples/xenomai_posix/Makefile
config.status:1253: creating include/Makefile
config.status:1253: creating lib/Makefile
config.status:1253: creating libethercat_wrapper/Makefile
config.status:1253: creating m4/Makefile
config.status:1253: creating master/Kbuild
config.status:1253: creating master/Makefile
config.status:1253: creating script/Makefile
config.status:1253: creating script/ethercat.service
config.status:1253: creating script/ethercatctl
config.status:1253: creating script/init.d/Makefile
config.status:1253: creating script/init.d/ethercat
config.status:1253: creating script/sysconfig/Makefile
config.status:1253: creating tool/Makefile
config.status:1253: creating tty/Kbuild
config.status:1253: creating tty/Makefile
config.status:1253: creating config.h
config.status:1434: config.h is unchanged
config.status:1482: executing depfiles commands
config.status:1482: executing libtool commands

## ---------------- ##
## Cache variables. ##
## ---------------- ##

ac_cv_build=x86_64-unknown-linux-gnu
ac_cv_c_compiler_gnu=yes
ac_cv_cxx_compiler_gnu=yes
ac_cv_env_CCC_set=
ac_cv_env_CCC_value=
ac_cv_env_CC_set=set
ac_cv_env_CC_value=arm-linux-gnueabihf-gcc
ac_cv_env_CFLAGS_set=
ac_cv_env_CFLAGS_value=
ac_cv_env_CPPFLAGS_set=
ac_cv_env_CPPFLAGS_value=
ac_cv_env_CPP_set=
ac_cv_env_CPP_value=
ac_cv_env_CXXCPP_set=
ac_cv_env_CXXCPP_value=
ac_cv_env_CXXFLAGS_set=
ac_cv_env_CXXFLAGS_value=
ac_cv_env_CXX_set=
ac_cv_env_CXX_value=
ac_cv_env_LDFLAGS_set=
ac_cv_env_LDFLAGS_value=
ac_cv_env_LIBS_set=
ac_cv_env_LIBS_value=
ac_cv_env_build_alias_set=
ac_cv_env_build_alias_value=
ac_cv_env_host_alias_set=set
ac_cv_env_host_alias_value=arm-linux-gnueabihf
ac_cv_env_target_alias_set=
ac_cv_env_target_alias_value=
ac_cv_header_dlfcn_h=yes
ac_cv_header_inttypes_h=yes
ac_cv_header_memory_h=yes
ac_cv_header_stdc=yes
ac_cv_header_stdint_h=yes
ac_cv_header_stdlib_h=yes
ac_cv_header_string_h=yes
ac_cv_header_strings_h=yes
ac_cv_header_sys_stat_h=yes
ac_cv_header_sys_types_h=yes
ac_cv_header_unistd_h=yes
ac_cv_host=arm-unknown-linux-gnueabihf
ac_cv_objext=o
ac_cv_path_EGREP='/bin/grep -E'
ac_cv_path_FGREP='/bin/grep -F'
ac_cv_path_GREP=/bin/grep
ac_cv_path_SED=/bin/sed
ac_cv_path_install='/usr/bin/install -c'
ac_cv_path_mkdir=/bin/mkdir
ac_cv_prog_AR=arm-linux-gnueabihf-ar
ac_cv_prog_AWK=gawk
ac_cv_prog_CC=arm-linux-gnueabihf-gcc
ac_cv_prog_CPP='arm-linux-gnueabihf-gcc -E'
ac_cv_prog_CXX=arm-linux-gnueabihf-g++
ac_cv_prog_CXXCPP='arm-linux-gnueabihf-g++ -E'
ac_cv_prog_OBJDUMP=arm-linux-gnueabihf-objdump
ac_cv_prog_RANLIB=arm-linux-gnueabihf-ranlib
ac_cv_prog_STRIP=arm-linux-gnueabihf-strip
ac_cv_prog_ac_ct_MANIFEST_TOOL=mt
ac_cv_prog_cc_c89=
ac_cv_prog_cc_g=yes
ac_cv_prog_cxx_g=yes
ac_cv_prog_make_make_set=yes
am_cv_CC_dependencies_compiler_type=gcc3
am_cv_CXX_dependencies_compiler_type=gcc3
am_cv_ar_interface=ar
am_cv_make_support_nested_variables=yes
am_cv_prog_cc_c_o=yes
lt_cv_ar_at_file=@
lt_cv_archive_cmds_need_lc=no
lt_cv_deplibs_check_method=pass_all
lt_cv_file_magic_cmd='$MAGIC_CMD'
lt_cv_file_magic_test_file=
lt_cv_ld_reload_flag=-r
lt_cv_nm_interface='BSD nm'
lt_cv_objdir=.libs
lt_cv_path_LD=arm-linux-gnueabihf-ld
lt_cv_path_LDCXX=arm-linux-gnueabihf-ld
lt_cv_path_NM=arm-linux-gnueabihf-nm
lt_cv_path_mainfest_tool=no
lt_cv_prog_compiler_c_o=yes
lt_cv_prog_compiler_c_o_CXX=yes
lt_cv_prog_compiler_pic='-fPIC -DPIC'
lt_cv_prog_compiler_pic_CXX='-fPIC -DPIC'
lt_cv_prog_compiler_pic_works=yes
lt_cv_prog_compiler_pic_works_CXX=yes
lt_cv_prog_compiler_rtti_exceptions=no
lt_cv_prog_compiler_static_works=yes
lt_cv_prog_compiler_static_works_CXX=yes
lt_cv_prog_gnu_ld=yes
lt_cv_prog_gnu_ldcxx=yes
lt_cv_sharedlib_from_linklib_cmd='printf %s\n'
lt_cv_shlibpath_overrides_runpath=no
lt_cv_sys_global_symbol_pipe='sed -n -e '\''s/^.*[	 ]\([ABCDGIRSTW][ABCDGIRSTW]*\)[	 ][	 ]*\([_A-Za-z][_A-Za-z0-9]*\)$/\1 \2 \2/p'\'' | sed '\''/ __gnu_lto/d'\'''
lt_cv_sys_global_symbol_to_c_name_address='sed -n -e '\''s/^: \([^ ]*\)[ ]*$/  {\"\1\", (void *) 0},/p'\'' -e '\''s/^[ABCDGIRSTW]* \([^ ]*\) \([^ ]*\)$/  {"\2", (void *) \&\2},/p'\'''
lt_cv_sys_global_symbol_to_c_name_address_lib_prefix='sed -n -e '\''s/^: \([^ ]*\)[ ]*$/  {\"\1\", (void *) 0},/p'\'' -e '\''s/^[ABCDGIRSTW]* \([^ ]*\) \(lib[^ ]*\)$/  {"\2", (void *) \&\2},/p'\'' -e '\''s/^[ABCDGIRSTW]* \([^ ]*\) \([^ ]*\)$/  {"lib\2", (void *) \&\2},/p'\'''
lt_cv_sys_global_symbol_to_cdecl='sed -n -e '\''s/^T .* \(.*\)$/extern int \1();/p'\'' -e '\''s/^[ABCDGIRSTW]* .* \(.*\)$/extern char \1;/p'\'''
lt_cv_sys_max_cmd_len=1572864
lt_cv_to_host_file_cmd=func_convert_file_noop
lt_cv_to_tool_file_cmd=func_convert_file_noop

## ----------------- ##
## Output variables. ##
## ----------------- ##

ACLOCAL='${SHELL} /home/morris/SUDA_V3S/3rdpart/ethercat-1.5.2-sncn-5/autoconf/missing aclocal-1.14'
AMDEPBACKSLASH='\'
AMDEP_FALSE='#'
AMDEP_TRUE=''
AMTAR='$${TAR-tar}'
AM_BACKSLASH='\'
AM_DEFAULT_V='$(AM_DEFAULT_VERBOSITY)'
AM_DEFAULT_VERBOSITY='1'
AM_V='$(V)'
AR='arm-linux-gnueabihf-ar'
AUTOCONF='${SHELL} /home/morris/SUDA_V3S/3rdpart/ethercat-1.5.2-sncn-5/autoconf/missing autoconf'
AUTOHEADER='${SHELL} /home/morris/SUDA_V3S/3rdpart/ethercat-1.5.2-sncn-5/autoconf/missing autoheader'
AUTOMAKE='${SHELL} /home/morris/SUDA_V3S/3rdpart/ethercat-1.5.2-sncn-5/autoconf/missing automake-1.14'
AWK='gawk'
BUILD_TOOL_FALSE='#'
BUILD_TOOL_TRUE=''
CC='arm-linux-gnueabihf-gcc'
CCDEPMODE='depmode=gcc3'
CFLAGS='-g -O2'
CPP='arm-linux-gnueabihf-gcc -E'
CPPFLAGS=''
CXX='arm-linux-gnueabihf-g++'
CXXCPP='arm-linux-gnueabihf-g++ -E'
CXXDEPMODE='depmode=gcc3'
CXXFLAGS='-g -O2'
CYGPATH_W='echo'
DEFS='-DHAVE_CONFIG_H'
DEPDIR='.deps'
DLLTOOL='false'
DSYMUTIL=''
DUMPBIN=''
E1000E_LAYOUT='0'
ECHO_C=''
ECHO_N='-n'
ECHO_T=''
EGREP='/bin/grep -E'
ENABLE_8139TOO='0'
ENABLE_8139TOO_FALSE=''
ENABLE_8139TOO_TRUE='#'
ENABLE_CCAT='0'
ENABLE_CCAT_FALSE=''
ENABLE_CCAT_TRUE='#'
ENABLE_DEBUG_IF='0'
ENABLE_DEBUG_IF_FALSE=''
ENABLE_DEBUG_IF_TRUE='#'
ENABLE_E1000='0'
ENABLE_E1000E='0'
ENABLE_E1000E_FALSE=''
ENABLE_E1000E_TRUE='#'
ENABLE_E1000_FALSE=''
ENABLE_E1000_TRUE='#'
ENABLE_E100='0'
ENABLE_E100_FALSE=''
ENABLE_E100_TRUE='#'
ENABLE_EOE='1'
ENABLE_EOE_FALSE='#'
ENABLE_EOE_TRUE=''
ENABLE_GENERIC='1'
ENABLE_GENERIC_FALSE='#'
ENABLE_GENERIC_TRUE=''
ENABLE_KERNEL='1'
ENABLE_KERNEL_FALSE='#'
ENABLE_KERNEL_TRUE=''
ENABLE_R8169='0'
ENABLE_R8169_FALSE=''
ENABLE_R8169_TRUE='#'
ENABLE_RTAI='0'
ENABLE_RTAI_FALSE=''
ENABLE_RTAI_TRUE='#'
ENABLE_RTDM='0'
ENABLE_RTDM_FALSE=''
ENABLE_RTDM_TRUE='#'
ENABLE_TTY='0'
ENABLE_TTY_FALSE=''
ENABLE_TTY_TRUE='#'
ENABLE_USERLIB_FALSE='#'
ENABLE_USERLIB_TRUE=''
ENABLE_XENOMAI='0'
ENABLE_XENOMAI_FALSE=''
ENABLE_XENOMAI_TRUE='#'
EXEEXT=''
FGREP='/bin/grep -F'
GREP='/bin/grep'
INSTALL_DATA='${INSTALL} -m 644'
INSTALL_MOD_DIR='ethercat'
INSTALL_PROGRAM='${INSTALL}'
INSTALL_SCRIPT='${INSTALL}'
INSTALL_STRIP_PROGRAM='$(install_sh) -c -s'
KERNEL_8139TOO='4.13'
KERNEL_E1000='4.13'
KERNEL_E1000E='4.13'
KERNEL_E100='4.13'
KERNEL_R8169='4.13'
LD='arm-linux-gnueabihf-ld'
LDFLAGS=''
LIBETHERCAT_WRAPPER_VERSION=''
LIBOBJS=''
LIBS=''
LIBTOOL='$(SHELL) $(top_builddir)/libtool'
LINUX_SOURCE_DIR='/home/morris/SUDA_V3S/kernel/linux-zero-4.13.y/'
LIPO=''
LN_S='ln -s'
LTLIBOBJS=''
MAKEINFO='${SHELL} /home/morris/SUDA_V3S/3rdpart/ethercat-1.5.2-sncn-5/autoconf/missing makeinfo'
MANIFEST_TOOL=':'
MKDIR_P='/bin/mkdir -p'
NM='arm-linux-gnueabihf-nm'
NMEDIT=''
OBJDUMP='arm-linux-gnueabihf-objdump'
OBJEXT='o'
OTOOL64=''
OTOOL=''
PACKAGE='ethercat'
PACKAGE_BUGREPORT='fp@igh-essen.com'
PACKAGE_NAME='ethercat'
PACKAGE_STRING='ethercat 1.5.2-sncn-5'
PACKAGE_TARNAME='ethercat'
PACKAGE_URL=''
PACKAGE_VERSION='1.5.2-sncn-5'
PATH_SEPARATOR=':'
RANLIB='arm-linux-gnueabihf-ranlib'
RTAI_DIR=''
RTAI_LXRT_CFLAGS=''
RTAI_LXRT_LDFLAGS=''
SED='/bin/sed'
SET_MAKE=''
SHELL='/bin/bash'
STRIP='arm-linux-gnueabihf-strip'
VERSION='1.5.2-sncn-5'
XENOMAI_DIR=''
XENOMAI_NATIVE_CFLAGS=''
XENOMAI_NATIVE_LDFLAGS=''
XENOMAI_POSIX_CFLAGS=''
XENOMAI_POSIX_LDFLAGS=''
XENOMAI_RTDM_CFLAGS=''
XENOMAI_RTDM_LDFLAGS=''
ac_ct_AR=''
ac_ct_CC=''
ac_ct_CXX=''
ac_ct_DUMPBIN=''
am__EXEEXT_FALSE=''
am__EXEEXT_TRUE='#'
am__fastdepCC_FALSE='#'
am__fastdepCC_TRUE=''
am__fastdepCXX_FALSE='#'
am__fastdepCXX_TRUE=''
am__include='include'
am__isrc=''
am__leading_dot='.'
am__nodep='_no'
am__quote=''
am__tar='$${TAR-tar} chof - "$$tardir"'
am__untar='$${TAR-tar} xf -'
bindir='${exec_prefix}/bin'
build='x86_64-unknown-linux-gnu'
build_alias=''
build_cpu='x86_64'
build_os='linux-gnu'
build_vendor='unknown'
datadir='${datarootdir}'
datarootdir='${prefix}/share'
docdir='${datarootdir}/doc/${PACKAGE_TARNAME}'
dvidir='${docdir}'
exec_prefix='${prefix}'
host='arm-unknown-linux-gnueabihf'
host_alias='arm-linux-gnueabihf'
host_cpu='arm'
host_os='linux-gnueabihf'
host_vendor='unknown'
htmldir='${docdir}'
includedir='${prefix}/include'
infodir='${datarootdir}/info'
install_sh='${SHELL} /home/morris/SUDA_V3S/3rdpart/ethercat-1.5.2-sncn-5/autoconf/install-sh'
libdir='${exec_prefix}/lib'
libexecdir='${exec_prefix}/libexec'
localedir='${datarootdir}/locale'
localstatedir='${prefix}/var'
mandir='${datarootdir}/man'
mkdir_p='$(MKDIR_P)'
oldincludedir='/usr/include'
pdfdir='${docdir}'
prefix='/home/morris/SUDA_V3S/3rdpart/ethercat-1.5.2-sncn-5/out'
program_transform_name='s,x,x,'
psdir='${docdir}'
sbindir='${exec_prefix}/sbin'
sharedstatedir='${prefix}/com'
sysconfdir='${prefix}/etc'
target_alias=''

## ----------- ##
## confdefs.h. ##
## ----------- ##

/* confdefs.h */
#define PACKAGE_NAME "ethercat"
#define PACKAGE_TARNAME "ethercat"
#define PACKAGE_VERSION "1.5.2-sncn-5"
#define PACKAGE_STRING "ethercat 1.5.2-sncn-5"
#define PACKAGE_BUGREPORT "fp@igh-essen.com"
#define PACKAGE_URL ""
#define PACKAGE "ethercat"
#define VERSION "1.5.2-sncn-5"
#define STDC_HEADERS 1
#define HAVE_SYS_TYPES_H 1
#define HAVE_SYS_STAT_H 1
#define HAVE_STDLIB_H 1
#define HAVE_STRING_H 1
#define HAVE_MEMORY_H 1
#define HAVE_STRINGS_H 1
#define HAVE_INTTYPES_H 1
#define HAVE_STDINT_H 1
#define HAVE_UNISTD_H 1
#define HAVE_DLFCN_H 1
#define LT_OBJDIR ".libs/"
#define EC_EOE 1
#define EC_MAX_NUM_DEVICES 1
#define EC_RT_SYSLOG 1

configure: exit 0
